<?xml version="1.0" encoding="UTF-8"?>
<robot generator="Rebot 5.0.1 (Python 3.10.5 on win32)" generated="20221012 20:43:10.909" rpa="false" schemaversion="3">
<suite id="s1" name="Suites">
<suite id="s1-s1" name="TC1 LoginPage" source="C:\Users\AnkitKumar\PycharmProjects\SauceDemoRobotFramework\TestCases\TC1_LoginPage.robot">
<test id="s1-s1-t1" name="Login in the website" line="11">
<kw name="Open my Browser" library="CommonPage" type="SETUP">
<kw name="Open Browser" library="SeleniumLibrary">
<arg>${site}</arg>
<arg>${browser}</arg>
<doc>Opens a new browser instance to the optional ``url``.</doc>
<msg timestamp="20221012 20:42:01.833" level="INFO">Opening browser 'headlessChrome' to base url 'https://www.saucedemo.com/'.</msg>
<status status="PASS" starttime="20221012 20:42:01.832" endtime="20221012 20:42:08.891"/>
</kw>
<kw name="Maximize Browser Window" library="SeleniumLibrary">
<doc>Maximizes current browser window.</doc>
<status status="PASS" starttime="20221012 20:42:08.891" endtime="20221012 20:42:09.012"/>
</kw>
<status status="PASS" starttime="20221012 20:42:01.831" endtime="20221012 20:42:09.013"/>
</kw>
<kw name="Enter Login Credentials and verfiy the page" library="LoginPage">
<kw name="Set Selenium Implicit Wait" library="SeleniumLibrary">
<arg>10</arg>
<doc>Sets the implicit wait value used by Selenium.</doc>
<status status="PASS" starttime="20221012 20:42:09.014" endtime="20221012 20:42:09.016"/>
</kw>
<kw name="Input Text" library="SeleniumLibrary">
<arg>${txt_username}</arg>
<arg>${username}</arg>
<doc>Types the given ``text`` into the text field identified by ``locator``.</doc>
<msg timestamp="20221012 20:42:09.017" level="INFO">Typing text 'standard_user' into text field '//input[@placeholder='Username']'.</msg>
<status status="PASS" starttime="20221012 20:42:09.016" endtime="20221012 20:42:09.264"/>
</kw>
<kw name="Input Password" library="SeleniumLibrary">
<arg>${txt_password}</arg>
<arg>${password}</arg>
<doc>Types the given password into the text field identified by ``locator``.</doc>
<msg timestamp="20221012 20:42:09.265" level="INFO">Typing password into text field '//input[@placeholder='Password']'.</msg>
<msg timestamp="20221012 20:42:09.368" level="INFO">Temporally setting log level to: NONE</msg>
<msg timestamp="20221012 20:42:09.491" level="INFO">Log level changed from NONE to INFO.</msg>
<status status="PASS" starttime="20221012 20:42:09.264" endtime="20221012 20:42:09.491"/>
</kw>
<kw name="Click Element" library="SeleniumLibrary">
<arg>${btn_login}</arg>
<doc>Click the element identified by ``locator``.</doc>
<msg timestamp="20221012 20:42:09.492" level="INFO">Clicking element '//input[@type='submit']'.</msg>
<status status="PASS" starttime="20221012 20:42:09.491" endtime="20221012 20:42:09.631"/>
</kw>
<kw name="Page Should Contain" library="SeleniumLibrary">
<arg>Sauce Labs</arg>
<doc>Verifies that current page contains ``text``.</doc>
<msg timestamp="20221012 20:42:09.652" level="INFO">Current page contains text 'Sauce Labs'.</msg>
<status status="PASS" starttime="20221012 20:42:09.632" endtime="20221012 20:42:09.652"/>
</kw>
<status status="PASS" starttime="20221012 20:42:09.013" endtime="20221012 20:42:09.653"/>
</kw>
<kw name="Logout from the website" library="LogoutPage">
<kw name="Click Button" library="SeleniumLibrary">
<arg>${btn_menu}</arg>
<doc>Clicks the button identified by ``locator``.</doc>
<msg timestamp="20221012 20:42:09.655" level="INFO">Clicking button '//button[@id='react-burger-menu-btn']'.</msg>
<status status="PASS" starttime="20221012 20:42:09.654" endtime="20221012 20:42:09.718"/>
</kw>
<kw name="Click Link" library="SeleniumLibrary">
<arg>Logout</arg>
<doc>Clicks a link identified by ``locator``.</doc>
<msg timestamp="20221012 20:42:09.719" level="INFO">Clicking link 'Logout'.</msg>
<status status="PASS" starttime="20221012 20:42:09.718" endtime="20221012 20:42:09.836"/>
</kw>
<status status="PASS" starttime="20221012 20:42:09.653" endtime="20221012 20:42:09.837"/>
</kw>
<kw name="Close My Browser" library="CommonPage" type="TEARDOWN">
<kw name="Close All Browsers" library="SeleniumLibrary">
<doc>Closes all open browsers and resets the browser cache.</doc>
<status status="PASS" starttime="20221012 20:42:09.838" endtime="20221012 20:42:11.929"/>
</kw>
<status status="PASS" starttime="20221012 20:42:09.837" endtime="20221012 20:42:11.930"/>
</kw>
<status status="PASS" starttime="20221012 20:42:01.830" endtime="20221012 20:42:11.930"/>
</test>
<status status="PASS" starttime="20221012 20:42:01.479" endtime="20221012 20:42:11.932"/>
</suite>
<suite id="s1-s2" name="TC2 AddProductPage" source="C:\Users\AnkitKumar\PycharmProjects\SauceDemoRobotFramework\TestCases\TC2_AddProductPage.robot">
<test id="s1-s2-t1" name="Add Product to Cart" line="12">
<kw name="Open my Browser" library="CommonPage" type="SETUP">
<kw name="Open Browser" library="SeleniumLibrary">
<arg>${site}</arg>
<arg>${browser}</arg>
<doc>Opens a new browser instance to the optional ``url``.</doc>
<msg timestamp="20221012 20:42:01.845" level="INFO">Opening browser 'headlessChrome' to base url 'https://www.saucedemo.com/'.</msg>
<status status="PASS" starttime="20221012 20:42:01.844" endtime="20221012 20:42:08.800"/>
</kw>
<kw name="Maximize Browser Window" library="SeleniumLibrary">
<doc>Maximizes current browser window.</doc>
<status status="PASS" starttime="20221012 20:42:08.800" endtime="20221012 20:42:08.917"/>
</kw>
<status status="PASS" starttime="20221012 20:42:01.843" endtime="20221012 20:42:08.918"/>
</kw>
<kw name="Enter Login Credentials and verfiy the page" library="LoginPage">
<kw name="Set Selenium Implicit Wait" library="SeleniumLibrary">
<arg>10</arg>
<doc>Sets the implicit wait value used by Selenium.</doc>
<status status="PASS" starttime="20221012 20:42:08.919" endtime="20221012 20:42:08.921"/>
</kw>
<kw name="Input Text" library="SeleniumLibrary">
<arg>${txt_username}</arg>
<arg>${username}</arg>
<doc>Types the given ``text`` into the text field identified by ``locator``.</doc>
<msg timestamp="20221012 20:42:08.922" level="INFO">Typing text 'standard_user' into text field '//input[@placeholder='Username']'.</msg>
<status status="PASS" starttime="20221012 20:42:08.921" endtime="20221012 20:42:09.081"/>
</kw>
<kw name="Input Password" library="SeleniumLibrary">
<arg>${txt_password}</arg>
<arg>${password}</arg>
<doc>Types the given password into the text field identified by ``locator``.</doc>
<msg timestamp="20221012 20:42:09.082" level="INFO">Typing password into text field '//input[@placeholder='Password']'.</msg>
<msg timestamp="20221012 20:42:09.146" level="INFO">Temporally setting log level to: NONE</msg>
<msg timestamp="20221012 20:42:09.226" level="INFO">Log level changed from NONE to INFO.</msg>
<status status="PASS" starttime="20221012 20:42:09.081" endtime="20221012 20:42:09.226"/>
</kw>
<kw name="Click Element" library="SeleniumLibrary">
<arg>${btn_login}</arg>
<doc>Click the element identified by ``locator``.</doc>
<msg timestamp="20221012 20:42:09.227" level="INFO">Clicking element '//input[@type='submit']'.</msg>
<status status="PASS" starttime="20221012 20:42:09.226" endtime="20221012 20:42:09.477"/>
</kw>
<kw name="Page Should Contain" library="SeleniumLibrary">
<arg>Sauce Labs</arg>
<doc>Verifies that current page contains ``text``.</doc>
<msg timestamp="20221012 20:42:09.500" level="INFO">Current page contains text 'Sauce Labs'.</msg>
<status status="PASS" starttime="20221012 20:42:09.478" endtime="20221012 20:42:09.500"/>
</kw>
<status status="PASS" starttime="20221012 20:42:08.918" endtime="20221012 20:42:09.500"/>
</kw>
<kw name="Add product to the cart" library="AddProductPage">
<kw name="Get Element Count" library="SeleniumLibrary">
<var>${count}</var>
<arg>${btn_addtocart}</arg>
<doc>Returns the number of elements matching ``locator``.</doc>
<msg timestamp="20221012 20:42:09.514" level="INFO">${count} = 6</msg>
<status status="PASS" starttime="20221012 20:42:09.501" endtime="20221012 20:42:09.514"/>
</kw>
<kw name="Log To Console" library="BuiltIn">
<arg>${count}</arg>
<doc>Logs the given message to the console.</doc>
<status status="PASS" starttime="20221012 20:42:09.515" endtime="20221012 20:42:09.515"/>
</kw>
<for flavor="IN RANGE">
<var>${i}</var>
<value>1</value>
<value>${count}+1</value>
<iter>
<var name="${i}">1</var>
<kw name="Set Selenium Speed" library="SeleniumLibrary">
<arg>0</arg>
<doc>Sets the delay that is waited after each Selenium command.</doc>
<status status="PASS" starttime="20221012 20:42:09.517" endtime="20221012 20:42:09.518"/>
</kw>
<kw name="Click Element" library="SeleniumLibrary">
<arg>${btn_addtocart} [${i}]</arg>
<doc>Click the element identified by ``locator``.</doc>
<msg timestamp="20221012 20:42:09.519" level="INFO">Clicking element '(//div[@class='inventory_item_name']) [1]'.</msg>
<status status="PASS" starttime="20221012 20:42:09.518" endtime="20221012 20:42:09.583"/>
</kw>
<kw name="Click Button" library="SeleniumLibrary">
<arg>${addToCartLocator}</arg>
<doc>Clicks the button identified by ``locator``.</doc>
<msg timestamp="20221012 20:42:09.585" level="INFO">Clicking button '//button[contains(text(),'Add to cart')]'.</msg>
<status status="PASS" starttime="20221012 20:42:09.584" endtime="20221012 20:42:09.658"/>
</kw>
<kw name="Click Button" library="SeleniumLibrary">
<arg>${backToProducts}</arg>
<doc>Clicks the button identified by ``locator``.</doc>
<msg timestamp="20221012 20:42:09.660" level="INFO">Clicking button '//button[@id='back-to-products']'.</msg>
<status status="PASS" starttime="20221012 20:42:09.659" endtime="20221012 20:42:09.730"/>
</kw>
<status status="PASS" starttime="20221012 20:42:09.516" endtime="20221012 20:42:09.730"/>
</iter>
<iter>
<var name="${i}">2</var>
<kw name="Set Selenium Speed" library="SeleniumLibrary">
<arg>0</arg>
<doc>Sets the delay that is waited after each Selenium command.</doc>
<status status="PASS" starttime="20221012 20:42:09.731" endtime="20221012 20:42:09.732"/>
</kw>
<kw name="Click Element" library="SeleniumLibrary">
<arg>${btn_addtocart} [${i}]</arg>
<doc>Click the element identified by ``locator``.</doc>
<msg timestamp="20221012 20:42:09.733" level="INFO">Clicking element '(//div[@class='inventory_item_name']) [2]'.</msg>
<status status="PASS" starttime="20221012 20:42:09.732" endtime="20221012 20:42:09.776"/>
</kw>
<kw name="Click Button" library="SeleniumLibrary">
<arg>${addToCartLocator}</arg>
<doc>Clicks the button identified by ``locator``.</doc>
<msg timestamp="20221012 20:42:09.777" level="INFO">Clicking button '//button[contains(text(),'Add to cart')]'.</msg>
<status status="PASS" starttime="20221012 20:42:09.776" endtime="20221012 20:42:09.828"/>
</kw>
<kw name="Click Button" library="SeleniumLibrary">
<arg>${backToProducts}</arg>
<doc>Clicks the button identified by ``locator``.</doc>
<msg timestamp="20221012 20:42:09.829" level="INFO">Clicking button '//button[@id='back-to-products']'.</msg>
<status status="PASS" starttime="20221012 20:42:09.828" endtime="20221012 20:42:09.908"/>
</kw>
<status status="PASS" starttime="20221012 20:42:09.731" endtime="20221012 20:42:09.908"/>
</iter>
<iter>
<var name="${i}">3</var>
<kw name="Set Selenium Speed" library="SeleniumLibrary">
<arg>0</arg>
<doc>Sets the delay that is waited after each Selenium command.</doc>
<status status="PASS" starttime="20221012 20:42:09.909" endtime="20221012 20:42:09.909"/>
</kw>
<kw name="Click Element" library="SeleniumLibrary">
<arg>${btn_addtocart} [${i}]</arg>
<doc>Click the element identified by ``locator``.</doc>
<msg timestamp="20221012 20:42:09.910" level="INFO">Clicking element '(//div[@class='inventory_item_name']) [3]'.</msg>
<status status="PASS" starttime="20221012 20:42:09.910" endtime="20221012 20:42:09.951"/>
</kw>
<kw name="Click Button" library="SeleniumLibrary">
<arg>${addToCartLocator}</arg>
<doc>Clicks the button identified by ``locator``.</doc>
<msg timestamp="20221012 20:42:09.952" level="INFO">Clicking button '//button[contains(text(),'Add to cart')]'.</msg>
<status status="PASS" starttime="20221012 20:42:09.952" endtime="20221012 20:42:10.002"/>
</kw>
<kw name="Click Button" library="SeleniumLibrary">
<arg>${backToProducts}</arg>
<doc>Clicks the button identified by ``locator``.</doc>
<msg timestamp="20221012 20:42:10.003" level="INFO">Clicking button '//button[@id='back-to-products']'.</msg>
<status status="PASS" starttime="20221012 20:42:10.002" endtime="20221012 20:42:10.071"/>
</kw>
<status status="PASS" starttime="20221012 20:42:09.908" endtime="20221012 20:42:10.071"/>
</iter>
<iter>
<var name="${i}">4</var>
<kw name="Set Selenium Speed" library="SeleniumLibrary">
<arg>0</arg>
<doc>Sets the delay that is waited after each Selenium command.</doc>
<status status="PASS" starttime="20221012 20:42:10.073" endtime="20221012 20:42:10.073"/>
</kw>
<kw name="Click Element" library="SeleniumLibrary">
<arg>${btn_addtocart} [${i}]</arg>
<doc>Click the element identified by ``locator``.</doc>
<msg timestamp="20221012 20:42:10.074" level="INFO">Clicking element '(//div[@class='inventory_item_name']) [4]'.</msg>
<status status="PASS" starttime="20221012 20:42:10.074" endtime="20221012 20:42:10.119"/>
</kw>
<kw name="Click Button" library="SeleniumLibrary">
<arg>${addToCartLocator}</arg>
<doc>Clicks the button identified by ``locator``.</doc>
<msg timestamp="20221012 20:42:10.120" level="INFO">Clicking button '//button[contains(text(),'Add to cart')]'.</msg>
<status status="PASS" starttime="20221012 20:42:10.119" endtime="20221012 20:42:10.166"/>
</kw>
<kw name="Click Button" library="SeleniumLibrary">
<arg>${backToProducts}</arg>
<doc>Clicks the button identified by ``locator``.</doc>
<msg timestamp="20221012 20:42:10.167" level="INFO">Clicking button '//button[@id='back-to-products']'.</msg>
<status status="PASS" starttime="20221012 20:42:10.166" endtime="20221012 20:42:10.219"/>
</kw>
<status status="PASS" starttime="20221012 20:42:10.072" endtime="20221012 20:42:10.220"/>
</iter>
<iter>
<var name="${i}">5</var>
<kw name="Set Selenium Speed" library="SeleniumLibrary">
<arg>0</arg>
<doc>Sets the delay that is waited after each Selenium command.</doc>
<status status="PASS" starttime="20221012 20:42:10.220" endtime="20221012 20:42:10.221"/>
</kw>
<kw name="Click Element" library="SeleniumLibrary">
<arg>${btn_addtocart} [${i}]</arg>
<doc>Click the element identified by ``locator``.</doc>
<msg timestamp="20221012 20:42:10.222" level="INFO">Clicking element '(//div[@class='inventory_item_name']) [5]'.</msg>
<status status="PASS" starttime="20221012 20:42:10.222" endtime="20221012 20:42:10.295"/>
</kw>
<kw name="Click Button" library="SeleniumLibrary">
<arg>${addToCartLocator}</arg>
<doc>Clicks the button identified by ``locator``.</doc>
<msg timestamp="20221012 20:42:10.296" level="INFO">Clicking button '//button[contains(text(),'Add to cart')]'.</msg>
<status status="PASS" starttime="20221012 20:42:10.295" endtime="20221012 20:42:10.344"/>
</kw>
<kw name="Click Button" library="SeleniumLibrary">
<arg>${backToProducts}</arg>
<doc>Clicks the button identified by ``locator``.</doc>
<msg timestamp="20221012 20:42:10.345" level="INFO">Clicking button '//button[@id='back-to-products']'.</msg>
<status status="PASS" starttime="20221012 20:42:10.344" endtime="20221012 20:42:10.407"/>
</kw>
<status status="PASS" starttime="20221012 20:42:10.220" endtime="20221012 20:42:10.407"/>
</iter>
<iter>
<var name="${i}">6</var>
<kw name="Set Selenium Speed" library="SeleniumLibrary">
<arg>0</arg>
<doc>Sets the delay that is waited after each Selenium command.</doc>
<status status="PASS" starttime="20221012 20:42:10.408" endtime="20221012 20:42:10.408"/>
</kw>
<kw name="Click Element" library="SeleniumLibrary">
<arg>${btn_addtocart} [${i}]</arg>
<doc>Click the element identified by ``locator``.</doc>
<msg timestamp="20221012 20:42:10.409" level="INFO">Clicking element '(//div[@class='inventory_item_name']) [6]'.</msg>
<status status="PASS" starttime="20221012 20:42:10.409" endtime="20221012 20:42:10.448"/>
</kw>
<kw name="Click Button" library="SeleniumLibrary">
<arg>${addToCartLocator}</arg>
<doc>Clicks the button identified by ``locator``.</doc>
<msg timestamp="20221012 20:42:10.449" level="INFO">Clicking button '//button[contains(text(),'Add to cart')]'.</msg>
<status status="PASS" starttime="20221012 20:42:10.449" endtime="20221012 20:42:10.498"/>
</kw>
<kw name="Click Button" library="SeleniumLibrary">
<arg>${backToProducts}</arg>
<doc>Clicks the button identified by ``locator``.</doc>
<msg timestamp="20221012 20:42:10.499" level="INFO">Clicking button '//button[@id='back-to-products']'.</msg>
<status status="PASS" starttime="20221012 20:42:10.498" endtime="20221012 20:42:10.560"/>
</kw>
<status status="PASS" starttime="20221012 20:42:10.408" endtime="20221012 20:42:10.561"/>
</iter>
<status status="PASS" starttime="20221012 20:42:09.516" endtime="20221012 20:42:10.561"/>
</for>
<kw name="Get Text" library="SeleniumLibrary">
<var>${count}</var>
<arg>//span[@class='shopping_cart_badge']</arg>
<doc>Returns the text value of the element identified by ``locator``.</doc>
<msg timestamp="20221012 20:42:10.580" level="INFO">${count} = 6</msg>
<status status="PASS" starttime="20221012 20:42:10.561" endtime="20221012 20:42:10.580"/>
</kw>
<kw name="Log To Console" library="BuiltIn">
<arg>${count}</arg>
<doc>Logs the given message to the console.</doc>
<status status="PASS" starttime="20221012 20:42:10.581" endtime="20221012 20:42:10.581"/>
</kw>
<kw name="Should Be Equal As Integers" library="BuiltIn">
<arg>${count}</arg>
<arg>${count}</arg>
<doc>Fails if objects are unequal after converting them to integers.</doc>
<status status="PASS" starttime="20221012 20:42:10.581" endtime="20221012 20:42:10.582"/>
</kw>
<status status="PASS" starttime="20221012 20:42:09.501" endtime="20221012 20:42:10.582"/>
</kw>
<kw name="Go to cart and order" library="AddProductPage">
<kw name="Click Element" library="SeleniumLibrary">
<arg>${btn_cart}</arg>
<doc>Click the element identified by ``locator``.</doc>
<msg timestamp="20221012 20:42:10.583" level="INFO">Clicking element '//div[@class='shopping_cart_container']'.</msg>
<status status="PASS" starttime="20221012 20:42:10.583" endtime="20221012 20:42:10.626"/>
</kw>
<kw name="Click Button" library="SeleniumLibrary">
<arg>${btn_checkout}</arg>
<doc>Clicks the button identified by ``locator``.</doc>
<msg timestamp="20221012 20:42:10.627" level="INFO">Clicking button '//button[@name='checkout']'.</msg>
<status status="PASS" starttime="20221012 20:42:10.626" endtime="20221012 20:42:10.682"/>
</kw>
<kw name="Page Should Contain" library="SeleniumLibrary">
<arg>${assert_text}</arg>
<doc>Verifies that current page contains ``text``.</doc>
<msg timestamp="20221012 20:42:10.695" level="INFO">Current page contains text 'Checkout: Your Information'.</msg>
<status status="PASS" starttime="20221012 20:42:10.682" endtime="20221012 20:42:10.695"/>
</kw>
<status status="PASS" starttime="20221012 20:42:10.582" endtime="20221012 20:42:10.695"/>
</kw>
<kw name="Add Delivery Details" library="AddProductPage">
<kw name="Set Selenium Speed" library="SeleniumLibrary">
<arg>1</arg>
<doc>Sets the delay that is waited after each Selenium command.</doc>
<status status="PASS" starttime="20221012 20:42:10.696" endtime="20221012 20:42:10.696"/>
</kw>
<kw name="Input Text" library="SeleniumLibrary">
<arg>${txt_firstname}</arg>
<arg>${firstName}</arg>
<doc>Types the given ``text`` into the text field identified by ``locator``.</doc>
<msg timestamp="20221012 20:42:10.697" level="INFO">Typing text 'raman' into text field '//input[@name='firstName']'.</msg>
<status status="PASS" starttime="20221012 20:42:10.697" endtime="20221012 20:42:13.845"/>
</kw>
<kw name="Input Text" library="SeleniumLibrary">
<arg>${txt_lastname}</arg>
<arg>${lastName}</arg>
<doc>Types the given ``text`` into the text field identified by ``locator``.</doc>
<msg timestamp="20221012 20:42:13.850" level="INFO">Typing text 'yadav' into text field '//input[@name='lastName']'.</msg>
<status status="PASS" starttime="20221012 20:42:13.848" endtime="20221012 20:42:17.039"/>
</kw>
<kw name="Input Text" library="SeleniumLibrary">
<arg>${txt_pincode}</arg>
<arg>${postalCode}</arg>
<doc>Types the given ``text`` into the text field identified by ``locator``.</doc>
<msg timestamp="20221012 20:42:17.041" level="INFO">Typing text '100257' into text field '//input[@name='postalCode']'.</msg>
<status status="PASS" starttime="20221012 20:42:17.039" endtime="20221012 20:42:20.145"/>
</kw>
<kw name="Click Element" library="SeleniumLibrary">
<arg>${btn_continue}</arg>
<doc>Click the element identified by ``locator``.</doc>
<msg timestamp="20221012 20:42:20.149" level="INFO">Clicking element '//input[@name='continue']'.</msg>
<status status="PASS" starttime="20221012 20:42:20.147" endtime="20221012 20:42:22.264"/>
</kw>
<kw name="Click Button" library="SeleniumLibrary">
<arg>${btn_finish}</arg>
<doc>Clicks the button identified by ``locator``.</doc>
<msg timestamp="20221012 20:42:22.265" level="INFO">Clicking button '//button[@name='finish']'.</msg>
<status status="PASS" starttime="20221012 20:42:22.264" endtime="20221012 20:42:27.407"/>
</kw>
<kw name="Page Should Contain" library="SeleniumLibrary">
<arg>${assert_txt}</arg>
<doc>Verifies that current page contains ``text``.</doc>
<msg timestamp="20221012 20:42:29.437" level="INFO">Current page contains text 'THANK YOU FOR YOUR ORDER'.</msg>
<status status="PASS" starttime="20221012 20:42:27.407" endtime="20221012 20:42:29.437"/>
</kw>
<kw name="Click Button" library="SeleniumLibrary">
<arg>${btn_backtohome}</arg>
<doc>Clicks the button identified by ``locator``.</doc>
<msg timestamp="20221012 20:42:29.438" level="INFO">Clicking button '//button[@name='back-to-products']'.</msg>
<status status="PASS" starttime="20221012 20:42:29.437" endtime="20221012 20:42:34.590"/>
</kw>
<status status="PASS" starttime="20221012 20:42:10.696" endtime="20221012 20:42:34.591"/>
</kw>
<kw name="Logout from the website" library="LogoutPage">
<kw name="Click Button" library="SeleniumLibrary">
<arg>${btn_menu}</arg>
<doc>Clicks the button identified by ``locator``.</doc>
<msg timestamp="20221012 20:42:34.593" level="INFO">Clicking button '//button[@id='react-burger-menu-btn']'.</msg>
<status status="PASS" starttime="20221012 20:42:34.592" endtime="20221012 20:42:39.755"/>
</kw>
<kw name="Click Link" library="SeleniumLibrary">
<arg>Logout</arg>
<doc>Clicks a link identified by ``locator``.</doc>
<msg timestamp="20221012 20:42:39.757" level="INFO">Clicking link 'Logout'.</msg>
<status status="PASS" starttime="20221012 20:42:39.756" endtime="20221012 20:42:42.851"/>
</kw>
<status status="PASS" starttime="20221012 20:42:34.591" endtime="20221012 20:42:42.852"/>
</kw>
<kw name="Close My Browser" library="CommonPage" type="TEARDOWN">
<kw name="Close All Browsers" library="SeleniumLibrary">
<doc>Closes all open browsers and resets the browser cache.</doc>
<status status="PASS" starttime="20221012 20:42:42.853" endtime="20221012 20:42:45.967"/>
</kw>
<status status="PASS" starttime="20221012 20:42:42.852" endtime="20221012 20:42:45.967"/>
</kw>
<status status="PASS" starttime="20221012 20:42:01.842" endtime="20221012 20:42:45.967"/>
</test>
<status status="PASS" starttime="20221012 20:42:01.479" endtime="20221012 20:42:45.968"/>
</suite>
<suite id="s1-s3" name="TC3 productOrder" source="C:\Users\AnkitKumar\PycharmProjects\SauceDemoRobotFramework\TestCases\TC3_productOrder.robot">
<test id="s1-s3-t1" name="Sorting the products and getting the values" line="12">
<kw name="Open my Browser" library="CommonPage" type="SETUP">
<kw name="Open Browser" library="SeleniumLibrary">
<arg>${site}</arg>
<arg>${browser}</arg>
<doc>Opens a new browser instance to the optional ``url``.</doc>
<msg timestamp="20221012 20:42:01.845" level="INFO">Opening browser 'headlessChrome' to base url 'https://www.saucedemo.com/'.</msg>
<status status="PASS" starttime="20221012 20:42:01.844" endtime="20221012 20:42:08.377"/>
</kw>
<kw name="Maximize Browser Window" library="SeleniumLibrary">
<doc>Maximizes current browser window.</doc>
<status status="PASS" starttime="20221012 20:42:08.377" endtime="20221012 20:42:08.494"/>
</kw>
<status status="PASS" starttime="20221012 20:42:01.843" endtime="20221012 20:42:08.495"/>
</kw>
<kw name="Enter Login Credentials and verfiy the page" library="LoginPage">
<kw name="Set Selenium Implicit Wait" library="SeleniumLibrary">
<arg>10</arg>
<doc>Sets the implicit wait value used by Selenium.</doc>
<status status="PASS" starttime="20221012 20:42:08.495" endtime="20221012 20:42:08.497"/>
</kw>
<kw name="Input Text" library="SeleniumLibrary">
<arg>${txt_username}</arg>
<arg>${username}</arg>
<doc>Types the given ``text`` into the text field identified by ``locator``.</doc>
<msg timestamp="20221012 20:42:08.497" level="INFO">Typing text 'standard_user' into text field '//input[@placeholder='Username']'.</msg>
<status status="PASS" starttime="20221012 20:42:08.497" endtime="20221012 20:42:08.587"/>
</kw>
<kw name="Input Password" library="SeleniumLibrary">
<arg>${txt_password}</arg>
<arg>${password}</arg>
<doc>Types the given password into the text field identified by ``locator``.</doc>
<msg timestamp="20221012 20:42:08.587" level="INFO">Typing password into text field '//input[@placeholder='Password']'.</msg>
<msg timestamp="20221012 20:42:08.624" level="INFO">Temporally setting log level to: NONE</msg>
<msg timestamp="20221012 20:42:08.679" level="INFO">Log level changed from NONE to INFO.</msg>
<status status="PASS" starttime="20221012 20:42:08.587" endtime="20221012 20:42:08.679"/>
</kw>
<kw name="Click Element" library="SeleniumLibrary">
<arg>${btn_login}</arg>
<doc>Click the element identified by ``locator``.</doc>
<msg timestamp="20221012 20:42:08.680" level="INFO">Clicking element '//input[@type='submit']'.</msg>
<status status="PASS" starttime="20221012 20:42:08.679" endtime="20221012 20:42:08.834"/>
</kw>
<kw name="Page Should Contain" library="SeleniumLibrary">
<arg>Sauce Labs</arg>
<doc>Verifies that current page contains ``text``.</doc>
<msg timestamp="20221012 20:42:08.851" level="INFO">Current page contains text 'Sauce Labs'.</msg>
<status status="PASS" starttime="20221012 20:42:08.835" endtime="20221012 20:42:08.851"/>
</kw>
<status status="PASS" starttime="20221012 20:42:08.495" endtime="20221012 20:42:08.851"/>
</kw>
<kw name="Select Products order list" library="ProductOrder">
<kw name="Select From List By Value" library="SeleniumLibrary">
<arg>${dropdown}</arg>
<arg>hilo</arg>
<doc>Selects options from selection list ``locator`` by ``values``.</doc>
<msg timestamp="20221012 20:42:08.852" level="INFO">Selecting options from selection list 'class:product_sort_container' by value hilo.</msg>
<status status="PASS" starttime="20221012 20:42:08.852" endtime="20221012 20:42:08.936"/>
</kw>
<kw name="Get Element Count" library="SeleniumLibrary">
<var>${count}</var>
<arg>${product_count}</arg>
<doc>Returns the number of elements matching ``locator``.</doc>
<msg timestamp="20221012 20:42:08.947" level="INFO">${count} = 6</msg>
<status status="PASS" starttime="20221012 20:42:08.937" endtime="20221012 20:42:08.947"/>
</kw>
<for flavor="IN RANGE">
<var>${i}</var>
<value>1</value>
<value>${count}+1</value>
<iter>
<var name="${i}">1</var>
<kw name="Get Text" library="SeleniumLibrary">
<var>${Text}</var>
<arg>${product_count} [${i}]</arg>
<doc>Returns the text value of the element identified by ``locator``.</doc>
<msg timestamp="20221012 20:42:08.992" level="INFO">${Text} = Sauce Labs Fleece Jacket</msg>
<status status="PASS" starttime="20221012 20:42:08.949" endtime="20221012 20:42:08.992"/>
</kw>
<kw name="Page Should Contain" library="SeleniumLibrary">
<arg>${Text}</arg>
<doc>Verifies that current page contains ``text``.</doc>
<msg timestamp="20221012 20:42:09.012" level="INFO">Current page contains text 'Sauce Labs Fleece Jacket'.</msg>
<status status="PASS" starttime="20221012 20:42:08.993" endtime="20221012 20:42:09.012"/>
</kw>
<status status="PASS" starttime="20221012 20:42:08.948" endtime="20221012 20:42:09.013"/>
</iter>
<iter>
<var name="${i}">2</var>
<kw name="Get Text" library="SeleniumLibrary">
<var>${Text}</var>
<arg>${product_count} [${i}]</arg>
<doc>Returns the text value of the element identified by ``locator``.</doc>
<msg timestamp="20221012 20:42:09.052" level="INFO">${Text} = Sauce Labs Backpack</msg>
<status status="PASS" starttime="20221012 20:42:09.013" endtime="20221012 20:42:09.052"/>
</kw>
<kw name="Page Should Contain" library="SeleniumLibrary">
<arg>${Text}</arg>
<doc>Verifies that current page contains ``text``.</doc>
<msg timestamp="20221012 20:42:09.070" level="INFO">Current page contains text 'Sauce Labs Backpack'.</msg>
<status status="PASS" starttime="20221012 20:42:09.053" endtime="20221012 20:42:09.070"/>
</kw>
<status status="PASS" starttime="20221012 20:42:09.013" endtime="20221012 20:42:09.070"/>
</iter>
<iter>
<var name="${i}">3</var>
<kw name="Get Text" library="SeleniumLibrary">
<var>${Text}</var>
<arg>${product_count} [${i}]</arg>
<doc>Returns the text value of the element identified by ``locator``.</doc>
<msg timestamp="20221012 20:42:09.102" level="INFO">${Text} = Sauce Labs Bolt T-Shirt</msg>
<status status="PASS" starttime="20221012 20:42:09.071" endtime="20221012 20:42:09.102"/>
</kw>
<kw name="Page Should Contain" library="SeleniumLibrary">
<arg>${Text}</arg>
<doc>Verifies that current page contains ``text``.</doc>
<msg timestamp="20221012 20:42:09.122" level="INFO">Current page contains text 'Sauce Labs Bolt T-Shirt'.</msg>
<status status="PASS" starttime="20221012 20:42:09.102" endtime="20221012 20:42:09.122"/>
</kw>
<status status="PASS" starttime="20221012 20:42:09.071" endtime="20221012 20:42:09.123"/>
</iter>
<iter>
<var name="${i}">4</var>
<kw name="Get Text" library="SeleniumLibrary">
<var>${Text}</var>
<arg>${product_count} [${i}]</arg>
<doc>Returns the text value of the element identified by ``locator``.</doc>
<msg timestamp="20221012 20:42:09.156" level="INFO">${Text} = Test.allTheThings() T-Shirt (Red)</msg>
<status status="PASS" starttime="20221012 20:42:09.123" endtime="20221012 20:42:09.157"/>
</kw>
<kw name="Page Should Contain" library="SeleniumLibrary">
<arg>${Text}</arg>
<doc>Verifies that current page contains ``text``.</doc>
<msg timestamp="20221012 20:42:09.175" level="INFO">Current page contains text 'Test.allTheThings() T-Shirt (Red)'.</msg>
<status status="PASS" starttime="20221012 20:42:09.157" endtime="20221012 20:42:09.176"/>
</kw>
<status status="PASS" starttime="20221012 20:42:09.123" endtime="20221012 20:42:09.176"/>
</iter>
<iter>
<var name="${i}">5</var>
<kw name="Get Text" library="SeleniumLibrary">
<var>${Text}</var>
<arg>${product_count} [${i}]</arg>
<doc>Returns the text value of the element identified by ``locator``.</doc>
<msg timestamp="20221012 20:42:09.221" level="INFO">${Text} = Sauce Labs Bike Light</msg>
<status status="PASS" starttime="20221012 20:42:09.177" endtime="20221012 20:42:09.222"/>
</kw>
<kw name="Page Should Contain" library="SeleniumLibrary">
<arg>${Text}</arg>
<doc>Verifies that current page contains ``text``.</doc>
<msg timestamp="20221012 20:42:09.261" level="INFO">Current page contains text 'Sauce Labs Bike Light'.</msg>
<status status="PASS" starttime="20221012 20:42:09.222" endtime="20221012 20:42:09.261"/>
</kw>
<status status="PASS" starttime="20221012 20:42:09.176" endtime="20221012 20:42:09.261"/>
</iter>
<iter>
<var name="${i}">6</var>
<kw name="Get Text" library="SeleniumLibrary">
<var>${Text}</var>
<arg>${product_count} [${i}]</arg>
<doc>Returns the text value of the element identified by ``locator``.</doc>
<msg timestamp="20221012 20:42:09.298" level="INFO">${Text} = Sauce Labs Onesie</msg>
<status status="PASS" starttime="20221012 20:42:09.262" endtime="20221012 20:42:09.298"/>
</kw>
<kw name="Page Should Contain" library="SeleniumLibrary">
<arg>${Text}</arg>
<doc>Verifies that current page contains ``text``.</doc>
<msg timestamp="20221012 20:42:09.317" level="INFO">Current page contains text 'Sauce Labs Onesie'.</msg>
<status status="PASS" starttime="20221012 20:42:09.299" endtime="20221012 20:42:09.317"/>
</kw>
<status status="PASS" starttime="20221012 20:42:09.262" endtime="20221012 20:42:09.317"/>
</iter>
<status status="PASS" starttime="20221012 20:42:08.948" endtime="20221012 20:42:09.317"/>
</for>
<status status="PASS" starttime="20221012 20:42:08.851" endtime="20221012 20:42:09.318"/>
</kw>
<kw name="Select Products price list" library="ProductOrder">
<kw name="Get Element Count" library="SeleniumLibrary">
<var>${count}</var>
<arg>${product_price_count}</arg>
<doc>Returns the number of elements matching ``locator``.</doc>
<msg timestamp="20221012 20:42:09.335" level="INFO">${count} = 6</msg>
<status status="PASS" starttime="20221012 20:42:09.319" endtime="20221012 20:42:09.335"/>
</kw>
<for flavor="IN RANGE">
<var>${i}</var>
<value>1</value>
<value>${count}+1</value>
<iter>
<var name="${i}">1</var>
<kw name="Get Text" library="SeleniumLibrary">
<var>${Text}</var>
<arg>${product_price_count} [${i}]</arg>
<doc>Returns the text value of the element identified by ``locator``.</doc>
<msg timestamp="20221012 20:42:09.369" level="INFO">${Text} = $49.99</msg>
<status status="PASS" starttime="20221012 20:42:09.337" endtime="20221012 20:42:09.369"/>
</kw>
<kw name="Log To Console" library="BuiltIn">
<arg>${Text}</arg>
<doc>Logs the given message to the console.</doc>
<status status="PASS" starttime="20221012 20:42:09.370" endtime="20221012 20:42:09.371"/>
</kw>
<kw name="Page Should Contain" library="SeleniumLibrary">
<arg>${Text}</arg>
<doc>Verifies that current page contains ``text``.</doc>
<msg timestamp="20221012 20:42:09.389" level="INFO">Current page contains text '$49.99'.</msg>
<status status="PASS" starttime="20221012 20:42:09.371" endtime="20221012 20:42:09.389"/>
</kw>
<status status="PASS" starttime="20221012 20:42:09.336" endtime="20221012 20:42:09.389"/>
</iter>
<iter>
<var name="${i}">2</var>
<kw name="Get Text" library="SeleniumLibrary">
<var>${Text}</var>
<arg>${product_price_count} [${i}]</arg>
<doc>Returns the text value of the element identified by ``locator``.</doc>
<msg timestamp="20221012 20:42:09.426" level="INFO">${Text} = $29.99</msg>
<status status="PASS" starttime="20221012 20:42:09.390" endtime="20221012 20:42:09.426"/>
</kw>
<kw name="Log To Console" library="BuiltIn">
<arg>${Text}</arg>
<doc>Logs the given message to the console.</doc>
<status status="PASS" starttime="20221012 20:42:09.427" endtime="20221012 20:42:09.428"/>
</kw>
<kw name="Page Should Contain" library="SeleniumLibrary">
<arg>${Text}</arg>
<doc>Verifies that current page contains ``text``.</doc>
<msg timestamp="20221012 20:42:09.453" level="INFO">Current page contains text '$29.99'.</msg>
<status status="PASS" starttime="20221012 20:42:09.428" endtime="20221012 20:42:09.453"/>
</kw>
<status status="PASS" starttime="20221012 20:42:09.389" endtime="20221012 20:42:09.453"/>
</iter>
<iter>
<var name="${i}">3</var>
<kw name="Get Text" library="SeleniumLibrary">
<var>${Text}</var>
<arg>${product_price_count} [${i}]</arg>
<doc>Returns the text value of the element identified by ``locator``.</doc>
<msg timestamp="20221012 20:42:09.493" level="INFO">${Text} = $15.99</msg>
<status status="PASS" starttime="20221012 20:42:09.454" endtime="20221012 20:42:09.493"/>
</kw>
<kw name="Log To Console" library="BuiltIn">
<arg>${Text}</arg>
<doc>Logs the given message to the console.</doc>
<status status="PASS" starttime="20221012 20:42:09.494" endtime="20221012 20:42:09.494"/>
</kw>
<kw name="Page Should Contain" library="SeleniumLibrary">
<arg>${Text}</arg>
<doc>Verifies that current page contains ``text``.</doc>
<msg timestamp="20221012 20:42:09.510" level="INFO">Current page contains text '$15.99'.</msg>
<status status="PASS" starttime="20221012 20:42:09.494" endtime="20221012 20:42:09.510"/>
</kw>
<status status="PASS" starttime="20221012 20:42:09.453" endtime="20221012 20:42:09.510"/>
</iter>
<iter>
<var name="${i}">4</var>
<kw name="Get Text" library="SeleniumLibrary">
<var>${Text}</var>
<arg>${product_price_count} [${i}]</arg>
<doc>Returns the text value of the element identified by ``locator``.</doc>
<msg timestamp="20221012 20:42:09.539" level="INFO">${Text} = $15.99</msg>
<status status="PASS" starttime="20221012 20:42:09.511" endtime="20221012 20:42:09.539"/>
</kw>
<kw name="Log To Console" library="BuiltIn">
<arg>${Text}</arg>
<doc>Logs the given message to the console.</doc>
<status status="PASS" starttime="20221012 20:42:09.540" endtime="20221012 20:42:09.540"/>
</kw>
<kw name="Page Should Contain" library="SeleniumLibrary">
<arg>${Text}</arg>
<doc>Verifies that current page contains ``text``.</doc>
<msg timestamp="20221012 20:42:09.551" level="INFO">Current page contains text '$15.99'.</msg>
<status status="PASS" starttime="20221012 20:42:09.541" endtime="20221012 20:42:09.551"/>
</kw>
<status status="PASS" starttime="20221012 20:42:09.510" endtime="20221012 20:42:09.551"/>
</iter>
<iter>
<var name="${i}">5</var>
<kw name="Get Text" library="SeleniumLibrary">
<var>${Text}</var>
<arg>${product_price_count} [${i}]</arg>
<doc>Returns the text value of the element identified by ``locator``.</doc>
<msg timestamp="20221012 20:42:09.592" level="INFO">${Text} = $9.99</msg>
<status status="PASS" starttime="20221012 20:42:09.552" endtime="20221012 20:42:09.592"/>
</kw>
<kw name="Log To Console" library="BuiltIn">
<arg>${Text}</arg>
<doc>Logs the given message to the console.</doc>
<status status="PASS" starttime="20221012 20:42:09.592" endtime="20221012 20:42:09.593"/>
</kw>
<kw name="Page Should Contain" library="SeleniumLibrary">
<arg>${Text}</arg>
<doc>Verifies that current page contains ``text``.</doc>
<msg timestamp="20221012 20:42:09.610" level="INFO">Current page contains text '$9.99'.</msg>
<status status="PASS" starttime="20221012 20:42:09.593" endtime="20221012 20:42:09.611"/>
</kw>
<status status="PASS" starttime="20221012 20:42:09.552" endtime="20221012 20:42:09.611"/>
</iter>
<iter>
<var name="${i}">6</var>
<kw name="Get Text" library="SeleniumLibrary">
<var>${Text}</var>
<arg>${product_price_count} [${i}]</arg>
<doc>Returns the text value of the element identified by ``locator``.</doc>
<msg timestamp="20221012 20:42:09.643" level="INFO">${Text} = $7.99</msg>
<status status="PASS" starttime="20221012 20:42:09.611" endtime="20221012 20:42:09.643"/>
</kw>
<kw name="Log To Console" library="BuiltIn">
<arg>${Text}</arg>
<doc>Logs the given message to the console.</doc>
<status status="PASS" starttime="20221012 20:42:09.644" endtime="20221012 20:42:09.644"/>
</kw>
<kw name="Page Should Contain" library="SeleniumLibrary">
<arg>${Text}</arg>
<doc>Verifies that current page contains ``text``.</doc>
<msg timestamp="20221012 20:42:09.661" level="INFO">Current page contains text '$7.99'.</msg>
<status status="PASS" starttime="20221012 20:42:09.645" endtime="20221012 20:42:09.661"/>
</kw>
<status status="PASS" starttime="20221012 20:42:09.611" endtime="20221012 20:42:09.661"/>
</iter>
<status status="PASS" starttime="20221012 20:42:09.336" endtime="20221012 20:42:09.661"/>
</for>
<status status="PASS" starttime="20221012 20:42:09.318" endtime="20221012 20:42:09.662"/>
</kw>
<kw name="Social Media Accounts with mulitple window handles" library="ProductOrder">
<kw name="Get Element Count" library="SeleniumLibrary">
<var>${count}</var>
<arg>${social_media}</arg>
<doc>Returns the number of elements matching ``locator``.</doc>
<msg timestamp="20221012 20:42:09.677" level="INFO">${count} = 3</msg>
<status status="PASS" starttime="20221012 20:42:09.663" endtime="20221012 20:42:09.677"/>
</kw>
<for flavor="IN RANGE">
<var>${i}</var>
<value>1</value>
<value>${count}+1</value>
<iter>
<var name="${i}">1</var>
<kw name="Set Selenium Speed" library="SeleniumLibrary">
<arg>1</arg>
<doc>Sets the delay that is waited after each Selenium command.</doc>
<status status="PASS" starttime="20221012 20:42:09.678" endtime="20221012 20:42:09.678"/>
</kw>
<kw name="Click Element" library="SeleniumLibrary">
<arg>${social_media} [${i}]</arg>
<doc>Click the element identified by ``locator``.</doc>
<msg timestamp="20221012 20:42:09.679" level="INFO">Clicking element '(//a[@rel='noreferrer']) [1]'.</msg>
<status status="PASS" starttime="20221012 20:42:09.679" endtime="20221012 20:42:11.743"/>
</kw>
<kw name="Get Window Handles" library="SeleniumLibrary">
<var>${windowhandles}</var>
<doc>Returns all child window handles of the selected browser as a list.</doc>
<msg timestamp="20221012 20:42:12.760" level="INFO">${windowhandles} = ['CDwindow-52C8A63AF81C82EB4C69C8AD5F8D1A7D', 'CDwindow-D12E97B398251585C7558A977A23AC2A']</msg>
<status status="PASS" starttime="20221012 20:42:11.743" endtime="20221012 20:42:12.760"/>
</kw>
<kw name="Switch Window" library="SeleniumLibrary">
<arg>${windowhandles}[1]</arg>
<doc>Switches to browser window matching ``locator``.</doc>
<status status="PASS" starttime="20221012 20:42:12.761" endtime="20221012 20:42:21.863"/>
</kw>
<kw name="Close Window" library="SeleniumLibrary">
<doc>Closes currently opened and selected browser window/tab.</doc>
<status status="PASS" starttime="20221012 20:42:21.863" endtime="20221012 20:42:22.878"/>
</kw>
<kw name="Switch Window" library="SeleniumLibrary">
<arg>${windowhandles}[0]</arg>
<doc>Switches to browser window matching ``locator``.</doc>
<status status="PASS" starttime="20221012 20:42:22.878" endtime="20221012 20:42:24.903"/>
</kw>
<status status="PASS" starttime="20221012 20:42:09.678" endtime="20221012 20:42:24.903"/>
</iter>
<iter>
<var name="${i}">2</var>
<kw name="Set Selenium Speed" library="SeleniumLibrary">
<arg>1</arg>
<doc>Sets the delay that is waited after each Selenium command.</doc>
<status status="PASS" starttime="20221012 20:42:24.904" endtime="20221012 20:42:24.904"/>
</kw>
<kw name="Click Element" library="SeleniumLibrary">
<arg>${social_media} [${i}]</arg>
<doc>Click the element identified by ``locator``.</doc>
<msg timestamp="20221012 20:42:24.905" level="INFO">Clicking element '(//a[@rel='noreferrer']) [2]'.</msg>
<status status="PASS" starttime="20221012 20:42:24.904" endtime="20221012 20:42:26.990"/>
</kw>
<kw name="Get Window Handles" library="SeleniumLibrary">
<var>${windowhandles}</var>
<doc>Returns all child window handles of the selected browser as a list.</doc>
<msg timestamp="20221012 20:42:27.995" level="INFO">${windowhandles} = ['CDwindow-52C8A63AF81C82EB4C69C8AD5F8D1A7D', 'CDwindow-76CA69B1AF6CFE9139C035AAA8DD9D9A']</msg>
<status status="PASS" starttime="20221012 20:42:26.990" endtime="20221012 20:42:27.995"/>
</kw>
<kw name="Switch Window" library="SeleniumLibrary">
<arg>${windowhandles}[1]</arg>
<doc>Switches to browser window matching ``locator``.</doc>
<status status="PASS" starttime="20221012 20:42:27.995" endtime="20221012 20:42:37.297"/>
</kw>
<kw name="Close Window" library="SeleniumLibrary">
<doc>Closes currently opened and selected browser window/tab.</doc>
<status status="PASS" starttime="20221012 20:42:37.298" endtime="20221012 20:42:38.325"/>
</kw>
<kw name="Switch Window" library="SeleniumLibrary">
<arg>${windowhandles}[0]</arg>
<doc>Switches to browser window matching ``locator``.</doc>
<status status="PASS" starttime="20221012 20:42:38.325" endtime="20221012 20:42:40.350"/>
</kw>
<status status="PASS" starttime="20221012 20:42:24.903" endtime="20221012 20:42:40.351"/>
</iter>
<iter>
<var name="${i}">3</var>
<kw name="Set Selenium Speed" library="SeleniumLibrary">
<arg>1</arg>
<doc>Sets the delay that is waited after each Selenium command.</doc>
<status status="PASS" starttime="20221012 20:42:40.352" endtime="20221012 20:42:40.353"/>
</kw>
<kw name="Click Element" library="SeleniumLibrary">
<arg>${social_media} [${i}]</arg>
<doc>Click the element identified by ``locator``.</doc>
<msg timestamp="20221012 20:42:40.355" level="INFO">Clicking element '(//a[@rel='noreferrer']) [3]'.</msg>
<status status="PASS" starttime="20221012 20:42:40.353" endtime="20221012 20:42:42.446"/>
</kw>
<kw name="Get Window Handles" library="SeleniumLibrary">
<var>${windowhandles}</var>
<doc>Returns all child window handles of the selected browser as a list.</doc>
<msg timestamp="20221012 20:42:43.479" level="INFO">${windowhandles} = ['CDwindow-52C8A63AF81C82EB4C69C8AD5F8D1A7D', 'CDwindow-7D14B1251F1F211D9BE0AFF28F2C4319']</msg>
<status status="PASS" starttime="20221012 20:42:42.447" endtime="20221012 20:42:43.479"/>
</kw>
<kw name="Switch Window" library="SeleniumLibrary">
<arg>${windowhandles}[1]</arg>
<doc>Switches to browser window matching ``locator``.</doc>
<status status="PASS" starttime="20221012 20:42:43.480" endtime="20221012 20:42:52.672"/>
</kw>
<kw name="Close Window" library="SeleniumLibrary">
<doc>Closes currently opened and selected browser window/tab.</doc>
<status status="PASS" starttime="20221012 20:42:52.672" endtime="20221012 20:42:53.689"/>
</kw>
<kw name="Switch Window" library="SeleniumLibrary">
<arg>${windowhandles}[0]</arg>
<doc>Switches to browser window matching ``locator``.</doc>
<status status="PASS" starttime="20221012 20:42:53.690" endtime="20221012 20:42:55.727"/>
</kw>
<status status="PASS" starttime="20221012 20:42:40.351" endtime="20221012 20:42:55.728"/>
</iter>
<status status="PASS" starttime="20221012 20:42:09.677" endtime="20221012 20:42:55.728"/>
</for>
<status status="PASS" starttime="20221012 20:42:09.662" endtime="20221012 20:42:55.729"/>
</kw>
<kw name="verifying Website Privacy Policy Text" library="ProductOrder">
<kw name="Get Text" library="SeleniumLibrary">
<var>${Text}</var>
<arg>${txt_privacy}</arg>
<doc>Returns the text value of the element identified by ``locator``.</doc>
<msg timestamp="20221012 20:42:57.817" level="INFO">${Text} = © 2022 Sauce Labs. All Rights Reserved. Terms of Service | Privacy Policy</msg>
<status status="PASS" starttime="20221012 20:42:55.732" endtime="20221012 20:42:57.817"/>
</kw>
<kw name="Log To Console" library="BuiltIn">
<arg>${Text}</arg>
<doc>Logs the given message to the console.</doc>
<status status="PASS" starttime="20221012 20:42:57.818" endtime="20221012 20:42:57.821"/>
</kw>
<status status="PASS" starttime="20221012 20:42:55.730" endtime="20221012 20:42:57.822"/>
</kw>
<kw name="Logout from the website" library="LogoutPage">
<kw name="Click Button" library="SeleniumLibrary">
<arg>${btn_menu}</arg>
<doc>Clicks the button identified by ``locator``.</doc>
<msg timestamp="20221012 20:42:57.827" level="INFO">Clicking button '//button[@id='react-burger-menu-btn']'.</msg>
<status status="PASS" starttime="20221012 20:42:57.825" endtime="20221012 20:43:03.053"/>
</kw>
<kw name="Click Link" library="SeleniumLibrary">
<arg>Logout</arg>
<doc>Clicks a link identified by ``locator``.</doc>
<msg timestamp="20221012 20:43:03.054" level="INFO">Clicking link 'Logout'.</msg>
<status status="PASS" starttime="20221012 20:43:03.053" endtime="20221012 20:43:06.196"/>
</kw>
<status status="PASS" starttime="20221012 20:42:57.823" endtime="20221012 20:43:06.198"/>
</kw>
<kw name="Close My Browser" library="CommonPage" type="TEARDOWN">
<kw name="Close All Browsers" library="SeleniumLibrary">
<doc>Closes all open browsers and resets the browser cache.</doc>
<status status="PASS" starttime="20221012 20:43:06.202" endtime="20221012 20:43:10.319"/>
</kw>
<status status="PASS" starttime="20221012 20:43:06.199" endtime="20221012 20:43:10.320"/>
</kw>
<status status="PASS" starttime="20221012 20:42:01.842" endtime="20221012 20:43:10.320"/>
</test>
<status status="PASS" starttime="20221012 20:42:01.496" endtime="20221012 20:43:10.342"/>
</suite>
<doc>[https://pabot.org/?ref=log|Pabot] result from 3 executions.</doc>
<status status="PASS" starttime="20221012 20:42:01.444" endtime="20221012 20:43:10.344"/>
</suite>
<statistics>
<total>
<stat pass="3" fail="0" skip="0">All Tests</stat>
</total>
<tag>
</tag>
<suite>
<stat pass="3" fail="0" skip="0" id="s1" name="Suites">Suites</stat>
<stat pass="1" fail="0" skip="0" id="s1-s1" name="TC1 LoginPage">Suites.TC1 LoginPage</stat>
<stat pass="1" fail="0" skip="0" id="s1-s2" name="TC2 AddProductPage">Suites.TC2 AddProductPage</stat>
<stat pass="1" fail="0" skip="0" id="s1-s3" name="TC3 productOrder">Suites.TC3 productOrder</stat>
</suite>
</statistics>
<errors>
</errors>
</robot>
