<?xml version="1.0" encoding="UTF-8"?>
<robot generator="Robot 5.0.1 (Python 3.10.5 on win32)" generated="20230302 16:28:59.412" rpa="false" schemaversion="3">
<suite id="s1" name="TestCases" source="C:\Users\AnkitKumar\PycharmProjects\SauceDemoRobotFramework\TestCases">
<suite id="s1-s1" name="TC1 LoginPage" source="C:\Users\AnkitKumar\PycharmProjects\SauceDemoRobotFramework\TestCases\TC1_LoginPage.robot">
<test id="s1-s1-t1" name="Login in the website" line="11">
<kw name="Open my Browser" library="CommonPage" type="SETUP">
<kw name="Open Browser" library="SeleniumLibrary">
<arg>${site}</arg>
<arg>${browser}</arg>
<doc>Opens a new browser instance to the optional ``url``.</doc>
<msg timestamp="20230302 16:28:59.694" level="INFO">Opening browser 'Chrome' to base url 'https://www.saucedemo.com/'.</msg>
<status status="PASS" starttime="20230302 16:28:59.694" endtime="20230302 16:29:02.388"/>
</kw>
<kw name="Maximize Browser Window" library="SeleniumLibrary">
<doc>Maximizes current browser window.</doc>
<status status="PASS" starttime="20230302 16:29:02.389" endtime="20230302 16:29:02.514"/>
</kw>
<status status="PASS" starttime="20230302 16:28:59.694" endtime="20230302 16:29:02.514"/>
</kw>
<kw name="Enter Login Credentials and verfiy the page" library="LoginPage">
<kw name="Set Selenium Implicit Wait" library="SeleniumLibrary">
<arg>10</arg>
<doc>Sets the implicit wait value used by Selenium.</doc>
<status status="PASS" starttime="20230302 16:29:02.515" endtime="20230302 16:29:02.516"/>
</kw>
<kw name="Input Text" library="SeleniumLibrary">
<arg>${txt_username}</arg>
<arg>${username}</arg>
<doc>Types the given ``text`` into the text field identified by ``locator``.</doc>
<msg timestamp="20230302 16:29:02.516" level="INFO">Typing text 'standard_user' into text field '//input[@placeholder='Username']'.</msg>
<status status="PASS" starttime="20230302 16:29:02.516" endtime="20230302 16:29:02.677"/>
</kw>
<kw name="Input Password" library="SeleniumLibrary">
<arg>${txt_password}</arg>
<arg>${password}</arg>
<doc>Types the given password into the text field identified by ``locator``.</doc>
<msg timestamp="20230302 16:29:02.678" level="INFO">Typing password into text field '//input[@placeholder='Password']'.</msg>
<msg timestamp="20230302 16:29:02.726" level="INFO">Temporally setting log level to: NONE</msg>
<msg timestamp="20230302 16:29:02.796" level="INFO">Log level changed from NONE to INFO.</msg>
<status status="PASS" starttime="20230302 16:29:02.678" endtime="20230302 16:29:02.796"/>
</kw>
<kw name="Click Element" library="SeleniumLibrary">
<arg>${btn_login}</arg>
<doc>Click the element identified by ``locator``.</doc>
<msg timestamp="20230302 16:29:02.797" level="INFO">Clicking element '//input[@type='submit']'.</msg>
<status status="PASS" starttime="20230302 16:29:02.796" endtime="20230302 16:29:02.941"/>
</kw>
<kw name="Page Should Contain" library="SeleniumLibrary">
<arg>Sauce Labs</arg>
<doc>Verifies that current page contains ``text``.</doc>
<msg timestamp="20230302 16:29:03.071" level="INFO">Current page contains text 'Sauce Labs'.</msg>
<status status="PASS" starttime="20230302 16:29:02.941" endtime="20230302 16:29:03.071"/>
</kw>
<status status="PASS" starttime="20230302 16:29:02.514" endtime="20230302 16:29:03.071"/>
</kw>
<kw name="Logout from the website" library="LogoutPage">
<kw name="Click Button" library="SeleniumLibrary">
<arg>${btn_menu}</arg>
<doc>Clicks the button identified by ``locator``.</doc>
<msg timestamp="20230302 16:29:03.074" level="INFO">Clicking button '//button[@id='react-burger-menu-btn']'.</msg>
<status status="PASS" starttime="20230302 16:29:03.073" endtime="20230302 16:29:03.170"/>
</kw>
<kw name="Click Link" library="SeleniumLibrary">
<arg>Logout</arg>
<doc>Clicks a link identified by ``locator``.</doc>
<msg timestamp="20230302 16:29:03.171" level="INFO">Clicking link 'Logout'.</msg>
<status status="PASS" starttime="20230302 16:29:03.170" endtime="20230302 16:29:03.299"/>
</kw>
<status status="PASS" starttime="20230302 16:29:03.072" endtime="20230302 16:29:03.300"/>
</kw>
<kw name="Close My Browser" library="CommonPage" type="TEARDOWN">
<kw name="Close All Browsers" library="SeleniumLibrary">
<doc>Closes all open browsers and resets the browser cache.</doc>
<status status="PASS" starttime="20230302 16:29:03.301" endtime="20230302 16:29:05.520"/>
</kw>
<status status="PASS" starttime="20230302 16:29:03.300" endtime="20230302 16:29:05.520"/>
</kw>
<status status="PASS" starttime="20230302 16:28:59.693" endtime="20230302 16:29:05.522"/>
</test>
<status status="PASS" starttime="20230302 16:28:59.452" endtime="20230302 16:29:05.527"/>
</suite>
<suite id="s1-s2" name="TC2 AddProductPage" source="C:\Users\AnkitKumar\PycharmProjects\SauceDemoRobotFramework\TestCases\TC2_AddProductPage.robot">
<test id="s1-s2-t1" name="Add Product to Cart" line="12">
<kw name="Open my Browser" library="CommonPage" type="SETUP">
<kw name="Open Browser" library="SeleniumLibrary">
<arg>${site}</arg>
<arg>${browser}</arg>
<doc>Opens a new browser instance to the optional ``url``.</doc>
<msg timestamp="20230302 16:29:05.582" level="INFO">Opening browser 'Chrome' to base url 'https://www.saucedemo.com/'.</msg>
<status status="PASS" starttime="20230302 16:29:05.582" endtime="20230302 16:29:08.372"/>
</kw>
<kw name="Maximize Browser Window" library="SeleniumLibrary">
<doc>Maximizes current browser window.</doc>
<status status="PASS" starttime="20230302 16:29:08.373" endtime="20230302 16:29:08.496"/>
</kw>
<status status="PASS" starttime="20230302 16:29:05.581" endtime="20230302 16:29:08.496"/>
</kw>
<kw name="Enter Login Credentials and verfiy the page" library="LoginPage">
<kw name="Set Selenium Implicit Wait" library="SeleniumLibrary">
<arg>10</arg>
<doc>Sets the implicit wait value used by Selenium.</doc>
<status status="PASS" starttime="20230302 16:29:08.497" endtime="20230302 16:29:08.499"/>
</kw>
<kw name="Input Text" library="SeleniumLibrary">
<arg>${txt_username}</arg>
<arg>${username}</arg>
<doc>Types the given ``text`` into the text field identified by ``locator``.</doc>
<msg timestamp="20230302 16:29:08.499" level="INFO">Typing text 'standard_user' into text field '//input[@placeholder='Username']'.</msg>
<status status="PASS" starttime="20230302 16:29:08.499" endtime="20230302 16:29:08.652"/>
</kw>
<kw name="Input Password" library="SeleniumLibrary">
<arg>${txt_password}</arg>
<arg>${password}</arg>
<doc>Types the given password into the text field identified by ``locator``.</doc>
<msg timestamp="20230302 16:29:08.653" level="INFO">Typing password into text field '//input[@placeholder='Password']'.</msg>
<msg timestamp="20230302 16:29:08.711" level="INFO">Temporally setting log level to: NONE</msg>
<msg timestamp="20230302 16:29:08.782" level="INFO">Log level changed from NONE to INFO.</msg>
<status status="PASS" starttime="20230302 16:29:08.652" endtime="20230302 16:29:08.782"/>
</kw>
<kw name="Click Element" library="SeleniumLibrary">
<arg>${btn_login}</arg>
<doc>Click the element identified by ``locator``.</doc>
<msg timestamp="20230302 16:29:08.783" level="INFO">Clicking element '//input[@type='submit']'.</msg>
<status status="PASS" starttime="20230302 16:29:08.783" endtime="20230302 16:29:08.927"/>
</kw>
<kw name="Page Should Contain" library="SeleniumLibrary">
<arg>Sauce Labs</arg>
<doc>Verifies that current page contains ``text``.</doc>
<msg timestamp="20230302 16:29:09.019" level="INFO">Current page contains text 'Sauce Labs'.</msg>
<status status="PASS" starttime="20230302 16:29:08.928" endtime="20230302 16:29:09.019"/>
</kw>
<status status="PASS" starttime="20230302 16:29:08.497" endtime="20230302 16:29:09.020"/>
</kw>
<kw name="Add product to the cart" library="AddProductPage">
<kw name="Get Element Count" library="SeleniumLibrary">
<var>${count}</var>
<arg>${btn_addtocart}</arg>
<doc>Returns the number of elements matching ``locator``.</doc>
<msg timestamp="20230302 16:29:09.039" level="INFO">${count} = 6</msg>
<status status="PASS" starttime="20230302 16:29:09.021" endtime="20230302 16:29:09.039"/>
</kw>
<kw name="Log To Console" library="BuiltIn">
<arg>${count}</arg>
<doc>Logs the given message to the console.</doc>
<status status="PASS" starttime="20230302 16:29:09.039" endtime="20230302 16:29:09.040"/>
</kw>
<for flavor="IN RANGE">
<var>${i}</var>
<value>1</value>
<value>${count}+1</value>
<iter>
<var name="${i}">1</var>
<kw name="Set Selenium Speed" library="SeleniumLibrary">
<arg>0</arg>
<doc>Sets the delay that is waited after each Selenium command.</doc>
<status status="PASS" starttime="20230302 16:29:09.041" endtime="20230302 16:29:09.042"/>
</kw>
<kw name="Click Element" library="SeleniumLibrary">
<arg>${btn_addtocart} [${i}]</arg>
<doc>Click the element identified by ``locator``.</doc>
<msg timestamp="20230302 16:29:09.042" level="INFO">Clicking element '(//div[@class='inventory_item_name']) [1]'.</msg>
<status status="PASS" starttime="20230302 16:29:09.042" endtime="20230302 16:29:09.122"/>
</kw>
<kw name="Click Button" library="SeleniumLibrary">
<arg>${addToCartLocator}</arg>
<doc>Clicks the button identified by ``locator``.</doc>
<msg timestamp="20230302 16:29:09.123" level="INFO">Clicking button '//button[contains(text(),'Add to cart')]'.</msg>
<status status="PASS" starttime="20230302 16:29:09.122" endtime="20230302 16:29:09.202"/>
</kw>
<kw name="Click Button" library="SeleniumLibrary">
<arg>${backToProducts}</arg>
<doc>Clicks the button identified by ``locator``.</doc>
<msg timestamp="20230302 16:29:09.203" level="INFO">Clicking button '//button[@id='back-to-products']'.</msg>
<status status="PASS" starttime="20230302 16:29:09.202" endtime="20230302 16:29:09.283"/>
</kw>
<status status="PASS" starttime="20230302 16:29:09.041" endtime="20230302 16:29:09.283"/>
</iter>
<iter>
<var name="${i}">2</var>
<kw name="Set Selenium Speed" library="SeleniumLibrary">
<arg>0</arg>
<doc>Sets the delay that is waited after each Selenium command.</doc>
<status status="PASS" starttime="20230302 16:29:09.283" endtime="20230302 16:29:09.283"/>
</kw>
<kw name="Click Element" library="SeleniumLibrary">
<arg>${btn_addtocart} [${i}]</arg>
<doc>Click the element identified by ``locator``.</doc>
<msg timestamp="20230302 16:29:09.284" level="INFO">Clicking element '(//div[@class='inventory_item_name']) [2]'.</msg>
<status status="PASS" starttime="20230302 16:29:09.283" endtime="20230302 16:29:09.354"/>
</kw>
<kw name="Click Button" library="SeleniumLibrary">
<arg>${addToCartLocator}</arg>
<doc>Clicks the button identified by ``locator``.</doc>
<msg timestamp="20230302 16:29:09.355" level="INFO">Clicking button '//button[contains(text(),'Add to cart')]'.</msg>
<status status="PASS" starttime="20230302 16:29:09.354" endtime="20230302 16:29:09.408"/>
</kw>
<kw name="Click Button" library="SeleniumLibrary">
<arg>${backToProducts}</arg>
<doc>Clicks the button identified by ``locator``.</doc>
<msg timestamp="20230302 16:29:09.409" level="INFO">Clicking button '//button[@id='back-to-products']'.</msg>
<status status="PASS" starttime="20230302 16:29:09.408" endtime="20230302 16:29:09.469"/>
</kw>
<status status="PASS" starttime="20230302 16:29:09.283" endtime="20230302 16:29:09.469"/>
</iter>
<iter>
<var name="${i}">3</var>
<kw name="Set Selenium Speed" library="SeleniumLibrary">
<arg>0</arg>
<doc>Sets the delay that is waited after each Selenium command.</doc>
<status status="PASS" starttime="20230302 16:29:09.469" endtime="20230302 16:29:09.470"/>
</kw>
<kw name="Click Element" library="SeleniumLibrary">
<arg>${btn_addtocart} [${i}]</arg>
<doc>Click the element identified by ``locator``.</doc>
<msg timestamp="20230302 16:29:09.470" level="INFO">Clicking element '(//div[@class='inventory_item_name']) [3]'.</msg>
<status status="PASS" starttime="20230302 16:29:09.470" endtime="20230302 16:29:09.524"/>
</kw>
<kw name="Click Button" library="SeleniumLibrary">
<arg>${addToCartLocator}</arg>
<doc>Clicks the button identified by ``locator``.</doc>
<msg timestamp="20230302 16:29:09.526" level="INFO">Clicking button '//button[contains(text(),'Add to cart')]'.</msg>
<status status="PASS" starttime="20230302 16:29:09.525" endtime="20230302 16:29:09.589"/>
</kw>
<kw name="Click Button" library="SeleniumLibrary">
<arg>${backToProducts}</arg>
<doc>Clicks the button identified by ``locator``.</doc>
<msg timestamp="20230302 16:29:09.590" level="INFO">Clicking button '//button[@id='back-to-products']'.</msg>
<status status="PASS" starttime="20230302 16:29:09.589" endtime="20230302 16:29:09.661"/>
</kw>
<status status="PASS" starttime="20230302 16:29:09.469" endtime="20230302 16:29:09.661"/>
</iter>
<iter>
<var name="${i}">4</var>
<kw name="Set Selenium Speed" library="SeleniumLibrary">
<arg>0</arg>
<doc>Sets the delay that is waited after each Selenium command.</doc>
<status status="PASS" starttime="20230302 16:29:09.661" endtime="20230302 16:29:09.662"/>
</kw>
<kw name="Click Element" library="SeleniumLibrary">
<arg>${btn_addtocart} [${i}]</arg>
<doc>Click the element identified by ``locator``.</doc>
<msg timestamp="20230302 16:29:09.663" level="INFO">Clicking element '(//div[@class='inventory_item_name']) [4]'.</msg>
<status status="PASS" starttime="20230302 16:29:09.662" endtime="20230302 16:29:09.730"/>
</kw>
<kw name="Click Button" library="SeleniumLibrary">
<arg>${addToCartLocator}</arg>
<doc>Clicks the button identified by ``locator``.</doc>
<msg timestamp="20230302 16:29:09.730" level="INFO">Clicking button '//button[contains(text(),'Add to cart')]'.</msg>
<status status="PASS" starttime="20230302 16:29:09.730" endtime="20230302 16:29:09.782"/>
</kw>
<kw name="Click Button" library="SeleniumLibrary">
<arg>${backToProducts}</arg>
<doc>Clicks the button identified by ``locator``.</doc>
<msg timestamp="20230302 16:29:09.782" level="INFO">Clicking button '//button[@id='back-to-products']'.</msg>
<status status="PASS" starttime="20230302 16:29:09.782" endtime="20230302 16:29:09.854"/>
</kw>
<status status="PASS" starttime="20230302 16:29:09.661" endtime="20230302 16:29:09.855"/>
</iter>
<iter>
<var name="${i}">5</var>
<kw name="Set Selenium Speed" library="SeleniumLibrary">
<arg>0</arg>
<doc>Sets the delay that is waited after each Selenium command.</doc>
<status status="PASS" starttime="20230302 16:29:09.855" endtime="20230302 16:29:09.855"/>
</kw>
<kw name="Click Element" library="SeleniumLibrary">
<arg>${btn_addtocart} [${i}]</arg>
<doc>Click the element identified by ``locator``.</doc>
<msg timestamp="20230302 16:29:09.856" level="INFO">Clicking element '(//div[@class='inventory_item_name']) [5]'.</msg>
<status status="PASS" starttime="20230302 16:29:09.855" endtime="20230302 16:29:09.900"/>
</kw>
<kw name="Click Button" library="SeleniumLibrary">
<arg>${addToCartLocator}</arg>
<doc>Clicks the button identified by ``locator``.</doc>
<msg timestamp="20230302 16:29:09.901" level="INFO">Clicking button '//button[contains(text(),'Add to cart')]'.</msg>
<status status="PASS" starttime="20230302 16:29:09.901" endtime="20230302 16:29:09.953"/>
</kw>
<kw name="Click Button" library="SeleniumLibrary">
<arg>${backToProducts}</arg>
<doc>Clicks the button identified by ``locator``.</doc>
<msg timestamp="20230302 16:29:09.953" level="INFO">Clicking button '//button[@id='back-to-products']'.</msg>
<status status="PASS" starttime="20230302 16:29:09.953" endtime="20230302 16:29:10.015"/>
</kw>
<status status="PASS" starttime="20230302 16:29:09.855" endtime="20230302 16:29:10.015"/>
</iter>
<iter>
<var name="${i}">6</var>
<kw name="Set Selenium Speed" library="SeleniumLibrary">
<arg>0</arg>
<doc>Sets the delay that is waited after each Selenium command.</doc>
<status status="PASS" starttime="20230302 16:29:10.016" endtime="20230302 16:29:10.016"/>
</kw>
<kw name="Click Element" library="SeleniumLibrary">
<arg>${btn_addtocart} [${i}]</arg>
<doc>Click the element identified by ``locator``.</doc>
<msg timestamp="20230302 16:29:10.017" level="INFO">Clicking element '(//div[@class='inventory_item_name']) [6]'.</msg>
<status status="PASS" starttime="20230302 16:29:10.016" endtime="20230302 16:29:10.066"/>
</kw>
<kw name="Click Button" library="SeleniumLibrary">
<arg>${addToCartLocator}</arg>
<doc>Clicks the button identified by ``locator``.</doc>
<msg timestamp="20230302 16:29:10.067" level="INFO">Clicking button '//button[contains(text(),'Add to cart')]'.</msg>
<status status="PASS" starttime="20230302 16:29:10.066" endtime="20230302 16:29:10.118"/>
</kw>
<kw name="Click Button" library="SeleniumLibrary">
<arg>${backToProducts}</arg>
<doc>Clicks the button identified by ``locator``.</doc>
<msg timestamp="20230302 16:29:10.119" level="INFO">Clicking button '//button[@id='back-to-products']'.</msg>
<status status="PASS" starttime="20230302 16:29:10.119" endtime="20230302 16:29:10.197"/>
</kw>
<status status="PASS" starttime="20230302 16:29:10.016" endtime="20230302 16:29:10.197"/>
</iter>
<status status="PASS" starttime="20230302 16:29:09.040" endtime="20230302 16:29:10.197"/>
</for>
<kw name="Get Text" library="SeleniumLibrary">
<var>${count}</var>
<arg>//span[@class='shopping_cart_badge']</arg>
<doc>Returns the text value of the element identified by ``locator``.</doc>
<msg timestamp="20230302 16:29:10.232" level="INFO">${count} = 6</msg>
<status status="PASS" starttime="20230302 16:29:10.197" endtime="20230302 16:29:10.232"/>
</kw>
<kw name="Log To Console" library="BuiltIn">
<arg>${count}</arg>
<doc>Logs the given message to the console.</doc>
<status status="PASS" starttime="20230302 16:29:10.232" endtime="20230302 16:29:10.233"/>
</kw>
<kw name="Should Be Equal As Integers" library="BuiltIn">
<arg>${count}</arg>
<arg>${count}</arg>
<doc>Fails if objects are unequal after converting them to integers.</doc>
<status status="PASS" starttime="20230302 16:29:10.233" endtime="20230302 16:29:10.233"/>
</kw>
<status status="PASS" starttime="20230302 16:29:09.021" endtime="20230302 16:29:10.233"/>
</kw>
<kw name="Go to cart and order" library="AddProductPage">
<kw name="Click Element" library="SeleniumLibrary">
<arg>${btn_cart}</arg>
<doc>Click the element identified by ``locator``.</doc>
<msg timestamp="20230302 16:29:10.234" level="INFO">Clicking element '//div[@class='shopping_cart_container']'.</msg>
<status status="PASS" starttime="20230302 16:29:10.234" endtime="20230302 16:29:10.285"/>
</kw>
<kw name="Click Button" library="SeleniumLibrary">
<arg>${btn_checkout}</arg>
<doc>Clicks the button identified by ``locator``.</doc>
<msg timestamp="20230302 16:29:10.286" level="INFO">Clicking button '//button[@name='checkout']'.</msg>
<status status="PASS" starttime="20230302 16:29:10.285" endtime="20230302 16:29:10.358"/>
</kw>
<kw name="Page Should Contain" library="SeleniumLibrary">
<arg>${assert_text}</arg>
<doc>Verifies that current page contains ``text``.</doc>
<msg timestamp="20230302 16:29:10.379" level="INFO">Current page contains text 'Checkout: Your Information'.</msg>
<status status="PASS" starttime="20230302 16:29:10.358" endtime="20230302 16:29:10.379"/>
</kw>
<status status="PASS" starttime="20230302 16:29:10.234" endtime="20230302 16:29:10.379"/>
</kw>
<kw name="Add Delivery Details" library="AddProductPage">
<kw name="Input Text" library="SeleniumLibrary">
<arg>${txt_firstname}</arg>
<arg>${firstName}</arg>
<doc>Types the given ``text`` into the text field identified by ``locator``.</doc>
<msg timestamp="20230302 16:29:10.381" level="INFO">Typing text 'raman' into text field '//input[@name='firstName']'.</msg>
<status status="PASS" starttime="20230302 16:29:10.380" endtime="20230302 16:29:10.489"/>
</kw>
<kw name="Input Text" library="SeleniumLibrary">
<arg>${txt_lastname}</arg>
<arg>${lastName}</arg>
<doc>Types the given ``text`` into the text field identified by ``locator``.</doc>
<msg timestamp="20230302 16:29:10.489" level="INFO">Typing text 'yadav' into text field '//input[@name='lastName']'.</msg>
<status status="PASS" starttime="20230302 16:29:10.489" endtime="20230302 16:29:10.634"/>
</kw>
<kw name="Input Text" library="SeleniumLibrary">
<arg>${txt_pincode}</arg>
<arg>${postalCode}</arg>
<doc>Types the given ``text`` into the text field identified by ``locator``.</doc>
<msg timestamp="20230302 16:29:10.635" level="INFO">Typing text '100257' into text field '//input[@name='postalCode']'.</msg>
<status status="PASS" starttime="20230302 16:29:10.634" endtime="20230302 16:29:10.768"/>
</kw>
<kw name="Click Element" library="SeleniumLibrary">
<arg>${btn_continue}</arg>
<doc>Click the element identified by ``locator``.</doc>
<msg timestamp="20230302 16:29:10.769" level="INFO">Clicking element '//input[@name='continue']'.</msg>
<status status="PASS" starttime="20230302 16:29:10.768" endtime="20230302 16:29:10.844"/>
</kw>
<kw name="Click Button" library="SeleniumLibrary">
<arg>${btn_finish}</arg>
<doc>Clicks the button identified by ``locator``.</doc>
<msg timestamp="20230302 16:29:10.845" level="INFO">Clicking button '//button[@name='finish']'.</msg>
<status status="PASS" starttime="20230302 16:29:10.844" endtime="20230302 16:29:10.946"/>
</kw>
<kw name="Click Button" library="SeleniumLibrary">
<arg>${btn_backtohome}</arg>
<doc>Clicks the button identified by ``locator``.</doc>
<msg timestamp="20230302 16:29:10.947" level="INFO">Clicking button '//button[@name='back-to-products']'.</msg>
<status status="PASS" starttime="20230302 16:29:10.947" endtime="20230302 16:29:11.016"/>
</kw>
<status status="PASS" starttime="20230302 16:29:10.380" endtime="20230302 16:29:11.017"/>
</kw>
<kw name="Logout from the website" library="LogoutPage">
<kw name="Click Button" library="SeleniumLibrary">
<arg>${btn_menu}</arg>
<doc>Clicks the button identified by ``locator``.</doc>
<msg timestamp="20230302 16:29:11.018" level="INFO">Clicking button '//button[@id='react-burger-menu-btn']'.</msg>
<status status="PASS" starttime="20230302 16:29:11.018" endtime="20230302 16:29:11.078"/>
</kw>
<kw name="Click Link" library="SeleniumLibrary">
<arg>Logout</arg>
<doc>Clicks a link identified by ``locator``.</doc>
<msg timestamp="20230302 16:29:11.078" level="INFO">Clicking link 'Logout'.</msg>
<status status="PASS" starttime="20230302 16:29:11.078" endtime="20230302 16:29:11.202"/>
</kw>
<status status="PASS" starttime="20230302 16:29:11.017" endtime="20230302 16:29:11.202"/>
</kw>
<kw name="Close My Browser" library="CommonPage" type="TEARDOWN">
<kw name="Close All Browsers" library="SeleniumLibrary">
<doc>Closes all open browsers and resets the browser cache.</doc>
<status status="PASS" starttime="20230302 16:29:11.204" endtime="20230302 16:29:13.453"/>
</kw>
<status status="PASS" starttime="20230302 16:29:11.203" endtime="20230302 16:29:13.454"/>
</kw>
<status status="PASS" starttime="20230302 16:29:05.580" endtime="20230302 16:29:13.455"/>
</test>
<status status="PASS" starttime="20230302 16:29:05.533" endtime="20230302 16:29:13.458"/>
</suite>
<suite id="s1-s3" name="TC3 productOrder" source="C:\Users\AnkitKumar\PycharmProjects\SauceDemoRobotFramework\TestCases\TC3_productOrder.robot">
<test id="s1-s3-t1" name="Sorting the products and getting the values" line="12">
<kw name="Open my Browser" library="CommonPage" type="SETUP">
<kw name="Open Browser" library="SeleniumLibrary">
<arg>${site}</arg>
<arg>${browser}</arg>
<doc>Opens a new browser instance to the optional ``url``.</doc>
<msg timestamp="20230302 16:29:13.514" level="INFO">Opening browser 'Chrome' to base url 'https://www.saucedemo.com/'.</msg>
<status status="PASS" starttime="20230302 16:29:13.513" endtime="20230302 16:29:16.072"/>
</kw>
<kw name="Maximize Browser Window" library="SeleniumLibrary">
<doc>Maximizes current browser window.</doc>
<status status="PASS" starttime="20230302 16:29:16.072" endtime="20230302 16:29:16.204"/>
</kw>
<status status="PASS" starttime="20230302 16:29:13.513" endtime="20230302 16:29:16.205"/>
</kw>
<kw name="Enter Login Credentials and verfiy the page" library="LoginPage">
<kw name="Set Selenium Implicit Wait" library="SeleniumLibrary">
<arg>10</arg>
<doc>Sets the implicit wait value used by Selenium.</doc>
<status status="PASS" starttime="20230302 16:29:16.205" endtime="20230302 16:29:16.206"/>
</kw>
<kw name="Input Text" library="SeleniumLibrary">
<arg>${txt_username}</arg>
<arg>${username}</arg>
<doc>Types the given ``text`` into the text field identified by ``locator``.</doc>
<msg timestamp="20230302 16:29:16.207" level="INFO">Typing text 'standard_user' into text field '//input[@placeholder='Username']'.</msg>
<status status="PASS" starttime="20230302 16:29:16.207" endtime="20230302 16:29:16.374"/>
</kw>
<kw name="Input Password" library="SeleniumLibrary">
<arg>${txt_password}</arg>
<arg>${password}</arg>
<doc>Types the given password into the text field identified by ``locator``.</doc>
<msg timestamp="20230302 16:29:16.374" level="INFO">Typing password into text field '//input[@placeholder='Password']'.</msg>
<msg timestamp="20230302 16:29:16.418" level="INFO">Temporally setting log level to: NONE</msg>
<msg timestamp="20230302 16:29:16.488" level="INFO">Log level changed from NONE to INFO.</msg>
<status status="PASS" starttime="20230302 16:29:16.374" endtime="20230302 16:29:16.489"/>
</kw>
<kw name="Click Element" library="SeleniumLibrary">
<arg>${btn_login}</arg>
<doc>Click the element identified by ``locator``.</doc>
<msg timestamp="20230302 16:29:16.489" level="INFO">Clicking element '//input[@type='submit']'.</msg>
<status status="PASS" starttime="20230302 16:29:16.489" endtime="20230302 16:29:16.669"/>
</kw>
<kw name="Page Should Contain" library="SeleniumLibrary">
<arg>Sauce Labs</arg>
<doc>Verifies that current page contains ``text``.</doc>
<msg timestamp="20230302 16:29:16.758" level="INFO">Current page contains text 'Sauce Labs'.</msg>
<status status="PASS" starttime="20230302 16:29:16.669" endtime="20230302 16:29:16.758"/>
</kw>
<status status="PASS" starttime="20230302 16:29:16.205" endtime="20230302 16:29:16.758"/>
</kw>
<kw name="Select Products order list" library="ProductOrder">
<kw name="Select From List By Value" library="SeleniumLibrary">
<arg>${dropdown}</arg>
<arg>hilo</arg>
<doc>Selects options from selection list ``locator`` by ``values``.</doc>
<msg timestamp="20230302 16:29:16.764" level="INFO">Selecting options from selection list 'class:product_sort_container' by value hilo.</msg>
<status status="PASS" starttime="20230302 16:29:16.764" endtime="20230302 16:29:16.861"/>
</kw>
<kw name="Get Element Count" library="SeleniumLibrary">
<var>${count}</var>
<arg>${product_count}</arg>
<doc>Returns the number of elements matching ``locator``.</doc>
<msg timestamp="20230302 16:29:16.875" level="INFO">${count} = 6</msg>
<status status="PASS" starttime="20230302 16:29:16.862" endtime="20230302 16:29:16.875"/>
</kw>
<for flavor="IN RANGE">
<var>${i}</var>
<value>1</value>
<value>${count}+1</value>
<iter>
<var name="${i}">1</var>
<kw name="Get Text" library="SeleniumLibrary">
<var>${Text}</var>
<arg>${product_count} [${i}]</arg>
<doc>Returns the text value of the element identified by ``locator``.</doc>
<msg timestamp="20230302 16:29:16.896" level="INFO">${Text} = Sauce Labs Fleece Jacket</msg>
<status status="PASS" starttime="20230302 16:29:16.875" endtime="20230302 16:29:16.896"/>
</kw>
<kw name="Page Should Contain" library="SeleniumLibrary">
<arg>${Text}</arg>
<doc>Verifies that current page contains ``text``.</doc>
<msg timestamp="20230302 16:29:16.906" level="INFO">Current page contains text 'Sauce Labs Fleece Jacket'.</msg>
<status status="PASS" starttime="20230302 16:29:16.896" endtime="20230302 16:29:16.906"/>
</kw>
<status status="PASS" starttime="20230302 16:29:16.875" endtime="20230302 16:29:16.906"/>
</iter>
<iter>
<var name="${i}">2</var>
<kw name="Get Text" library="SeleniumLibrary">
<var>${Text}</var>
<arg>${product_count} [${i}]</arg>
<doc>Returns the text value of the element identified by ``locator``.</doc>
<msg timestamp="20230302 16:29:16.926" level="INFO">${Text} = Sauce Labs Backpack</msg>
<status status="PASS" starttime="20230302 16:29:16.907" endtime="20230302 16:29:16.926"/>
</kw>
<kw name="Page Should Contain" library="SeleniumLibrary">
<arg>${Text}</arg>
<doc>Verifies that current page contains ``text``.</doc>
<msg timestamp="20230302 16:29:16.938" level="INFO">Current page contains text 'Sauce Labs Backpack'.</msg>
<status status="PASS" starttime="20230302 16:29:16.927" endtime="20230302 16:29:16.938"/>
</kw>
<status status="PASS" starttime="20230302 16:29:16.906" endtime="20230302 16:29:16.938"/>
</iter>
<iter>
<var name="${i}">3</var>
<kw name="Get Text" library="SeleniumLibrary">
<var>${Text}</var>
<arg>${product_count} [${i}]</arg>
<doc>Returns the text value of the element identified by ``locator``.</doc>
<msg timestamp="20230302 16:29:16.958" level="INFO">${Text} = Sauce Labs Bolt T-Shirt</msg>
<status status="PASS" starttime="20230302 16:29:16.938" endtime="20230302 16:29:16.958"/>
</kw>
<kw name="Page Should Contain" library="SeleniumLibrary">
<arg>${Text}</arg>
<doc>Verifies that current page contains ``text``.</doc>
<msg timestamp="20230302 16:29:16.969" level="INFO">Current page contains text 'Sauce Labs Bolt T-Shirt'.</msg>
<status status="PASS" starttime="20230302 16:29:16.958" endtime="20230302 16:29:16.969"/>
</kw>
<status status="PASS" starttime="20230302 16:29:16.938" endtime="20230302 16:29:16.969"/>
</iter>
<iter>
<var name="${i}">4</var>
<kw name="Get Text" library="SeleniumLibrary">
<var>${Text}</var>
<arg>${product_count} [${i}]</arg>
<doc>Returns the text value of the element identified by ``locator``.</doc>
<msg timestamp="20230302 16:29:16.989" level="INFO">${Text} = Test.allTheThings() T-Shirt (Red)</msg>
<status status="PASS" starttime="20230302 16:29:16.969" endtime="20230302 16:29:16.989"/>
</kw>
<kw name="Page Should Contain" library="SeleniumLibrary">
<arg>${Text}</arg>
<doc>Verifies that current page contains ``text``.</doc>
<msg timestamp="20230302 16:29:17.001" level="INFO">Current page contains text 'Test.allTheThings() T-Shirt (Red)'.</msg>
<status status="PASS" starttime="20230302 16:29:16.989" endtime="20230302 16:29:17.001"/>
</kw>
<status status="PASS" starttime="20230302 16:29:16.969" endtime="20230302 16:29:17.001"/>
</iter>
<iter>
<var name="${i}">5</var>
<kw name="Get Text" library="SeleniumLibrary">
<var>${Text}</var>
<arg>${product_count} [${i}]</arg>
<doc>Returns the text value of the element identified by ``locator``.</doc>
<msg timestamp="20230302 16:29:17.023" level="INFO">${Text} = Sauce Labs Bike Light</msg>
<status status="PASS" starttime="20230302 16:29:17.001" endtime="20230302 16:29:17.023"/>
</kw>
<kw name="Page Should Contain" library="SeleniumLibrary">
<arg>${Text}</arg>
<doc>Verifies that current page contains ``text``.</doc>
<msg timestamp="20230302 16:29:17.034" level="INFO">Current page contains text 'Sauce Labs Bike Light'.</msg>
<status status="PASS" starttime="20230302 16:29:17.023" endtime="20230302 16:29:17.034"/>
</kw>
<status status="PASS" starttime="20230302 16:29:17.001" endtime="20230302 16:29:17.034"/>
</iter>
<iter>
<var name="${i}">6</var>
<kw name="Get Text" library="SeleniumLibrary">
<var>${Text}</var>
<arg>${product_count} [${i}]</arg>
<doc>Returns the text value of the element identified by ``locator``.</doc>
<msg timestamp="20230302 16:29:17.054" level="INFO">${Text} = Sauce Labs Onesie</msg>
<status status="PASS" starttime="20230302 16:29:17.035" endtime="20230302 16:29:17.054"/>
</kw>
<kw name="Page Should Contain" library="SeleniumLibrary">
<arg>${Text}</arg>
<doc>Verifies that current page contains ``text``.</doc>
<msg timestamp="20230302 16:29:17.065" level="INFO">Current page contains text 'Sauce Labs Onesie'.</msg>
<status status="PASS" starttime="20230302 16:29:17.054" endtime="20230302 16:29:17.065"/>
</kw>
<status status="PASS" starttime="20230302 16:29:17.035" endtime="20230302 16:29:17.065"/>
</iter>
<status status="PASS" starttime="20230302 16:29:16.875" endtime="20230302 16:29:17.065"/>
</for>
<status status="PASS" starttime="20230302 16:29:16.762" endtime="20230302 16:29:17.065"/>
</kw>
<kw name="Select Products price list" library="ProductOrder">
<kw name="Get Element Count" library="SeleniumLibrary">
<var>${count}</var>
<arg>${product_price_count}</arg>
<doc>Returns the number of elements matching ``locator``.</doc>
<msg timestamp="20230302 16:29:17.075" level="INFO">${count} = 6</msg>
<status status="PASS" starttime="20230302 16:29:17.066" endtime="20230302 16:29:17.075"/>
</kw>
<for flavor="IN RANGE">
<var>${i}</var>
<value>1</value>
<value>${count}+1</value>
<iter>
<var name="${i}">1</var>
<kw name="Get Text" library="SeleniumLibrary">
<var>${Text}</var>
<arg>${product_price_count} [${i}]</arg>
<doc>Returns the text value of the element identified by ``locator``.</doc>
<msg timestamp="20230302 16:29:17.094" level="INFO">${Text} = $49.99</msg>
<status status="PASS" starttime="20230302 16:29:17.075" endtime="20230302 16:29:17.094"/>
</kw>
<kw name="Log To Console" library="BuiltIn">
<arg>${Text}</arg>
<doc>Logs the given message to the console.</doc>
<status status="PASS" starttime="20230302 16:29:17.094" endtime="20230302 16:29:17.095"/>
</kw>
<kw name="Page Should Contain" library="SeleniumLibrary">
<arg>${Text}</arg>
<doc>Verifies that current page contains ``text``.</doc>
<msg timestamp="20230302 16:29:17.107" level="INFO">Current page contains text '$49.99'.</msg>
<status status="PASS" starttime="20230302 16:29:17.095" endtime="20230302 16:29:17.107"/>
</kw>
<status status="PASS" starttime="20230302 16:29:17.075" endtime="20230302 16:29:17.107"/>
</iter>
<iter>
<var name="${i}">2</var>
<kw name="Get Text" library="SeleniumLibrary">
<var>${Text}</var>
<arg>${product_price_count} [${i}]</arg>
<doc>Returns the text value of the element identified by ``locator``.</doc>
<msg timestamp="20230302 16:29:17.130" level="INFO">${Text} = $29.99</msg>
<status status="PASS" starttime="20230302 16:29:17.107" endtime="20230302 16:29:17.130"/>
</kw>
<kw name="Log To Console" library="BuiltIn">
<arg>${Text}</arg>
<doc>Logs the given message to the console.</doc>
<status status="PASS" starttime="20230302 16:29:17.130" endtime="20230302 16:29:17.131"/>
</kw>
<kw name="Page Should Contain" library="SeleniumLibrary">
<arg>${Text}</arg>
<doc>Verifies that current page contains ``text``.</doc>
<msg timestamp="20230302 16:29:17.141" level="INFO">Current page contains text '$29.99'.</msg>
<status status="PASS" starttime="20230302 16:29:17.131" endtime="20230302 16:29:17.142"/>
</kw>
<status status="PASS" starttime="20230302 16:29:17.107" endtime="20230302 16:29:17.142"/>
</iter>
<iter>
<var name="${i}">3</var>
<kw name="Get Text" library="SeleniumLibrary">
<var>${Text}</var>
<arg>${product_price_count} [${i}]</arg>
<doc>Returns the text value of the element identified by ``locator``.</doc>
<msg timestamp="20230302 16:29:17.166" level="INFO">${Text} = $15.99</msg>
<status status="PASS" starttime="20230302 16:29:17.142" endtime="20230302 16:29:17.166"/>
</kw>
<kw name="Log To Console" library="BuiltIn">
<arg>${Text}</arg>
<doc>Logs the given message to the console.</doc>
<status status="PASS" starttime="20230302 16:29:17.166" endtime="20230302 16:29:17.167"/>
</kw>
<kw name="Page Should Contain" library="SeleniumLibrary">
<arg>${Text}</arg>
<doc>Verifies that current page contains ``text``.</doc>
<msg timestamp="20230302 16:29:17.178" level="INFO">Current page contains text '$15.99'.</msg>
<status status="PASS" starttime="20230302 16:29:17.167" endtime="20230302 16:29:17.178"/>
</kw>
<status status="PASS" starttime="20230302 16:29:17.142" endtime="20230302 16:29:17.178"/>
</iter>
<iter>
<var name="${i}">4</var>
<kw name="Get Text" library="SeleniumLibrary">
<var>${Text}</var>
<arg>${product_price_count} [${i}]</arg>
<doc>Returns the text value of the element identified by ``locator``.</doc>
<msg timestamp="20230302 16:29:17.202" level="INFO">${Text} = $15.99</msg>
<status status="PASS" starttime="20230302 16:29:17.179" endtime="20230302 16:29:17.202"/>
</kw>
<kw name="Log To Console" library="BuiltIn">
<arg>${Text}</arg>
<doc>Logs the given message to the console.</doc>
<status status="PASS" starttime="20230302 16:29:17.202" endtime="20230302 16:29:17.203"/>
</kw>
<kw name="Page Should Contain" library="SeleniumLibrary">
<arg>${Text}</arg>
<doc>Verifies that current page contains ``text``.</doc>
<msg timestamp="20230302 16:29:17.220" level="INFO">Current page contains text '$15.99'.</msg>
<status status="PASS" starttime="20230302 16:29:17.204" endtime="20230302 16:29:17.220"/>
</kw>
<status status="PASS" starttime="20230302 16:29:17.179" endtime="20230302 16:29:17.220"/>
</iter>
<iter>
<var name="${i}">5</var>
<kw name="Get Text" library="SeleniumLibrary">
<var>${Text}</var>
<arg>${product_price_count} [${i}]</arg>
<doc>Returns the text value of the element identified by ``locator``.</doc>
<msg timestamp="20230302 16:29:17.250" level="INFO">${Text} = $9.99</msg>
<status status="PASS" starttime="20230302 16:29:17.220" endtime="20230302 16:29:17.250"/>
</kw>
<kw name="Log To Console" library="BuiltIn">
<arg>${Text}</arg>
<doc>Logs the given message to the console.</doc>
<status status="PASS" starttime="20230302 16:29:17.250" endtime="20230302 16:29:17.251"/>
</kw>
<kw name="Page Should Contain" library="SeleniumLibrary">
<arg>${Text}</arg>
<doc>Verifies that current page contains ``text``.</doc>
<msg timestamp="20230302 16:29:17.267" level="INFO">Current page contains text '$9.99'.</msg>
<status status="PASS" starttime="20230302 16:29:17.251" endtime="20230302 16:29:17.267"/>
</kw>
<status status="PASS" starttime="20230302 16:29:17.220" endtime="20230302 16:29:17.267"/>
</iter>
<iter>
<var name="${i}">6</var>
<kw name="Get Text" library="SeleniumLibrary">
<var>${Text}</var>
<arg>${product_price_count} [${i}]</arg>
<doc>Returns the text value of the element identified by ``locator``.</doc>
<msg timestamp="20230302 16:29:17.291" level="INFO">${Text} = $7.99</msg>
<status status="PASS" starttime="20230302 16:29:17.267" endtime="20230302 16:29:17.291"/>
</kw>
<kw name="Log To Console" library="BuiltIn">
<arg>${Text}</arg>
<doc>Logs the given message to the console.</doc>
<status status="PASS" starttime="20230302 16:29:17.291" endtime="20230302 16:29:17.292"/>
</kw>
<kw name="Page Should Contain" library="SeleniumLibrary">
<arg>${Text}</arg>
<doc>Verifies that current page contains ``text``.</doc>
<msg timestamp="20230302 16:29:17.304" level="INFO">Current page contains text '$7.99'.</msg>
<status status="PASS" starttime="20230302 16:29:17.292" endtime="20230302 16:29:17.305"/>
</kw>
<status status="PASS" starttime="20230302 16:29:17.267" endtime="20230302 16:29:17.305"/>
</iter>
<status status="PASS" starttime="20230302 16:29:17.075" endtime="20230302 16:29:17.305"/>
</for>
<status status="PASS" starttime="20230302 16:29:17.065" endtime="20230302 16:29:17.305"/>
</kw>
<kw name="Social Media Accounts with mulitple window handles" library="ProductOrder">
<kw name="Get Element Count" library="SeleniumLibrary">
<var>${count}</var>
<arg>${social_media}</arg>
<doc>Returns the number of elements matching ``locator``.</doc>
<msg timestamp="20230302 16:29:17.316" level="INFO">${count} = 3</msg>
<status status="PASS" starttime="20230302 16:29:17.306" endtime="20230302 16:29:17.317"/>
</kw>
<for flavor="IN RANGE">
<var>${i}</var>
<value>1</value>
<value>${count}+1</value>
<iter>
<var name="${i}">1</var>
<kw name="Click Element" library="SeleniumLibrary">
<arg>${social_media} [${i}]</arg>
<doc>Click the element identified by ``locator``.</doc>
<msg timestamp="20230302 16:29:17.317" level="INFO">Clicking element '(//a[@rel='noreferrer']) [1]'.</msg>
<status status="PASS" starttime="20230302 16:29:17.317" endtime="20230302 16:29:17.414"/>
</kw>
<kw name="Get Window Handles" library="SeleniumLibrary">
<var>${windowhandles}</var>
<doc>Returns all child window handles of the selected browser as a list.</doc>
<msg timestamp="20230302 16:29:17.425" level="INFO">${windowhandles} = ['CDwindow-BD21D659F3C898BF9679D2E93BFC04C9', 'CDwindow-E2B2EBF6BF66E9AA6637815A49393B31']</msg>
<status status="PASS" starttime="20230302 16:29:17.414" endtime="20230302 16:29:17.425"/>
</kw>
<kw name="Switch Window" library="SeleniumLibrary">
<arg>${windowhandles}[1]</arg>
<doc>Switches to browser window matching ``locator``.</doc>
<status status="PASS" starttime="20230302 16:29:17.425" endtime="20230302 16:29:17.529"/>
</kw>
<kw name="Close Window" library="SeleniumLibrary">
<doc>Closes currently opened and selected browser window/tab.</doc>
<status status="PASS" starttime="20230302 16:29:17.529" endtime="20230302 16:29:17.632"/>
</kw>
<kw name="Switch Window" library="SeleniumLibrary">
<arg>${windowhandles}[0]</arg>
<doc>Switches to browser window matching ``locator``.</doc>
<status status="PASS" starttime="20230302 16:29:17.633" endtime="20230302 16:29:17.649"/>
</kw>
<status status="PASS" starttime="20230302 16:29:17.317" endtime="20230302 16:29:17.649"/>
</iter>
<iter>
<var name="${i}">2</var>
<kw name="Click Element" library="SeleniumLibrary">
<arg>${social_media} [${i}]</arg>
<doc>Click the element identified by ``locator``.</doc>
<msg timestamp="20230302 16:29:17.650" level="INFO">Clicking element '(//a[@rel='noreferrer']) [2]'.</msg>
<status status="PASS" starttime="20230302 16:29:17.650" endtime="20230302 16:29:17.825"/>
</kw>
<kw name="Get Window Handles" library="SeleniumLibrary">
<var>${windowhandles}</var>
<doc>Returns all child window handles of the selected browser as a list.</doc>
<msg timestamp="20230302 16:29:17.844" level="INFO">${windowhandles} = ['CDwindow-BD21D659F3C898BF9679D2E93BFC04C9', 'CDwindow-BC96DDBC65A5A402D40E3403F8A9A3A0']</msg>
<status status="PASS" starttime="20230302 16:29:17.825" endtime="20230302 16:29:17.845"/>
</kw>
<kw name="Switch Window" library="SeleniumLibrary">
<arg>${windowhandles}[1]</arg>
<doc>Switches to browser window matching ``locator``.</doc>
<status status="PASS" starttime="20230302 16:29:17.845" endtime="20230302 16:29:17.947"/>
</kw>
<kw name="Close Window" library="SeleniumLibrary">
<doc>Closes currently opened and selected browser window/tab.</doc>
<status status="PASS" starttime="20230302 16:29:17.948" endtime="20230302 16:29:18.003"/>
</kw>
<kw name="Switch Window" library="SeleniumLibrary">
<arg>${windowhandles}[0]</arg>
<doc>Switches to browser window matching ``locator``.</doc>
<status status="PASS" starttime="20230302 16:29:18.004" endtime="20230302 16:29:18.028"/>
</kw>
<status status="PASS" starttime="20230302 16:29:17.649" endtime="20230302 16:29:18.028"/>
</iter>
<iter>
<var name="${i}">3</var>
<kw name="Click Element" library="SeleniumLibrary">
<arg>${social_media} [${i}]</arg>
<doc>Click the element identified by ``locator``.</doc>
<msg timestamp="20230302 16:29:18.032" level="INFO">Clicking element '(//a[@rel='noreferrer']) [3]'.</msg>
<status status="PASS" starttime="20230302 16:29:18.029" endtime="20230302 16:29:18.170"/>
</kw>
<kw name="Get Window Handles" library="SeleniumLibrary">
<var>${windowhandles}</var>
<doc>Returns all child window handles of the selected browser as a list.</doc>
<msg timestamp="20230302 16:29:18.187" level="INFO">${windowhandles} = ['CDwindow-BD21D659F3C898BF9679D2E93BFC04C9', 'CDwindow-4B1A7FE3D2E2D1676580E116EDD54B71']</msg>
<status status="PASS" starttime="20230302 16:29:18.171" endtime="20230302 16:29:18.187"/>
</kw>
<kw name="Switch Window" library="SeleniumLibrary">
<arg>${windowhandles}[1]</arg>
<doc>Switches to browser window matching ``locator``.</doc>
<status status="PASS" starttime="20230302 16:29:18.187" endtime="20230302 16:29:18.316"/>
</kw>
<kw name="Close Window" library="SeleniumLibrary">
<doc>Closes currently opened and selected browser window/tab.</doc>
<status status="PASS" starttime="20230302 16:29:18.316" endtime="20230302 16:29:18.365"/>
</kw>
<kw name="Switch Window" library="SeleniumLibrary">
<arg>${windowhandles}[0]</arg>
<doc>Switches to browser window matching ``locator``.</doc>
<status status="PASS" starttime="20230302 16:29:18.365" endtime="20230302 16:29:18.376"/>
</kw>
<status status="PASS" starttime="20230302 16:29:18.029" endtime="20230302 16:29:18.376"/>
</iter>
<status status="PASS" starttime="20230302 16:29:17.317" endtime="20230302 16:29:18.376"/>
</for>
<status status="PASS" starttime="20230302 16:29:17.305" endtime="20230302 16:29:18.377"/>
</kw>
<kw name="verifying Website Privacy Policy Text" library="ProductOrder">
<kw name="Get Text" library="SeleniumLibrary">
<var>${Text}</var>
<arg>${txt_privacy}</arg>
<doc>Returns the text value of the element identified by ``locator``.</doc>
<msg timestamp="20230302 16:29:18.445" level="INFO">${Text} = © 2023 Sauce Labs. All Rights Reserved. Terms of Service | Privacy Policy</msg>
<status status="PASS" starttime="20230302 16:29:18.381" endtime="20230302 16:29:18.445"/>
</kw>
<kw name="Log To Console" library="BuiltIn">
<arg>${Text}</arg>
<doc>Logs the given message to the console.</doc>
<status status="PASS" starttime="20230302 16:29:18.445" endtime="20230302 16:29:18.446"/>
</kw>
<status status="PASS" starttime="20230302 16:29:18.379" endtime="20230302 16:29:18.446"/>
</kw>
<kw name="Logout from the website" library="LogoutPage">
<kw name="Click Button" library="SeleniumLibrary">
<arg>${btn_menu}</arg>
<doc>Clicks the button identified by ``locator``.</doc>
<msg timestamp="20230302 16:29:18.448" level="INFO">Clicking button '//button[@id='react-burger-menu-btn']'.</msg>
<status status="PASS" starttime="20230302 16:29:18.447" endtime="20230302 16:29:18.566"/>
</kw>
<kw name="Click Link" library="SeleniumLibrary">
<arg>Logout</arg>
<doc>Clicks a link identified by ``locator``.</doc>
<msg timestamp="20230302 16:29:18.567" level="INFO">Clicking link 'Logout'.</msg>
<status status="PASS" starttime="20230302 16:29:18.567" endtime="20230302 16:29:18.717"/>
</kw>
<status status="PASS" starttime="20230302 16:29:18.447" endtime="20230302 16:29:18.718"/>
</kw>
<kw name="Close My Browser" library="CommonPage" type="TEARDOWN">
<kw name="Close All Browsers" library="SeleniumLibrary">
<doc>Closes all open browsers and resets the browser cache.</doc>
<status status="PASS" starttime="20230302 16:29:18.720" endtime="20230302 16:29:20.942"/>
</kw>
<status status="PASS" starttime="20230302 16:29:18.719" endtime="20230302 16:29:20.942"/>
</kw>
<status status="PASS" starttime="20230302 16:29:13.511" endtime="20230302 16:29:20.944"/>
</test>
<status status="PASS" starttime="20230302 16:29:13.463" endtime="20230302 16:29:20.948"/>
</suite>
<status status="PASS" starttime="20230302 16:28:59.420" endtime="20230302 16:29:20.956"/>
</suite>
<statistics>
<total>
<stat pass="3" fail="0" skip="0">All Tests</stat>
</total>
<tag>
</tag>
<suite>
<stat pass="3" fail="0" skip="0" id="s1" name="TestCases">TestCases</stat>
<stat pass="1" fail="0" skip="0" id="s1-s1" name="TC1 LoginPage">TestCases.TC1 LoginPage</stat>
<stat pass="1" fail="0" skip="0" id="s1-s2" name="TC2 AddProductPage">TestCases.TC2 AddProductPage</stat>
<stat pass="1" fail="0" skip="0" id="s1-s3" name="TC3 productOrder">TestCases.TC3 productOrder</stat>
</suite>
</statistics>
<errors>
<msg timestamp="20230302 16:28:59.417" level="ERROR">Taking listener 'AllureReportLibrary.AllureListener' into use failed: Importing listener 'AllureReportLibrary.AllureListener' failed: ModuleNotFoundError: No module named 'AllureListener'
Traceback (most recent call last):
  File "C:\Users\AnkitKumar\AppData\Local\Programs\Python\Python310\lib\site-packages\AllureReportLibrary\__init__.py", line 2, in &lt;module&gt;
    from AllureListener import *
PYTHONPATH:
  C:\Users\AnkitKumar\AppData\Local\Programs\Python\Python310\Scripts\robot.exe
  C:\Users\AnkitKumar\AppData\Local\Programs\Python\Python310\python310.zip
  C:\Users\AnkitKumar\AppData\Local\Programs\Python\Python310\DLLs
  C:\Users\AnkitKumar\AppData\Local\Programs\Python\Python310\lib
  C:\Users\AnkitKumar\AppData\Local\Programs\Python\Python310
  C:\Users\AnkitKumar\AppData\Local\Programs\Python\Python310\lib\site-packages
  C:\Users\AnkitKumar\AppData\Local\Programs\Python\Python310\lib\site-packages\win32
  C:\Users\AnkitKumar\AppData\Local\Programs\Python\Python310\lib\site-packages\win32\lib
  C:\Users\AnkitKumar\AppData\Local\Programs\Python\Python310\lib\site-packages\Pythonwin</msg>
</errors>
</robot>
