<?xml version="1.0" encoding="UTF-8"?>
<robot generator="Robot 5.0.1 (Python 3.10.5 on win32)" generated="20230302 16:23:40.152" rpa="false" schemaversion="3">
<suite id="s1" name="Suites">
<suite id="s1-s1" name="TC3 productOrder" source="C:\Users\AnkitKumar\PycharmProjects\SauceDemoRobotFramework\TestCases\TC3_productOrder.robot">
<test id="s1-s1-t1" name="Sorting the products and getting the values" line="12">
<kw name="Open my Browser" library="CommonPage" type="SETUP">
<kw name="Open Browser" library="SeleniumLibrary">
<arg>${site}</arg>
<arg>${browser}</arg>
<doc>Opens a new browser instance to the optional ``url``.</doc>
<msg timestamp="20230302 16:23:40.685" level="INFO">Opening browser 'Chrome' to base url 'https://www.saucedemo.com/'.</msg>
<status status="PASS" starttime="20230302 16:23:40.684" endtime="20230302 16:23:45.452"/>
</kw>
<kw name="Maximize Browser Window" library="SeleniumLibrary">
<doc>Maximizes current browser window.</doc>
<status status="PASS" starttime="20230302 16:23:45.453" endtime="20230302 16:23:45.778"/>
</kw>
<status status="PASS" starttime="20230302 16:23:40.684" endtime="20230302 16:23:45.779"/>
</kw>
<kw name="Enter Login Credentials and verfiy the page" library="LoginPage">
<kw name="Set Selenium Implicit Wait" library="SeleniumLibrary">
<arg>10</arg>
<doc>Sets the implicit wait value used by Selenium.</doc>
<status status="PASS" starttime="20230302 16:23:45.780" endtime="20230302 16:23:45.785"/>
</kw>
<kw name="Input Text" library="SeleniumLibrary">
<arg>${txt_username}</arg>
<arg>${username}</arg>
<doc>Types the given ``text`` into the text field identified by ``locator``.</doc>
<msg timestamp="20230302 16:23:45.787" level="INFO">Typing text 'standard_user' into text field '//input[@placeholder='Username']'.</msg>
<status status="PASS" starttime="20230302 16:23:45.785" endtime="20230302 16:23:46.698"/>
</kw>
<kw name="Input Password" library="SeleniumLibrary">
<arg>${txt_password}</arg>
<arg>${password}</arg>
<doc>Types the given password into the text field identified by ``locator``.</doc>
<msg timestamp="20230302 16:23:46.700" level="INFO">Typing password into text field '//input[@placeholder='Password']'.</msg>
<msg timestamp="20230302 16:23:46.932" level="INFO">Temporally setting log level to: NONE</msg>
<msg timestamp="20230302 16:23:47.115" level="INFO">Log level changed from NONE to INFO.</msg>
<status status="PASS" starttime="20230302 16:23:46.699" endtime="20230302 16:23:47.116"/>
</kw>
<kw name="Click Element" library="SeleniumLibrary">
<arg>${btn_login}</arg>
<doc>Click the element identified by ``locator``.</doc>
<msg timestamp="20230302 16:23:47.117" level="INFO">Clicking element '//input[@type='submit']'.</msg>
<status status="PASS" starttime="20230302 16:23:47.116" endtime="20230302 16:23:47.555"/>
</kw>
<kw name="Page Should Contain" library="SeleniumLibrary">
<arg>Sauce Labs</arg>
<doc>Verifies that current page contains ``text``.</doc>
<msg timestamp="20230302 16:23:47.747" level="INFO">Current page contains text 'Sauce Labs'.</msg>
<status status="PASS" starttime="20230302 16:23:47.555" endtime="20230302 16:23:47.747"/>
</kw>
<status status="PASS" starttime="20230302 16:23:45.779" endtime="20230302 16:23:47.748"/>
</kw>
<kw name="Select Products order list" library="ProductOrder">
<kw name="Select From List By Value" library="SeleniumLibrary">
<arg>${dropdown}</arg>
<arg>hilo</arg>
<doc>Selects options from selection list ``locator`` by ``values``.</doc>
<msg timestamp="20230302 16:23:47.749" level="INFO">Selecting options from selection list 'class:product_sort_container' by value hilo.</msg>
<status status="PASS" starttime="20230302 16:23:47.749" endtime="20230302 16:23:47.971"/>
</kw>
<kw name="Get Element Count" library="SeleniumLibrary">
<var>${count}</var>
<arg>${product_count}</arg>
<doc>Returns the number of elements matching ``locator``.</doc>
<msg timestamp="20230302 16:23:47.999" level="INFO">${count} = 6</msg>
<status status="PASS" starttime="20230302 16:23:47.971" endtime="20230302 16:23:47.999"/>
</kw>
<for flavor="IN RANGE">
<var>${i}</var>
<value>1</value>
<value>${count}+1</value>
<iter>
<var name="${i}">1</var>
<kw name="Get Text" library="SeleniumLibrary">
<var>${Text}</var>
<arg>${product_count} [${i}]</arg>
<doc>Returns the text value of the element identified by ``locator``.</doc>
<msg timestamp="20230302 16:23:48.039" level="INFO">${Text} = Sauce Labs Fleece Jacket</msg>
<status status="PASS" starttime="20230302 16:23:48.000" endtime="20230302 16:23:48.039"/>
</kw>
<kw name="Page Should Contain" library="SeleniumLibrary">
<arg>${Text}</arg>
<doc>Verifies that current page contains ``text``.</doc>
<msg timestamp="20230302 16:23:48.061" level="INFO">Current page contains text 'Sauce Labs Fleece Jacket'.</msg>
<status status="PASS" starttime="20230302 16:23:48.040" endtime="20230302 16:23:48.061"/>
</kw>
<status status="PASS" starttime="20230302 16:23:48.000" endtime="20230302 16:23:48.061"/>
</iter>
<iter>
<var name="${i}">2</var>
<kw name="Get Text" library="SeleniumLibrary">
<var>${Text}</var>
<arg>${product_count} [${i}]</arg>
<doc>Returns the text value of the element identified by ``locator``.</doc>
<msg timestamp="20230302 16:23:48.102" level="INFO">${Text} = Sauce Labs Backpack</msg>
<status status="PASS" starttime="20230302 16:23:48.062" endtime="20230302 16:23:48.102"/>
</kw>
<kw name="Page Should Contain" library="SeleniumLibrary">
<arg>${Text}</arg>
<doc>Verifies that current page contains ``text``.</doc>
<msg timestamp="20230302 16:23:48.129" level="INFO">Current page contains text 'Sauce Labs Backpack'.</msg>
<status status="PASS" starttime="20230302 16:23:48.103" endtime="20230302 16:23:48.129"/>
</kw>
<status status="PASS" starttime="20230302 16:23:48.062" endtime="20230302 16:23:48.130"/>
</iter>
<iter>
<var name="${i}">3</var>
<kw name="Get Text" library="SeleniumLibrary">
<var>${Text}</var>
<arg>${product_count} [${i}]</arg>
<doc>Returns the text value of the element identified by ``locator``.</doc>
<msg timestamp="20230302 16:23:48.169" level="INFO">${Text} = Sauce Labs Bolt T-Shirt</msg>
<status status="PASS" starttime="20230302 16:23:48.130" endtime="20230302 16:23:48.170"/>
</kw>
<kw name="Page Should Contain" library="SeleniumLibrary">
<arg>${Text}</arg>
<doc>Verifies that current page contains ``text``.</doc>
<msg timestamp="20230302 16:23:48.192" level="INFO">Current page contains text 'Sauce Labs Bolt T-Shirt'.</msg>
<status status="PASS" starttime="20230302 16:23:48.170" endtime="20230302 16:23:48.192"/>
</kw>
<status status="PASS" starttime="20230302 16:23:48.130" endtime="20230302 16:23:48.192"/>
</iter>
<iter>
<var name="${i}">4</var>
<kw name="Get Text" library="SeleniumLibrary">
<var>${Text}</var>
<arg>${product_count} [${i}]</arg>
<doc>Returns the text value of the element identified by ``locator``.</doc>
<msg timestamp="20230302 16:23:48.235" level="INFO">${Text} = Test.allTheThings() T-Shirt (Red)</msg>
<status status="PASS" starttime="20230302 16:23:48.193" endtime="20230302 16:23:48.235"/>
</kw>
<kw name="Page Should Contain" library="SeleniumLibrary">
<arg>${Text}</arg>
<doc>Verifies that current page contains ``text``.</doc>
<msg timestamp="20230302 16:23:48.256" level="INFO">Current page contains text 'Test.allTheThings() T-Shirt (Red)'.</msg>
<status status="PASS" starttime="20230302 16:23:48.235" endtime="20230302 16:23:48.256"/>
</kw>
<status status="PASS" starttime="20230302 16:23:48.192" endtime="20230302 16:23:48.256"/>
</iter>
<iter>
<var name="${i}">5</var>
<kw name="Get Text" library="SeleniumLibrary">
<var>${Text}</var>
<arg>${product_count} [${i}]</arg>
<doc>Returns the text value of the element identified by ``locator``.</doc>
<msg timestamp="20230302 16:23:48.299" level="INFO">${Text} = Sauce Labs Bike Light</msg>
<status status="PASS" starttime="20230302 16:23:48.257" endtime="20230302 16:23:48.299"/>
</kw>
<kw name="Page Should Contain" library="SeleniumLibrary">
<arg>${Text}</arg>
<doc>Verifies that current page contains ``text``.</doc>
<msg timestamp="20230302 16:23:48.322" level="INFO">Current page contains text 'Sauce Labs Bike Light'.</msg>
<status status="PASS" starttime="20230302 16:23:48.299" endtime="20230302 16:23:48.323"/>
</kw>
<status status="PASS" starttime="20230302 16:23:48.257" endtime="20230302 16:23:48.324"/>
</iter>
<iter>
<var name="${i}">6</var>
<kw name="Get Text" library="SeleniumLibrary">
<var>${Text}</var>
<arg>${product_count} [${i}]</arg>
<doc>Returns the text value of the element identified by ``locator``.</doc>
<msg timestamp="20230302 16:23:48.361" level="INFO">${Text} = Sauce Labs Onesie</msg>
<status status="PASS" starttime="20230302 16:23:48.325" endtime="20230302 16:23:48.361"/>
</kw>
<kw name="Page Should Contain" library="SeleniumLibrary">
<arg>${Text}</arg>
<doc>Verifies that current page contains ``text``.</doc>
<msg timestamp="20230302 16:23:48.378" level="INFO">Current page contains text 'Sauce Labs Onesie'.</msg>
<status status="PASS" starttime="20230302 16:23:48.361" endtime="20230302 16:23:48.379"/>
</kw>
<status status="PASS" starttime="20230302 16:23:48.325" endtime="20230302 16:23:48.379"/>
</iter>
<status status="PASS" starttime="20230302 16:23:47.999" endtime="20230302 16:23:48.379"/>
</for>
<status status="PASS" starttime="20230302 16:23:47.748" endtime="20230302 16:23:48.379"/>
</kw>
<kw name="Select Products price list" library="ProductOrder">
<kw name="Get Element Count" library="SeleniumLibrary">
<var>${count}</var>
<arg>${product_price_count}</arg>
<doc>Returns the number of elements matching ``locator``.</doc>
<msg timestamp="20230302 16:23:48.412" level="INFO">${count} = 6</msg>
<status status="PASS" starttime="20230302 16:23:48.381" endtime="20230302 16:23:48.413"/>
</kw>
<for flavor="IN RANGE">
<var>${i}</var>
<value>1</value>
<value>${count}+1</value>
<iter>
<var name="${i}">1</var>
<kw name="Get Text" library="SeleniumLibrary">
<var>${Text}</var>
<arg>${product_price_count} [${i}]</arg>
<doc>Returns the text value of the element identified by ``locator``.</doc>
<msg timestamp="20230302 16:23:48.449" level="INFO">${Text} = $49.99</msg>
<status status="PASS" starttime="20230302 16:23:48.415" endtime="20230302 16:23:48.449"/>
</kw>
<kw name="Log To Console" library="BuiltIn">
<arg>${Text}</arg>
<doc>Logs the given message to the console.</doc>
<status status="PASS" starttime="20230302 16:23:48.450" endtime="20230302 16:23:48.451"/>
</kw>
<kw name="Page Should Contain" library="SeleniumLibrary">
<arg>${Text}</arg>
<doc>Verifies that current page contains ``text``.</doc>
<msg timestamp="20230302 16:23:48.471" level="INFO">Current page contains text '$49.99'.</msg>
<status status="PASS" starttime="20230302 16:23:48.451" endtime="20230302 16:23:48.471"/>
</kw>
<status status="PASS" starttime="20230302 16:23:48.415" endtime="20230302 16:23:48.471"/>
</iter>
<iter>
<var name="${i}">2</var>
<kw name="Get Text" library="SeleniumLibrary">
<var>${Text}</var>
<arg>${product_price_count} [${i}]</arg>
<doc>Returns the text value of the element identified by ``locator``.</doc>
<msg timestamp="20230302 16:23:48.511" level="INFO">${Text} = $29.99</msg>
<status status="PASS" starttime="20230302 16:23:48.472" endtime="20230302 16:23:48.511"/>
</kw>
<kw name="Log To Console" library="BuiltIn">
<arg>${Text}</arg>
<doc>Logs the given message to the console.</doc>
<status status="PASS" starttime="20230302 16:23:48.512" endtime="20230302 16:23:48.513"/>
</kw>
<kw name="Page Should Contain" library="SeleniumLibrary">
<arg>${Text}</arg>
<doc>Verifies that current page contains ``text``.</doc>
<msg timestamp="20230302 16:23:48.532" level="INFO">Current page contains text '$29.99'.</msg>
<status status="PASS" starttime="20230302 16:23:48.513" endtime="20230302 16:23:48.532"/>
</kw>
<status status="PASS" starttime="20230302 16:23:48.472" endtime="20230302 16:23:48.533"/>
</iter>
<iter>
<var name="${i}">3</var>
<kw name="Get Text" library="SeleniumLibrary">
<var>${Text}</var>
<arg>${product_price_count} [${i}]</arg>
<doc>Returns the text value of the element identified by ``locator``.</doc>
<msg timestamp="20230302 16:23:48.581" level="INFO">${Text} = $15.99</msg>
<status status="PASS" starttime="20230302 16:23:48.533" endtime="20230302 16:23:48.581"/>
</kw>
<kw name="Log To Console" library="BuiltIn">
<arg>${Text}</arg>
<doc>Logs the given message to the console.</doc>
<status status="PASS" starttime="20230302 16:23:48.582" endtime="20230302 16:23:48.583"/>
</kw>
<kw name="Page Should Contain" library="SeleniumLibrary">
<arg>${Text}</arg>
<doc>Verifies that current page contains ``text``.</doc>
<msg timestamp="20230302 16:23:48.607" level="INFO">Current page contains text '$15.99'.</msg>
<status status="PASS" starttime="20230302 16:23:48.583" endtime="20230302 16:23:48.607"/>
</kw>
<status status="PASS" starttime="20230302 16:23:48.533" endtime="20230302 16:23:48.608"/>
</iter>
<iter>
<var name="${i}">4</var>
<kw name="Get Text" library="SeleniumLibrary">
<var>${Text}</var>
<arg>${product_price_count} [${i}]</arg>
<doc>Returns the text value of the element identified by ``locator``.</doc>
<msg timestamp="20230302 16:23:48.645" level="INFO">${Text} = $15.99</msg>
<status status="PASS" starttime="20230302 16:23:48.609" endtime="20230302 16:23:48.645"/>
</kw>
<kw name="Log To Console" library="BuiltIn">
<arg>${Text}</arg>
<doc>Logs the given message to the console.</doc>
<status status="PASS" starttime="20230302 16:23:48.645" endtime="20230302 16:23:48.646"/>
</kw>
<kw name="Page Should Contain" library="SeleniumLibrary">
<arg>${Text}</arg>
<doc>Verifies that current page contains ``text``.</doc>
<msg timestamp="20230302 16:23:48.660" level="INFO">Current page contains text '$15.99'.</msg>
<status status="PASS" starttime="20230302 16:23:48.647" endtime="20230302 16:23:48.661"/>
</kw>
<status status="PASS" starttime="20230302 16:23:48.609" endtime="20230302 16:23:48.661"/>
</iter>
<iter>
<var name="${i}">5</var>
<kw name="Get Text" library="SeleniumLibrary">
<var>${Text}</var>
<arg>${product_price_count} [${i}]</arg>
<doc>Returns the text value of the element identified by ``locator``.</doc>
<msg timestamp="20230302 16:23:48.708" level="INFO">${Text} = $9.99</msg>
<status status="PASS" starttime="20230302 16:23:48.662" endtime="20230302 16:23:48.708"/>
</kw>
<kw name="Log To Console" library="BuiltIn">
<arg>${Text}</arg>
<doc>Logs the given message to the console.</doc>
<status status="PASS" starttime="20230302 16:23:48.709" endtime="20230302 16:23:48.710"/>
</kw>
<kw name="Page Should Contain" library="SeleniumLibrary">
<arg>${Text}</arg>
<doc>Verifies that current page contains ``text``.</doc>
<msg timestamp="20230302 16:23:48.735" level="INFO">Current page contains text '$9.99'.</msg>
<status status="PASS" starttime="20230302 16:23:48.711" endtime="20230302 16:23:48.735"/>
</kw>
<status status="PASS" starttime="20230302 16:23:48.661" endtime="20230302 16:23:48.735"/>
</iter>
<iter>
<var name="${i}">6</var>
<kw name="Get Text" library="SeleniumLibrary">
<var>${Text}</var>
<arg>${product_price_count} [${i}]</arg>
<doc>Returns the text value of the element identified by ``locator``.</doc>
<msg timestamp="20230302 16:23:48.769" level="INFO">${Text} = $7.99</msg>
<status status="PASS" starttime="20230302 16:23:48.736" endtime="20230302 16:23:48.770"/>
</kw>
<kw name="Log To Console" library="BuiltIn">
<arg>${Text}</arg>
<doc>Logs the given message to the console.</doc>
<status status="PASS" starttime="20230302 16:23:48.770" endtime="20230302 16:23:48.771"/>
</kw>
<kw name="Page Should Contain" library="SeleniumLibrary">
<arg>${Text}</arg>
<doc>Verifies that current page contains ``text``.</doc>
<msg timestamp="20230302 16:23:48.794" level="INFO">Current page contains text '$7.99'.</msg>
<status status="PASS" starttime="20230302 16:23:48.771" endtime="20230302 16:23:48.794"/>
</kw>
<status status="PASS" starttime="20230302 16:23:48.735" endtime="20230302 16:23:48.795"/>
</iter>
<status status="PASS" starttime="20230302 16:23:48.413" endtime="20230302 16:23:48.795"/>
</for>
<status status="PASS" starttime="20230302 16:23:48.380" endtime="20230302 16:23:48.795"/>
</kw>
<kw name="Social Media Accounts with mulitple window handles" library="ProductOrder">
<kw name="Get Element Count" library="SeleniumLibrary">
<var>${count}</var>
<arg>${social_media}</arg>
<doc>Returns the number of elements matching ``locator``.</doc>
<msg timestamp="20230302 16:23:48.813" level="INFO">${count} = 3</msg>
<status status="PASS" starttime="20230302 16:23:48.797" endtime="20230302 16:23:48.813"/>
</kw>
<for flavor="IN RANGE">
<var>${i}</var>
<value>1</value>
<value>${count}+1</value>
<iter>
<var name="${i}">1</var>
<kw name="Click Element" library="SeleniumLibrary">
<arg>${social_media} [${i}]</arg>
<doc>Click the element identified by ``locator``.</doc>
<msg timestamp="20230302 16:23:48.816" level="INFO">Clicking element '(//a[@rel='noreferrer']) [1]'.</msg>
<status status="PASS" starttime="20230302 16:23:48.815" endtime="20230302 16:23:48.967"/>
</kw>
<kw name="Get Window Handles" library="SeleniumLibrary">
<var>${windowhandles}</var>
<doc>Returns all child window handles of the selected browser as a list.</doc>
<msg timestamp="20230302 16:23:48.989" level="INFO">${windowhandles} = ['CDwindow-783E2B08F3EF9229B8E4EA4FE881BD45', 'CDwindow-2CB2D8913F79601D1FD4FCB58C40E1C9']</msg>
<status status="PASS" starttime="20230302 16:23:48.967" endtime="20230302 16:23:48.989"/>
</kw>
<kw name="Switch Window" library="SeleniumLibrary">
<arg>${windowhandles}[1]</arg>
<doc>Switches to browser window matching ``locator``.</doc>
<status status="PASS" starttime="20230302 16:23:48.989" endtime="20230302 16:23:49.216"/>
</kw>
<kw name="Close Window" library="SeleniumLibrary">
<doc>Closes currently opened and selected browser window/tab.</doc>
<status status="PASS" starttime="20230302 16:23:49.216" endtime="20230302 16:23:49.305"/>
</kw>
<kw name="Switch Window" library="SeleniumLibrary">
<arg>${windowhandles}[0]</arg>
<doc>Switches to browser window matching ``locator``.</doc>
<status status="PASS" starttime="20230302 16:23:49.306" endtime="20230302 16:23:49.335"/>
</kw>
<status status="PASS" starttime="20230302 16:23:48.814" endtime="20230302 16:23:49.335"/>
</iter>
<iter>
<var name="${i}">2</var>
<kw name="Click Element" library="SeleniumLibrary">
<arg>${social_media} [${i}]</arg>
<doc>Click the element identified by ``locator``.</doc>
<msg timestamp="20230302 16:23:49.338" level="INFO">Clicking element '(//a[@rel='noreferrer']) [2]'.</msg>
<status status="PASS" starttime="20230302 16:23:49.336" endtime="20230302 16:23:49.752"/>
</kw>
<kw name="Get Window Handles" library="SeleniumLibrary">
<var>${windowhandles}</var>
<doc>Returns all child window handles of the selected browser as a list.</doc>
<msg timestamp="20230302 16:23:49.781" level="INFO">${windowhandles} = ['CDwindow-783E2B08F3EF9229B8E4EA4FE881BD45', 'CDwindow-D81A2DBB47BAE76BFDEBECAE8BE1E59C']</msg>
<status status="PASS" starttime="20230302 16:23:49.753" endtime="20230302 16:23:49.781"/>
</kw>
<kw name="Switch Window" library="SeleniumLibrary">
<arg>${windowhandles}[1]</arg>
<doc>Switches to browser window matching ``locator``.</doc>
<status status="PASS" starttime="20230302 16:23:49.781" endtime="20230302 16:23:49.983"/>
</kw>
<kw name="Close Window" library="SeleniumLibrary">
<doc>Closes currently opened and selected browser window/tab.</doc>
<status status="PASS" starttime="20230302 16:23:49.984" endtime="20230302 16:23:50.048"/>
</kw>
<kw name="Switch Window" library="SeleniumLibrary">
<arg>${windowhandles}[0]</arg>
<doc>Switches to browser window matching ``locator``.</doc>
<status status="PASS" starttime="20230302 16:23:50.048" endtime="20230302 16:23:50.085"/>
</kw>
<status status="PASS" starttime="20230302 16:23:49.336" endtime="20230302 16:23:50.085"/>
</iter>
<iter>
<var name="${i}">3</var>
<kw name="Click Element" library="SeleniumLibrary">
<arg>${social_media} [${i}]</arg>
<doc>Click the element identified by ``locator``.</doc>
<msg timestamp="20230302 16:23:50.087" level="INFO">Clicking element '(//a[@rel='noreferrer']) [3]'.</msg>
<status status="PASS" starttime="20230302 16:23:50.086" endtime="20230302 16:23:50.486"/>
</kw>
<kw name="Get Window Handles" library="SeleniumLibrary">
<var>${windowhandles}</var>
<doc>Returns all child window handles of the selected browser as a list.</doc>
<msg timestamp="20230302 16:23:50.516" level="INFO">${windowhandles} = ['CDwindow-783E2B08F3EF9229B8E4EA4FE881BD45', 'CDwindow-CB37926CB786A82C0965AD277C466C61']</msg>
<status status="PASS" starttime="20230302 16:23:50.487" endtime="20230302 16:23:50.516"/>
</kw>
<kw name="Switch Window" library="SeleniumLibrary">
<arg>${windowhandles}[1]</arg>
<doc>Switches to browser window matching ``locator``.</doc>
<status status="PASS" starttime="20230302 16:23:50.516" endtime="20230302 16:23:50.684"/>
</kw>
<kw name="Close Window" library="SeleniumLibrary">
<doc>Closes currently opened and selected browser window/tab.</doc>
<status status="PASS" starttime="20230302 16:23:50.684" endtime="20230302 16:23:50.763"/>
</kw>
<kw name="Switch Window" library="SeleniumLibrary">
<arg>${windowhandles}[0]</arg>
<doc>Switches to browser window matching ``locator``.</doc>
<status status="PASS" starttime="20230302 16:23:50.763" endtime="20230302 16:23:50.785"/>
</kw>
<status status="PASS" starttime="20230302 16:23:50.086" endtime="20230302 16:23:50.786"/>
</iter>
<status status="PASS" starttime="20230302 16:23:48.813" endtime="20230302 16:23:50.786"/>
</for>
<status status="PASS" starttime="20230302 16:23:48.796" endtime="20230302 16:23:50.786"/>
</kw>
<kw name="verifying Website Privacy Policy Text" library="ProductOrder">
<kw name="Get Text" library="SeleniumLibrary">
<var>${Text}</var>
<arg>${txt_privacy}</arg>
<doc>Returns the text value of the element identified by ``locator``.</doc>
<msg timestamp="20230302 16:23:50.891" level="INFO">${Text} = © 2023 Sauce Labs. All Rights Reserved. Terms of Service | Privacy Policy</msg>
<status status="PASS" starttime="20230302 16:23:50.788" endtime="20230302 16:23:50.891"/>
</kw>
<kw name="Log To Console" library="BuiltIn">
<arg>${Text}</arg>
<doc>Logs the given message to the console.</doc>
<status status="PASS" starttime="20230302 16:23:50.892" endtime="20230302 16:23:50.893"/>
</kw>
<status status="PASS" starttime="20230302 16:23:50.787" endtime="20230302 16:23:50.894"/>
</kw>
<kw name="Logout from the website" library="LogoutPage">
<kw name="Click Button" library="SeleniumLibrary">
<arg>${btn_menu}</arg>
<doc>Clicks the button identified by ``locator``.</doc>
<msg timestamp="20230302 16:23:50.897" level="INFO">Clicking button '//button[@id='react-burger-menu-btn']'.</msg>
<status status="PASS" starttime="20230302 16:23:50.896" endtime="20230302 16:23:51.001"/>
</kw>
<kw name="Click Link" library="SeleniumLibrary">
<arg>Logout</arg>
<doc>Clicks a link identified by ``locator``.</doc>
<msg timestamp="20230302 16:23:51.002" level="INFO">Clicking link 'Logout'.</msg>
<status status="PASS" starttime="20230302 16:23:51.001" endtime="20230302 16:23:51.184"/>
</kw>
<status status="PASS" starttime="20230302 16:23:50.895" endtime="20230302 16:23:51.185"/>
</kw>
<kw name="Close My Browser" library="CommonPage" type="TEARDOWN">
<kw name="Close All Browsers" library="SeleniumLibrary">
<doc>Closes all open browsers and resets the browser cache.</doc>
<status status="PASS" starttime="20230302 16:23:51.188" endtime="20230302 16:23:53.691"/>
</kw>
<status status="PASS" starttime="20230302 16:23:51.186" endtime="20230302 16:23:53.692"/>
</kw>
<status status="PASS" starttime="20230302 16:23:40.682" endtime="20230302 16:23:53.693"/>
</test>
<status status="PASS" starttime="20230302 16:23:40.219" endtime="20230302 16:23:53.697"/>
</suite>
<status status="PASS" starttime="20230302 16:23:40.175" endtime="20230302 16:23:53.702"/>
</suite>
<statistics>
<total>
<stat pass="1" fail="0" skip="0">All Tests</stat>
</total>
<tag>
</tag>
<suite>
<stat pass="1" fail="0" skip="0" id="s1" name="Suites">Suites</stat>
<stat pass="1" fail="0" skip="0" id="s1-s1" name="TC3 productOrder">Suites.TC3 productOrder</stat>
</suite>
</statistics>
<errors>
</errors>
</robot>
