<?xml version="1.0" encoding="UTF-8"?>
<robot generator="Robot 5.0.1 (Python 3.10.5 on win32)" generated="20221013 17:12:01.998" rpa="false" schemaversion="3">
<suite id="s1" name="Suites">
<suite id="s1-s1" name="TC3 productOrder" source="C:\Users\AnkitKumar\PycharmProjects\SauceDemoRobotFramework\TestCases\TC3_productOrder.robot">
<test id="s1-s1-t1" name="Sorting the products and getting the values" line="12">
<kw name="Open my Browser" library="CommonPage" type="SETUP">
<kw name="Open Browser" library="SeleniumLibrary">
<arg>${site}</arg>
<arg>${browser}</arg>
<doc>Opens a new browser instance to the optional ``url``.</doc>
<msg timestamp="20221013 17:12:02.464" level="INFO">Opening browser 'headlessChrome' to base url 'https://www.saucedemo.com/'.</msg>
<status status="PASS" starttime="20221013 17:12:02.463" endtime="20221013 17:12:04.818"/>
</kw>
<kw name="Maximize Browser Window" library="SeleniumLibrary">
<doc>Maximizes current browser window.</doc>
<status status="PASS" starttime="20221013 17:12:04.818" endtime="20221013 17:12:05.005"/>
</kw>
<status status="PASS" starttime="20221013 17:12:02.462" endtime="20221013 17:12:05.005"/>
</kw>
<kw name="Enter Login Credentials and verfiy the page" library="LoginPage">
<kw name="Set Selenium Implicit Wait" library="SeleniumLibrary">
<arg>10</arg>
<doc>Sets the implicit wait value used by Selenium.</doc>
<status status="PASS" starttime="20221013 17:12:05.007" endtime="20221013 17:12:05.027"/>
</kw>
<kw name="Input Text" library="SeleniumLibrary">
<arg>${txt_username}</arg>
<arg>${username}</arg>
<doc>Types the given ``text`` into the text field identified by ``locator``.</doc>
<msg timestamp="20221013 17:12:05.029" level="INFO">Typing text 'standard_user' into text field '//input[@placeholder='Username']'.</msg>
<status status="PASS" starttime="20221013 17:12:05.028" endtime="20221013 17:12:05.419"/>
</kw>
<kw name="Input Password" library="SeleniumLibrary">
<arg>${txt_password}</arg>
<arg>${password}</arg>
<doc>Types the given password into the text field identified by ``locator``.</doc>
<msg timestamp="20221013 17:12:05.420" level="INFO">Typing password into text field '//input[@placeholder='Password']'.</msg>
<msg timestamp="20221013 17:12:05.676" level="INFO">Temporally setting log level to: NONE</msg>
<msg timestamp="20221013 17:12:05.881" level="INFO">Log level changed from NONE to INFO.</msg>
<status status="PASS" starttime="20221013 17:12:05.419" endtime="20221013 17:12:05.881"/>
</kw>
<kw name="Click Element" library="SeleniumLibrary">
<arg>${btn_login}</arg>
<doc>Click the element identified by ``locator``.</doc>
<msg timestamp="20221013 17:12:05.882" level="INFO">Clicking element '//input[@type='submit']'.</msg>
<status status="PASS" starttime="20221013 17:12:05.881" endtime="20221013 17:12:06.011"/>
</kw>
<kw name="Page Should Contain" library="SeleniumLibrary">
<arg>Sauce Labs</arg>
<doc>Verifies that current page contains ``text``.</doc>
<msg timestamp="20221013 17:12:06.332" level="INFO">Current page contains text 'Sauce Labs'.</msg>
<status status="PASS" starttime="20221013 17:12:06.012" endtime="20221013 17:12:06.332"/>
</kw>
<status status="PASS" starttime="20221013 17:12:05.006" endtime="20221013 17:12:06.332"/>
</kw>
<kw name="Select Products order list" library="ProductOrder">
<kw name="Select From List By Value" library="SeleniumLibrary">
<arg>${dropdown}</arg>
<arg>hilo</arg>
<doc>Selects options from selection list ``locator`` by ``values``.</doc>
<msg timestamp="20221013 17:12:06.334" level="INFO">Selecting options from selection list 'class:product_sort_container' by value hilo.</msg>
<status status="PASS" starttime="20221013 17:12:06.334" endtime="20221013 17:12:06.614"/>
</kw>
<kw name="Get Element Count" library="SeleniumLibrary">
<var>${count}</var>
<arg>${product_count}</arg>
<doc>Returns the number of elements matching ``locator``.</doc>
<msg timestamp="20221013 17:12:06.641" level="INFO">${count} = 6</msg>
<status status="PASS" starttime="20221013 17:12:06.614" endtime="20221013 17:12:06.641"/>
</kw>
<for flavor="IN RANGE">
<var>${i}</var>
<value>1</value>
<value>${count}+1</value>
<iter>
<var name="${i}">1</var>
<kw name="Get Text" library="SeleniumLibrary">
<var>${Text}</var>
<arg>${product_count} [${i}]</arg>
<doc>Returns the text value of the element identified by ``locator``.</doc>
<msg timestamp="20221013 17:12:06.671" level="INFO">${Text} = Sauce Labs Fleece Jacket</msg>
<status status="PASS" starttime="20221013 17:12:06.642" endtime="20221013 17:12:06.671"/>
</kw>
<kw name="Page Should Contain" library="SeleniumLibrary">
<arg>${Text}</arg>
<doc>Verifies that current page contains ``text``.</doc>
<msg timestamp="20221013 17:12:06.690" level="INFO">Current page contains text 'Sauce Labs Fleece Jacket'.</msg>
<status status="PASS" starttime="20221013 17:12:06.671" endtime="20221013 17:12:06.690"/>
</kw>
<status status="PASS" starttime="20221013 17:12:06.642" endtime="20221013 17:12:06.690"/>
</iter>
<iter>
<var name="${i}">2</var>
<kw name="Get Text" library="SeleniumLibrary">
<var>${Text}</var>
<arg>${product_count} [${i}]</arg>
<doc>Returns the text value of the element identified by ``locator``.</doc>
<msg timestamp="20221013 17:12:06.729" level="INFO">${Text} = Sauce Labs Backpack</msg>
<status status="PASS" starttime="20221013 17:12:06.691" endtime="20221013 17:12:06.729"/>
</kw>
<kw name="Page Should Contain" library="SeleniumLibrary">
<arg>${Text}</arg>
<doc>Verifies that current page contains ``text``.</doc>
<msg timestamp="20221013 17:12:06.751" level="INFO">Current page contains text 'Sauce Labs Backpack'.</msg>
<status status="PASS" starttime="20221013 17:12:06.730" endtime="20221013 17:12:06.751"/>
</kw>
<status status="PASS" starttime="20221013 17:12:06.690" endtime="20221013 17:12:06.751"/>
</iter>
<iter>
<var name="${i}">3</var>
<kw name="Get Text" library="SeleniumLibrary">
<var>${Text}</var>
<arg>${product_count} [${i}]</arg>
<doc>Returns the text value of the element identified by ``locator``.</doc>
<msg timestamp="20221013 17:12:06.799" level="INFO">${Text} = Sauce Labs Bolt T-Shirt</msg>
<status status="PASS" starttime="20221013 17:12:06.752" endtime="20221013 17:12:06.799"/>
</kw>
<kw name="Page Should Contain" library="SeleniumLibrary">
<arg>${Text}</arg>
<doc>Verifies that current page contains ``text``.</doc>
<msg timestamp="20221013 17:12:06.821" level="INFO">Current page contains text 'Sauce Labs Bolt T-Shirt'.</msg>
<status status="PASS" starttime="20221013 17:12:06.799" endtime="20221013 17:12:06.821"/>
</kw>
<status status="PASS" starttime="20221013 17:12:06.751" endtime="20221013 17:12:06.822"/>
</iter>
<iter>
<var name="${i}">4</var>
<kw name="Get Text" library="SeleniumLibrary">
<var>${Text}</var>
<arg>${product_count} [${i}]</arg>
<doc>Returns the text value of the element identified by ``locator``.</doc>
<msg timestamp="20221013 17:12:06.854" level="INFO">${Text} = Test.allTheThings() T-Shirt (Red)</msg>
<status status="PASS" starttime="20221013 17:12:06.822" endtime="20221013 17:12:06.854"/>
</kw>
<kw name="Page Should Contain" library="SeleniumLibrary">
<arg>${Text}</arg>
<doc>Verifies that current page contains ``text``.</doc>
<msg timestamp="20221013 17:12:06.869" level="INFO">Current page contains text 'Test.allTheThings() T-Shirt (Red)'.</msg>
<status status="PASS" starttime="20221013 17:12:06.854" endtime="20221013 17:12:06.869"/>
</kw>
<status status="PASS" starttime="20221013 17:12:06.822" endtime="20221013 17:12:06.869"/>
</iter>
<iter>
<var name="${i}">5</var>
<kw name="Get Text" library="SeleniumLibrary">
<var>${Text}</var>
<arg>${product_count} [${i}]</arg>
<doc>Returns the text value of the element identified by ``locator``.</doc>
<msg timestamp="20221013 17:12:06.897" level="INFO">${Text} = Sauce Labs Bike Light</msg>
<status status="PASS" starttime="20221013 17:12:06.870" endtime="20221013 17:12:06.897"/>
</kw>
<kw name="Page Should Contain" library="SeleniumLibrary">
<arg>${Text}</arg>
<doc>Verifies that current page contains ``text``.</doc>
<msg timestamp="20221013 17:12:06.912" level="INFO">Current page contains text 'Sauce Labs Bike Light'.</msg>
<status status="PASS" starttime="20221013 17:12:06.898" endtime="20221013 17:12:06.912"/>
</kw>
<status status="PASS" starttime="20221013 17:12:06.869" endtime="20221013 17:12:06.913"/>
</iter>
<iter>
<var name="${i}">6</var>
<kw name="Get Text" library="SeleniumLibrary">
<var>${Text}</var>
<arg>${product_count} [${i}]</arg>
<doc>Returns the text value of the element identified by ``locator``.</doc>
<msg timestamp="20221013 17:12:06.941" level="INFO">${Text} = Sauce Labs Onesie</msg>
<status status="PASS" starttime="20221013 17:12:06.913" endtime="20221013 17:12:06.941"/>
</kw>
<kw name="Page Should Contain" library="SeleniumLibrary">
<arg>${Text}</arg>
<doc>Verifies that current page contains ``text``.</doc>
<msg timestamp="20221013 17:12:06.956" level="INFO">Current page contains text 'Sauce Labs Onesie'.</msg>
<status status="PASS" starttime="20221013 17:12:06.941" endtime="20221013 17:12:06.956"/>
</kw>
<status status="PASS" starttime="20221013 17:12:06.913" endtime="20221013 17:12:06.956"/>
</iter>
<status status="PASS" starttime="20221013 17:12:06.641" endtime="20221013 17:12:06.957"/>
</for>
<status status="PASS" starttime="20221013 17:12:06.333" endtime="20221013 17:12:06.957"/>
</kw>
<kw name="Select Products price list" library="ProductOrder">
<kw name="Get Element Count" library="SeleniumLibrary">
<var>${count}</var>
<arg>${product_price_count}</arg>
<doc>Returns the number of elements matching ``locator``.</doc>
<msg timestamp="20221013 17:12:06.968" level="INFO">${count} = 6</msg>
<status status="PASS" starttime="20221013 17:12:06.958" endtime="20221013 17:12:06.968"/>
</kw>
<for flavor="IN RANGE">
<var>${i}</var>
<value>1</value>
<value>${count}+1</value>
<iter>
<var name="${i}">1</var>
<kw name="Get Text" library="SeleniumLibrary">
<var>${Text}</var>
<arg>${product_price_count} [${i}]</arg>
<doc>Returns the text value of the element identified by ``locator``.</doc>
<msg timestamp="20221013 17:12:06.991" level="INFO">${Text} = $49.99</msg>
<status status="PASS" starttime="20221013 17:12:06.969" endtime="20221013 17:12:06.991"/>
</kw>
<kw name="Log To Console" library="BuiltIn">
<arg>${Text}</arg>
<doc>Logs the given message to the console.</doc>
<status status="PASS" starttime="20221013 17:12:06.991" endtime="20221013 17:12:06.992"/>
</kw>
<kw name="Page Should Contain" library="SeleniumLibrary">
<arg>${Text}</arg>
<doc>Verifies that current page contains ``text``.</doc>
<msg timestamp="20221013 17:12:07.006" level="INFO">Current page contains text '$49.99'.</msg>
<status status="PASS" starttime="20221013 17:12:06.992" endtime="20221013 17:12:07.006"/>
</kw>
<status status="PASS" starttime="20221013 17:12:06.969" endtime="20221013 17:12:07.007"/>
</iter>
<iter>
<var name="${i}">2</var>
<kw name="Get Text" library="SeleniumLibrary">
<var>${Text}</var>
<arg>${product_price_count} [${i}]</arg>
<doc>Returns the text value of the element identified by ``locator``.</doc>
<msg timestamp="20221013 17:12:07.026" level="INFO">${Text} = $29.99</msg>
<status status="PASS" starttime="20221013 17:12:07.008" endtime="20221013 17:12:07.026"/>
</kw>
<kw name="Log To Console" library="BuiltIn">
<arg>${Text}</arg>
<doc>Logs the given message to the console.</doc>
<status status="PASS" starttime="20221013 17:12:07.027" endtime="20221013 17:12:07.027"/>
</kw>
<kw name="Page Should Contain" library="SeleniumLibrary">
<arg>${Text}</arg>
<doc>Verifies that current page contains ``text``.</doc>
<msg timestamp="20221013 17:12:07.039" level="INFO">Current page contains text '$29.99'.</msg>
<status status="PASS" starttime="20221013 17:12:07.027" endtime="20221013 17:12:07.039"/>
</kw>
<status status="PASS" starttime="20221013 17:12:07.007" endtime="20221013 17:12:07.039"/>
</iter>
<iter>
<var name="${i}">3</var>
<kw name="Get Text" library="SeleniumLibrary">
<var>${Text}</var>
<arg>${product_price_count} [${i}]</arg>
<doc>Returns the text value of the element identified by ``locator``.</doc>
<msg timestamp="20221013 17:12:07.069" level="INFO">${Text} = $15.99</msg>
<status status="PASS" starttime="20221013 17:12:07.040" endtime="20221013 17:12:07.070"/>
</kw>
<kw name="Log To Console" library="BuiltIn">
<arg>${Text}</arg>
<doc>Logs the given message to the console.</doc>
<status status="PASS" starttime="20221013 17:12:07.070" endtime="20221013 17:12:07.071"/>
</kw>
<kw name="Page Should Contain" library="SeleniumLibrary">
<arg>${Text}</arg>
<doc>Verifies that current page contains ``text``.</doc>
<msg timestamp="20221013 17:12:07.086" level="INFO">Current page contains text '$15.99'.</msg>
<status status="PASS" starttime="20221013 17:12:07.071" endtime="20221013 17:12:07.086"/>
</kw>
<status status="PASS" starttime="20221013 17:12:07.039" endtime="20221013 17:12:07.086"/>
</iter>
<iter>
<var name="${i}">4</var>
<kw name="Get Text" library="SeleniumLibrary">
<var>${Text}</var>
<arg>${product_price_count} [${i}]</arg>
<doc>Returns the text value of the element identified by ``locator``.</doc>
<msg timestamp="20221013 17:12:07.116" level="INFO">${Text} = $15.99</msg>
<status status="PASS" starttime="20221013 17:12:07.087" endtime="20221013 17:12:07.116"/>
</kw>
<kw name="Log To Console" library="BuiltIn">
<arg>${Text}</arg>
<doc>Logs the given message to the console.</doc>
<status status="PASS" starttime="20221013 17:12:07.116" endtime="20221013 17:12:07.117"/>
</kw>
<kw name="Page Should Contain" library="SeleniumLibrary">
<arg>${Text}</arg>
<doc>Verifies that current page contains ``text``.</doc>
<msg timestamp="20221013 17:12:07.127" level="INFO">Current page contains text '$15.99'.</msg>
<status status="PASS" starttime="20221013 17:12:07.117" endtime="20221013 17:12:07.127"/>
</kw>
<status status="PASS" starttime="20221013 17:12:07.087" endtime="20221013 17:12:07.127"/>
</iter>
<iter>
<var name="${i}">5</var>
<kw name="Get Text" library="SeleniumLibrary">
<var>${Text}</var>
<arg>${product_price_count} [${i}]</arg>
<doc>Returns the text value of the element identified by ``locator``.</doc>
<msg timestamp="20221013 17:12:07.150" level="INFO">${Text} = $9.99</msg>
<status status="PASS" starttime="20221013 17:12:07.128" endtime="20221013 17:12:07.150"/>
</kw>
<kw name="Log To Console" library="BuiltIn">
<arg>${Text}</arg>
<doc>Logs the given message to the console.</doc>
<status status="PASS" starttime="20221013 17:12:07.150" endtime="20221013 17:12:07.150"/>
</kw>
<kw name="Page Should Contain" library="SeleniumLibrary">
<arg>${Text}</arg>
<doc>Verifies that current page contains ``text``.</doc>
<msg timestamp="20221013 17:12:07.164" level="INFO">Current page contains text '$9.99'.</msg>
<status status="PASS" starttime="20221013 17:12:07.151" endtime="20221013 17:12:07.165"/>
</kw>
<status status="PASS" starttime="20221013 17:12:07.127" endtime="20221013 17:12:07.165"/>
</iter>
<iter>
<var name="${i}">6</var>
<kw name="Get Text" library="SeleniumLibrary">
<var>${Text}</var>
<arg>${product_price_count} [${i}]</arg>
<doc>Returns the text value of the element identified by ``locator``.</doc>
<msg timestamp="20221013 17:12:07.193" level="INFO">${Text} = $7.99</msg>
<status status="PASS" starttime="20221013 17:12:07.166" endtime="20221013 17:12:07.193"/>
</kw>
<kw name="Log To Console" library="BuiltIn">
<arg>${Text}</arg>
<doc>Logs the given message to the console.</doc>
<status status="PASS" starttime="20221013 17:12:07.194" endtime="20221013 17:12:07.194"/>
</kw>
<kw name="Page Should Contain" library="SeleniumLibrary">
<arg>${Text}</arg>
<doc>Verifies that current page contains ``text``.</doc>
<msg timestamp="20221013 17:12:07.207" level="INFO">Current page contains text '$7.99'.</msg>
<status status="PASS" starttime="20221013 17:12:07.194" endtime="20221013 17:12:07.207"/>
</kw>
<status status="PASS" starttime="20221013 17:12:07.165" endtime="20221013 17:12:07.207"/>
</iter>
<status status="PASS" starttime="20221013 17:12:06.969" endtime="20221013 17:12:07.207"/>
</for>
<status status="PASS" starttime="20221013 17:12:06.957" endtime="20221013 17:12:07.208"/>
</kw>
<kw name="Social Media Accounts with mulitple window handles" library="ProductOrder">
<kw name="Get Element Count" library="SeleniumLibrary">
<var>${count}</var>
<arg>${social_media}</arg>
<doc>Returns the number of elements matching ``locator``.</doc>
<msg timestamp="20221013 17:12:07.221" level="INFO">${count} = 3</msg>
<status status="PASS" starttime="20221013 17:12:07.209" endtime="20221013 17:12:07.221"/>
</kw>
<for flavor="IN RANGE">
<var>${i}</var>
<value>1</value>
<value>${count}+1</value>
<iter>
<var name="${i}">1</var>
<kw name="Set Selenium Speed" library="SeleniumLibrary">
<arg>1</arg>
<doc>Sets the delay that is waited after each Selenium command.</doc>
<status status="PASS" starttime="20221013 17:12:07.223" endtime="20221013 17:12:07.224"/>
</kw>
<kw name="Click Element" library="SeleniumLibrary">
<arg>${social_media} [${i}]</arg>
<doc>Click the element identified by ``locator``.</doc>
<msg timestamp="20221013 17:12:07.225" level="INFO">Clicking element '(//a[@rel='noreferrer']) [1]'.</msg>
<status status="PASS" starttime="20221013 17:12:07.224" endtime="20221013 17:12:09.319"/>
</kw>
<kw name="Get Window Handles" library="SeleniumLibrary">
<var>${windowhandles}</var>
<doc>Returns all child window handles of the selected browser as a list.</doc>
<msg timestamp="20221013 17:12:10.334" level="INFO">${windowhandles} = ['CDwindow-6143F400112F48DD5963F1EDF01A4F92', 'CDwindow-DC6C4EB1FEBE6D0145A44AB2FF22B99D']</msg>
<status status="PASS" starttime="20221013 17:12:09.319" endtime="20221013 17:12:10.334"/>
</kw>
<kw name="Switch Window" library="SeleniumLibrary">
<arg>${windowhandles}[1]</arg>
<doc>Switches to browser window matching ``locator``.</doc>
<status status="PASS" starttime="20221013 17:12:10.334" endtime="20221013 17:12:19.482"/>
</kw>
<kw name="Close Window" library="SeleniumLibrary">
<doc>Closes currently opened and selected browser window/tab.</doc>
<status status="PASS" starttime="20221013 17:12:19.483" endtime="20221013 17:12:20.518"/>
</kw>
<kw name="Switch Window" library="SeleniumLibrary">
<arg>${windowhandles}[0]</arg>
<doc>Switches to browser window matching ``locator``.</doc>
<status status="PASS" starttime="20221013 17:12:20.518" endtime="20221013 17:12:22.558"/>
</kw>
<status status="PASS" starttime="20221013 17:12:07.222" endtime="20221013 17:12:22.558"/>
</iter>
<iter>
<var name="${i}">2</var>
<kw name="Set Selenium Speed" library="SeleniumLibrary">
<arg>1</arg>
<doc>Sets the delay that is waited after each Selenium command.</doc>
<status status="PASS" starttime="20221013 17:12:22.560" endtime="20221013 17:12:22.561"/>
</kw>
<kw name="Click Element" library="SeleniumLibrary">
<arg>${social_media} [${i}]</arg>
<doc>Click the element identified by ``locator``.</doc>
<msg timestamp="20221013 17:12:22.564" level="INFO">Clicking element '(//a[@rel='noreferrer']) [2]'.</msg>
<status status="PASS" starttime="20221013 17:12:22.562" endtime="20221013 17:12:24.699"/>
</kw>
<kw name="Get Window Handles" library="SeleniumLibrary">
<var>${windowhandles}</var>
<doc>Returns all child window handles of the selected browser as a list.</doc>
<msg timestamp="20221013 17:12:25.707" level="INFO">${windowhandles} = ['CDwindow-6143F400112F48DD5963F1EDF01A4F92', 'CDwindow-2080B8EF9C15472B77AF230EED832192']</msg>
<status status="PASS" starttime="20221013 17:12:24.700" endtime="20221013 17:12:25.707"/>
</kw>
<kw name="Switch Window" library="SeleniumLibrary">
<arg>${windowhandles}[1]</arg>
<doc>Switches to browser window matching ``locator``.</doc>
<status status="PASS" starttime="20221013 17:12:25.707" endtime="20221013 17:12:34.820"/>
</kw>
<kw name="Close Window" library="SeleniumLibrary">
<doc>Closes currently opened and selected browser window/tab.</doc>
<status status="PASS" starttime="20221013 17:12:34.822" endtime="20221013 17:12:35.847"/>
</kw>
<kw name="Switch Window" library="SeleniumLibrary">
<arg>${windowhandles}[0]</arg>
<doc>Switches to browser window matching ``locator``.</doc>
<status status="PASS" starttime="20221013 17:12:35.848" endtime="20221013 17:12:37.871"/>
</kw>
<status status="PASS" starttime="20221013 17:12:22.559" endtime="20221013 17:12:37.871"/>
</iter>
<iter>
<var name="${i}">3</var>
<kw name="Set Selenium Speed" library="SeleniumLibrary">
<arg>1</arg>
<doc>Sets the delay that is waited after each Selenium command.</doc>
<status status="PASS" starttime="20221013 17:12:37.873" endtime="20221013 17:12:37.875"/>
</kw>
<kw name="Click Element" library="SeleniumLibrary">
<arg>${social_media} [${i}]</arg>
<doc>Click the element identified by ``locator``.</doc>
<msg timestamp="20221013 17:12:37.877" level="INFO">Clicking element '(//a[@rel='noreferrer']) [3]'.</msg>
<status status="PASS" starttime="20221013 17:12:37.876" endtime="20221013 17:12:39.970"/>
</kw>
<kw name="Get Window Handles" library="SeleniumLibrary">
<var>${windowhandles}</var>
<doc>Returns all child window handles of the selected browser as a list.</doc>
<msg timestamp="20221013 17:12:40.980" level="INFO">${windowhandles} = ['CDwindow-6143F400112F48DD5963F1EDF01A4F92', 'CDwindow-140A3ADE546EEA2E6DA56FEEA9CF2369']</msg>
<status status="PASS" starttime="20221013 17:12:39.970" endtime="20221013 17:12:40.981"/>
</kw>
<kw name="Switch Window" library="SeleniumLibrary">
<arg>${windowhandles}[1]</arg>
<doc>Switches to browser window matching ``locator``.</doc>
<status status="PASS" starttime="20221013 17:12:40.981" endtime="20221013 17:12:50.106"/>
</kw>
<kw name="Close Window" library="SeleniumLibrary">
<doc>Closes currently opened and selected browser window/tab.</doc>
<status status="PASS" starttime="20221013 17:12:50.107" endtime="20221013 17:12:51.147"/>
</kw>
<kw name="Switch Window" library="SeleniumLibrary">
<arg>${windowhandles}[0]</arg>
<doc>Switches to browser window matching ``locator``.</doc>
<status status="PASS" starttime="20221013 17:12:51.147" endtime="20221013 17:12:53.251"/>
</kw>
<status status="PASS" starttime="20221013 17:12:37.872" endtime="20221013 17:12:53.251"/>
</iter>
<status status="PASS" starttime="20221013 17:12:07.221" endtime="20221013 17:12:53.251"/>
</for>
<status status="PASS" starttime="20221013 17:12:07.208" endtime="20221013 17:12:53.251"/>
</kw>
<kw name="verifying Website Privacy Policy Text" library="ProductOrder">
<kw name="Get Text" library="SeleniumLibrary">
<var>${Text}</var>
<arg>${txt_privacy}</arg>
<doc>Returns the text value of the element identified by ``locator``.</doc>
<msg timestamp="20221013 17:12:55.290" level="INFO">${Text} = © 2022 Sauce Labs. All Rights Reserved. Terms of Service | Privacy Policy</msg>
<status status="PASS" starttime="20221013 17:12:53.252" endtime="20221013 17:12:55.290"/>
</kw>
<kw name="Log To Console" library="BuiltIn">
<arg>${Text}</arg>
<doc>Logs the given message to the console.</doc>
<status status="PASS" starttime="20221013 17:12:55.290" endtime="20221013 17:12:55.290"/>
</kw>
<status status="PASS" starttime="20221013 17:12:53.251" endtime="20221013 17:12:55.290"/>
</kw>
<kw name="Logout from the website" library="LogoutPage">
<kw name="Click Button" library="SeleniumLibrary">
<arg>${btn_menu}</arg>
<doc>Clicks the button identified by ``locator``.</doc>
<msg timestamp="20221013 17:12:55.291" level="INFO">Clicking button '//button[@id='react-burger-menu-btn']'.</msg>
<status status="PASS" starttime="20221013 17:12:55.291" endtime="20221013 17:13:00.437"/>
</kw>
<kw name="Click Link" library="SeleniumLibrary">
<arg>Logout</arg>
<doc>Clicks a link identified by ``locator``.</doc>
<msg timestamp="20221013 17:13:00.438" level="INFO">Clicking link 'Logout'.</msg>
<status status="PASS" starttime="20221013 17:13:00.437" endtime="20221013 17:13:03.566"/>
</kw>
<status status="PASS" starttime="20221013 17:12:55.290" endtime="20221013 17:13:03.566"/>
</kw>
<kw name="Close My Browser" library="CommonPage" type="TEARDOWN">
<kw name="Close All Browsers" library="SeleniumLibrary">
<doc>Closes all open browsers and resets the browser cache.</doc>
<status status="PASS" starttime="20221013 17:13:03.568" endtime="20221013 17:13:07.643"/>
</kw>
<status status="PASS" starttime="20221013 17:13:03.566" endtime="20221013 17:13:07.643"/>
</kw>
<status status="PASS" starttime="20221013 17:12:02.461" endtime="20221013 17:13:07.643"/>
</test>
<status status="PASS" starttime="20221013 17:12:02.047" endtime="20221013 17:13:07.644"/>
</suite>
<status status="PASS" starttime="20221013 17:12:02.014" endtime="20221013 17:13:07.646"/>
</suite>
<statistics>
<total>
<stat pass="1" fail="0" skip="0">All Tests</stat>
</total>
<tag>
</tag>
<suite>
<stat pass="1" fail="0" skip="0" id="s1" name="Suites">Suites</stat>
<stat pass="1" fail="0" skip="0" id="s1-s1" name="TC3 productOrder">Suites.TC3 productOrder</stat>
</suite>
</statistics>
<errors>
</errors>
</robot>
