<?xml version="1.0" encoding="UTF-8"?>
<robot generator="Robot 5.0.1 (Python 3.10.5 on win32)" generated="20221013 14:42:02.195" rpa="false" schemaversion="3">
<suite id="s1" name="Suites">
<suite id="s1-s1" name="TC3 productOrder" source="C:\Users\AnkitKumar\PycharmProjects\SauceDemoRobotFramework\TestCases\TC3_productOrder.robot">
<test id="s1-s1-t1" name="Sorting the products and getting the values" line="12">
<kw name="Open my Browser" library="CommonPage" type="SETUP">
<kw name="Open Browser" library="SeleniumLibrary">
<arg>${site}</arg>
<arg>${browser}</arg>
<doc>Opens a new browser instance to the optional ``url``.</doc>
<msg timestamp="20221013 14:42:02.646" level="INFO">Opening browser 'headlessChrome' to base url 'https://www.saucedemo.com/'.</msg>
<status status="PASS" starttime="20221013 14:42:02.646" endtime="20221013 14:42:07.192"/>
</kw>
<kw name="Maximize Browser Window" library="SeleniumLibrary">
<doc>Maximizes current browser window.</doc>
<status status="PASS" starttime="20221013 14:42:07.193" endtime="20221013 14:42:07.304"/>
</kw>
<status status="PASS" starttime="20221013 14:42:02.645" endtime="20221013 14:42:07.304"/>
</kw>
<kw name="Enter Login Credentials and verfiy the page" library="LoginPage">
<kw name="Set Selenium Implicit Wait" library="SeleniumLibrary">
<arg>10</arg>
<doc>Sets the implicit wait value used by Selenium.</doc>
<status status="PASS" starttime="20221013 14:42:07.305" endtime="20221013 14:42:07.306"/>
</kw>
<kw name="Input Text" library="SeleniumLibrary">
<arg>${txt_username}</arg>
<arg>${username}</arg>
<doc>Types the given ``text`` into the text field identified by ``locator``.</doc>
<msg timestamp="20221013 14:42:07.308" level="INFO">Typing text 'standard_user' into text field '//input[@placeholder='Username']'.</msg>
<status status="PASS" starttime="20221013 14:42:07.307" endtime="20221013 14:42:07.447"/>
</kw>
<kw name="Input Password" library="SeleniumLibrary">
<arg>${txt_password}</arg>
<arg>${password}</arg>
<doc>Types the given password into the text field identified by ``locator``.</doc>
<msg timestamp="20221013 14:42:07.448" level="INFO">Typing password into text field '//input[@placeholder='Password']'.</msg>
<msg timestamp="20221013 14:42:07.506" level="INFO">Temporally setting log level to: NONE</msg>
<msg timestamp="20221013 14:42:07.576" level="INFO">Log level changed from NONE to INFO.</msg>
<status status="PASS" starttime="20221013 14:42:07.447" endtime="20221013 14:42:07.576"/>
</kw>
<kw name="Click Element" library="SeleniumLibrary">
<arg>${btn_login}</arg>
<doc>Click the element identified by ``locator``.</doc>
<msg timestamp="20221013 14:42:07.578" level="INFO">Clicking element '//input[@type='submit']'.</msg>
<status status="PASS" starttime="20221013 14:42:07.577" endtime="20221013 14:42:07.725"/>
</kw>
<kw name="Page Should Contain" library="SeleniumLibrary">
<arg>Sauce Labs</arg>
<doc>Verifies that current page contains ``text``.</doc>
<msg timestamp="20221013 14:42:07.753" level="INFO">Current page contains text 'Sauce Labs'.</msg>
<status status="PASS" starttime="20221013 14:42:07.725" endtime="20221013 14:42:07.753"/>
</kw>
<status status="PASS" starttime="20221013 14:42:07.304" endtime="20221013 14:42:07.754"/>
</kw>
<kw name="Select Products order list" library="ProductOrder">
<kw name="Select From List By Value" library="SeleniumLibrary">
<arg>${dropdown}</arg>
<arg>hilo</arg>
<doc>Selects options from selection list ``locator`` by ``values``.</doc>
<msg timestamp="20221013 14:42:07.755" level="INFO">Selecting options from selection list 'class:product_sort_container' by value hilo.</msg>
<status status="PASS" starttime="20221013 14:42:07.754" endtime="20221013 14:42:07.858"/>
</kw>
<kw name="Get Element Count" library="SeleniumLibrary">
<var>${count}</var>
<arg>${product_count}</arg>
<doc>Returns the number of elements matching ``locator``.</doc>
<msg timestamp="20221013 14:42:07.876" level="INFO">${count} = 6</msg>
<status status="PASS" starttime="20221013 14:42:07.858" endtime="20221013 14:42:07.876"/>
</kw>
<for flavor="IN RANGE">
<var>${i}</var>
<value>1</value>
<value>${count}+1</value>
<iter>
<var name="${i}">1</var>
<kw name="Get Text" library="SeleniumLibrary">
<var>${Text}</var>
<arg>${product_count} [${i}]</arg>
<doc>Returns the text value of the element identified by ``locator``.</doc>
<msg timestamp="20221013 14:42:07.920" level="INFO">${Text} = Sauce Labs Fleece Jacket</msg>
<status status="PASS" starttime="20221013 14:42:07.878" endtime="20221013 14:42:07.920"/>
</kw>
<kw name="Page Should Contain" library="SeleniumLibrary">
<arg>${Text}</arg>
<doc>Verifies that current page contains ``text``.</doc>
<msg timestamp="20221013 14:42:07.943" level="INFO">Current page contains text 'Sauce Labs Fleece Jacket'.</msg>
<status status="PASS" starttime="20221013 14:42:07.920" endtime="20221013 14:42:07.943"/>
</kw>
<status status="PASS" starttime="20221013 14:42:07.877" endtime="20221013 14:42:07.943"/>
</iter>
<iter>
<var name="${i}">2</var>
<kw name="Get Text" library="SeleniumLibrary">
<var>${Text}</var>
<arg>${product_count} [${i}]</arg>
<doc>Returns the text value of the element identified by ``locator``.</doc>
<msg timestamp="20221013 14:42:07.979" level="INFO">${Text} = Sauce Labs Backpack</msg>
<status status="PASS" starttime="20221013 14:42:07.944" endtime="20221013 14:42:07.979"/>
</kw>
<kw name="Page Should Contain" library="SeleniumLibrary">
<arg>${Text}</arg>
<doc>Verifies that current page contains ``text``.</doc>
<msg timestamp="20221013 14:42:08.016" level="INFO">Current page contains text 'Sauce Labs Backpack'.</msg>
<status status="PASS" starttime="20221013 14:42:07.979" endtime="20221013 14:42:08.016"/>
</kw>
<status status="PASS" starttime="20221013 14:42:07.943" endtime="20221013 14:42:08.017"/>
</iter>
<iter>
<var name="${i}">3</var>
<kw name="Get Text" library="SeleniumLibrary">
<var>${Text}</var>
<arg>${product_count} [${i}]</arg>
<doc>Returns the text value of the element identified by ``locator``.</doc>
<msg timestamp="20221013 14:42:08.045" level="INFO">${Text} = Sauce Labs Bolt T-Shirt</msg>
<status status="PASS" starttime="20221013 14:42:08.018" endtime="20221013 14:42:08.045"/>
</kw>
<kw name="Page Should Contain" library="SeleniumLibrary">
<arg>${Text}</arg>
<doc>Verifies that current page contains ``text``.</doc>
<msg timestamp="20221013 14:42:08.062" level="INFO">Current page contains text 'Sauce Labs Bolt T-Shirt'.</msg>
<status status="PASS" starttime="20221013 14:42:08.046" endtime="20221013 14:42:08.062"/>
</kw>
<status status="PASS" starttime="20221013 14:42:08.017" endtime="20221013 14:42:08.062"/>
</iter>
<iter>
<var name="${i}">4</var>
<kw name="Get Text" library="SeleniumLibrary">
<var>${Text}</var>
<arg>${product_count} [${i}]</arg>
<doc>Returns the text value of the element identified by ``locator``.</doc>
<msg timestamp="20221013 14:42:08.103" level="INFO">${Text} = Test.allTheThings() T-Shirt (Red)</msg>
<status status="PASS" starttime="20221013 14:42:08.063" endtime="20221013 14:42:08.103"/>
</kw>
<kw name="Page Should Contain" library="SeleniumLibrary">
<arg>${Text}</arg>
<doc>Verifies that current page contains ``text``.</doc>
<msg timestamp="20221013 14:42:08.125" level="INFO">Current page contains text 'Test.allTheThings() T-Shirt (Red)'.</msg>
<status status="PASS" starttime="20221013 14:42:08.103" endtime="20221013 14:42:08.125"/>
</kw>
<status status="PASS" starttime="20221013 14:42:08.062" endtime="20221013 14:42:08.125"/>
</iter>
<iter>
<var name="${i}">5</var>
<kw name="Get Text" library="SeleniumLibrary">
<var>${Text}</var>
<arg>${product_count} [${i}]</arg>
<doc>Returns the text value of the element identified by ``locator``.</doc>
<msg timestamp="20221013 14:42:08.163" level="INFO">${Text} = Sauce Labs Bike Light</msg>
<status status="PASS" starttime="20221013 14:42:08.126" endtime="20221013 14:42:08.163"/>
</kw>
<kw name="Page Should Contain" library="SeleniumLibrary">
<arg>${Text}</arg>
<doc>Verifies that current page contains ``text``.</doc>
<msg timestamp="20221013 14:42:08.184" level="INFO">Current page contains text 'Sauce Labs Bike Light'.</msg>
<status status="PASS" starttime="20221013 14:42:08.164" endtime="20221013 14:42:08.185"/>
</kw>
<status status="PASS" starttime="20221013 14:42:08.125" endtime="20221013 14:42:08.185"/>
</iter>
<iter>
<var name="${i}">6</var>
<kw name="Get Text" library="SeleniumLibrary">
<var>${Text}</var>
<arg>${product_count} [${i}]</arg>
<doc>Returns the text value of the element identified by ``locator``.</doc>
<msg timestamp="20221013 14:42:08.215" level="INFO">${Text} = Sauce Labs Onesie</msg>
<status status="PASS" starttime="20221013 14:42:08.186" endtime="20221013 14:42:08.215"/>
</kw>
<kw name="Page Should Contain" library="SeleniumLibrary">
<arg>${Text}</arg>
<doc>Verifies that current page contains ``text``.</doc>
<msg timestamp="20221013 14:42:08.232" level="INFO">Current page contains text 'Sauce Labs Onesie'.</msg>
<status status="PASS" starttime="20221013 14:42:08.215" endtime="20221013 14:42:08.232"/>
</kw>
<status status="PASS" starttime="20221013 14:42:08.185" endtime="20221013 14:42:08.233"/>
</iter>
<status status="PASS" starttime="20221013 14:42:07.876" endtime="20221013 14:42:08.233"/>
</for>
<status status="PASS" starttime="20221013 14:42:07.754" endtime="20221013 14:42:08.233"/>
</kw>
<kw name="Select Products price list" library="ProductOrder">
<kw name="Get Element Count" library="SeleniumLibrary">
<var>${count}</var>
<arg>${product_price_count}</arg>
<doc>Returns the number of elements matching ``locator``.</doc>
<msg timestamp="20221013 14:42:08.252" level="INFO">${count} = 6</msg>
<status status="PASS" starttime="20221013 14:42:08.236" endtime="20221013 14:42:08.252"/>
</kw>
<for flavor="IN RANGE">
<var>${i}</var>
<value>1</value>
<value>${count}+1</value>
<iter>
<var name="${i}">1</var>
<kw name="Get Text" library="SeleniumLibrary">
<var>${Text}</var>
<arg>${product_price_count} [${i}]</arg>
<doc>Returns the text value of the element identified by ``locator``.</doc>
<msg timestamp="20221013 14:42:08.287" level="INFO">${Text} = $49.99</msg>
<status status="PASS" starttime="20221013 14:42:08.254" endtime="20221013 14:42:08.287"/>
</kw>
<kw name="Log To Console" library="BuiltIn">
<arg>${Text}</arg>
<doc>Logs the given message to the console.</doc>
<status status="PASS" starttime="20221013 14:42:08.287" endtime="20221013 14:42:08.288"/>
</kw>
<kw name="Page Should Contain" library="SeleniumLibrary">
<arg>${Text}</arg>
<doc>Verifies that current page contains ``text``.</doc>
<msg timestamp="20221013 14:42:08.305" level="INFO">Current page contains text '$49.99'.</msg>
<status status="PASS" starttime="20221013 14:42:08.288" endtime="20221013 14:42:08.305"/>
</kw>
<status status="PASS" starttime="20221013 14:42:08.254" endtime="20221013 14:42:08.305"/>
</iter>
<iter>
<var name="${i}">2</var>
<kw name="Get Text" library="SeleniumLibrary">
<var>${Text}</var>
<arg>${product_price_count} [${i}]</arg>
<doc>Returns the text value of the element identified by ``locator``.</doc>
<msg timestamp="20221013 14:42:08.344" level="INFO">${Text} = $29.99</msg>
<status status="PASS" starttime="20221013 14:42:08.306" endtime="20221013 14:42:08.344"/>
</kw>
<kw name="Log To Console" library="BuiltIn">
<arg>${Text}</arg>
<doc>Logs the given message to the console.</doc>
<status status="PASS" starttime="20221013 14:42:08.345" endtime="20221013 14:42:08.345"/>
</kw>
<kw name="Page Should Contain" library="SeleniumLibrary">
<arg>${Text}</arg>
<doc>Verifies that current page contains ``text``.</doc>
<msg timestamp="20221013 14:42:08.364" level="INFO">Current page contains text '$29.99'.</msg>
<status status="PASS" starttime="20221013 14:42:08.346" endtime="20221013 14:42:08.364"/>
</kw>
<status status="PASS" starttime="20221013 14:42:08.305" endtime="20221013 14:42:08.364"/>
</iter>
<iter>
<var name="${i}">3</var>
<kw name="Get Text" library="SeleniumLibrary">
<var>${Text}</var>
<arg>${product_price_count} [${i}]</arg>
<doc>Returns the text value of the element identified by ``locator``.</doc>
<msg timestamp="20221013 14:42:08.406" level="INFO">${Text} = $15.99</msg>
<status status="PASS" starttime="20221013 14:42:08.365" endtime="20221013 14:42:08.406"/>
</kw>
<kw name="Log To Console" library="BuiltIn">
<arg>${Text}</arg>
<doc>Logs the given message to the console.</doc>
<status status="PASS" starttime="20221013 14:42:08.407" endtime="20221013 14:42:08.408"/>
</kw>
<kw name="Page Should Contain" library="SeleniumLibrary">
<arg>${Text}</arg>
<doc>Verifies that current page contains ``text``.</doc>
<msg timestamp="20221013 14:42:08.426" level="INFO">Current page contains text '$15.99'.</msg>
<status status="PASS" starttime="20221013 14:42:08.408" endtime="20221013 14:42:08.426"/>
</kw>
<status status="PASS" starttime="20221013 14:42:08.364" endtime="20221013 14:42:08.427"/>
</iter>
<iter>
<var name="${i}">4</var>
<kw name="Get Text" library="SeleniumLibrary">
<var>${Text}</var>
<arg>${product_price_count} [${i}]</arg>
<doc>Returns the text value of the element identified by ``locator``.</doc>
<msg timestamp="20221013 14:42:08.461" level="INFO">${Text} = $15.99</msg>
<status status="PASS" starttime="20221013 14:42:08.427" endtime="20221013 14:42:08.461"/>
</kw>
<kw name="Log To Console" library="BuiltIn">
<arg>${Text}</arg>
<doc>Logs the given message to the console.</doc>
<status status="PASS" starttime="20221013 14:42:08.462" endtime="20221013 14:42:08.463"/>
</kw>
<kw name="Page Should Contain" library="SeleniumLibrary">
<arg>${Text}</arg>
<doc>Verifies that current page contains ``text``.</doc>
<msg timestamp="20221013 14:42:08.513" level="INFO">Current page contains text '$15.99'.</msg>
<status status="PASS" starttime="20221013 14:42:08.463" endtime="20221013 14:42:08.514"/>
</kw>
<status status="PASS" starttime="20221013 14:42:08.427" endtime="20221013 14:42:08.514"/>
</iter>
<iter>
<var name="${i}">5</var>
<kw name="Get Text" library="SeleniumLibrary">
<var>${Text}</var>
<arg>${product_price_count} [${i}]</arg>
<doc>Returns the text value of the element identified by ``locator``.</doc>
<msg timestamp="20221013 14:42:08.550" level="INFO">${Text} = $9.99</msg>
<status status="PASS" starttime="20221013 14:42:08.515" endtime="20221013 14:42:08.551"/>
</kw>
<kw name="Log To Console" library="BuiltIn">
<arg>${Text}</arg>
<doc>Logs the given message to the console.</doc>
<status status="PASS" starttime="20221013 14:42:08.551" endtime="20221013 14:42:08.552"/>
</kw>
<kw name="Page Should Contain" library="SeleniumLibrary">
<arg>${Text}</arg>
<doc>Verifies that current page contains ``text``.</doc>
<msg timestamp="20221013 14:42:08.575" level="INFO">Current page contains text '$9.99'.</msg>
<status status="PASS" starttime="20221013 14:42:08.553" endtime="20221013 14:42:08.575"/>
</kw>
<status status="PASS" starttime="20221013 14:42:08.514" endtime="20221013 14:42:08.575"/>
</iter>
<iter>
<var name="${i}">6</var>
<kw name="Get Text" library="SeleniumLibrary">
<var>${Text}</var>
<arg>${product_price_count} [${i}]</arg>
<doc>Returns the text value of the element identified by ``locator``.</doc>
<msg timestamp="20221013 14:42:08.613" level="INFO">${Text} = $7.99</msg>
<status status="PASS" starttime="20221013 14:42:08.576" endtime="20221013 14:42:08.613"/>
</kw>
<kw name="Log To Console" library="BuiltIn">
<arg>${Text}</arg>
<doc>Logs the given message to the console.</doc>
<status status="PASS" starttime="20221013 14:42:08.613" endtime="20221013 14:42:08.614"/>
</kw>
<kw name="Page Should Contain" library="SeleniumLibrary">
<arg>${Text}</arg>
<doc>Verifies that current page contains ``text``.</doc>
<msg timestamp="20221013 14:42:08.630" level="INFO">Current page contains text '$7.99'.</msg>
<status status="PASS" starttime="20221013 14:42:08.614" endtime="20221013 14:42:08.630"/>
</kw>
<status status="PASS" starttime="20221013 14:42:08.575" endtime="20221013 14:42:08.630"/>
</iter>
<status status="PASS" starttime="20221013 14:42:08.253" endtime="20221013 14:42:08.631"/>
</for>
<status status="PASS" starttime="20221013 14:42:08.234" endtime="20221013 14:42:08.631"/>
</kw>
<kw name="Social Media Accounts with mulitple window handles" library="ProductOrder">
<kw name="Get Element Count" library="SeleniumLibrary">
<var>${count}</var>
<arg>${social_media}</arg>
<doc>Returns the number of elements matching ``locator``.</doc>
<msg timestamp="20221013 14:42:08.647" level="INFO">${count} = 3</msg>
<status status="PASS" starttime="20221013 14:42:08.632" endtime="20221013 14:42:08.647"/>
</kw>
<for flavor="IN RANGE">
<var>${i}</var>
<value>1</value>
<value>${count}+1</value>
<iter>
<var name="${i}">1</var>
<kw name="Set Selenium Speed" library="SeleniumLibrary">
<arg>1</arg>
<doc>Sets the delay that is waited after each Selenium command.</doc>
<status status="PASS" starttime="20221013 14:42:08.649" endtime="20221013 14:42:08.650"/>
</kw>
<kw name="Click Element" library="SeleniumLibrary">
<arg>${social_media} [${i}]</arg>
<doc>Click the element identified by ``locator``.</doc>
<msg timestamp="20221013 14:42:08.651" level="INFO">Clicking element '(//a[@rel='noreferrer']) [1]'.</msg>
<status status="PASS" starttime="20221013 14:42:08.650" endtime="20221013 14:42:10.717"/>
</kw>
<kw name="Get Window Handles" library="SeleniumLibrary">
<var>${windowhandles}</var>
<doc>Returns all child window handles of the selected browser as a list.</doc>
<msg timestamp="20221013 14:42:11.735" level="INFO">${windowhandles} = ['CDwindow-58A5F3C6BE644666185D7473EE09CA7E', 'CDwindow-4509B4F9CB8897332E14B32CBA1B15AE']</msg>
<status status="PASS" starttime="20221013 14:42:10.718" endtime="20221013 14:42:11.735"/>
</kw>
<kw name="Switch Window" library="SeleniumLibrary">
<arg>${windowhandles}[1]</arg>
<doc>Switches to browser window matching ``locator``.</doc>
<status status="PASS" starttime="20221013 14:42:11.735" endtime="20221013 14:42:20.828"/>
</kw>
<kw name="Close Window" library="SeleniumLibrary">
<doc>Closes currently opened and selected browser window/tab.</doc>
<status status="PASS" starttime="20221013 14:42:20.828" endtime="20221013 14:42:21.846"/>
</kw>
<kw name="Switch Window" library="SeleniumLibrary">
<arg>${windowhandles}[0]</arg>
<doc>Switches to browser window matching ``locator``.</doc>
<status status="PASS" starttime="20221013 14:42:21.847" endtime="20221013 14:42:23.885"/>
</kw>
<status status="PASS" starttime="20221013 14:42:08.648" endtime="20221013 14:42:23.886"/>
</iter>
<iter>
<var name="${i}">2</var>
<kw name="Set Selenium Speed" library="SeleniumLibrary">
<arg>1</arg>
<doc>Sets the delay that is waited after each Selenium command.</doc>
<status status="PASS" starttime="20221013 14:42:23.891" endtime="20221013 14:42:23.896"/>
</kw>
<kw name="Click Element" library="SeleniumLibrary">
<arg>${social_media} [${i}]</arg>
<doc>Click the element identified by ``locator``.</doc>
<msg timestamp="20221013 14:42:23.899" level="INFO">Clicking element '(//a[@rel='noreferrer']) [2]'.</msg>
<status status="PASS" starttime="20221013 14:42:23.897" endtime="20221013 14:42:26.015"/>
</kw>
<kw name="Get Window Handles" library="SeleniumLibrary">
<var>${windowhandles}</var>
<doc>Returns all child window handles of the selected browser as a list.</doc>
<msg timestamp="20221013 14:42:27.020" level="INFO">${windowhandles} = ['CDwindow-58A5F3C6BE644666185D7473EE09CA7E', 'CDwindow-A1E9B021D5D84D7753CF582259256070']</msg>
<status status="PASS" starttime="20221013 14:42:26.016" endtime="20221013 14:42:27.020"/>
</kw>
<kw name="Switch Window" library="SeleniumLibrary">
<arg>${windowhandles}[1]</arg>
<doc>Switches to browser window matching ``locator``.</doc>
<status status="PASS" starttime="20221013 14:42:27.020" endtime="20221013 14:42:36.173"/>
</kw>
<kw name="Close Window" library="SeleniumLibrary">
<doc>Closes currently opened and selected browser window/tab.</doc>
<status status="PASS" starttime="20221013 14:42:36.174" endtime="20221013 14:42:37.196"/>
</kw>
<kw name="Switch Window" library="SeleniumLibrary">
<arg>${windowhandles}[0]</arg>
<doc>Switches to browser window matching ``locator``.</doc>
<status status="PASS" starttime="20221013 14:42:37.196" endtime="20221013 14:42:39.214"/>
</kw>
<status status="PASS" starttime="20221013 14:42:23.887" endtime="20221013 14:42:39.214"/>
</iter>
<iter>
<var name="${i}">3</var>
<kw name="Set Selenium Speed" library="SeleniumLibrary">
<arg>1</arg>
<doc>Sets the delay that is waited after each Selenium command.</doc>
<status status="PASS" starttime="20221013 14:42:39.214" endtime="20221013 14:42:39.215"/>
</kw>
<kw name="Click Element" library="SeleniumLibrary">
<arg>${social_media} [${i}]</arg>
<doc>Click the element identified by ``locator``.</doc>
<msg timestamp="20221013 14:42:39.215" level="INFO">Clicking element '(//a[@rel='noreferrer']) [3]'.</msg>
<status status="PASS" starttime="20221013 14:42:39.215" endtime="20221013 14:42:41.263"/>
</kw>
<kw name="Get Window Handles" library="SeleniumLibrary">
<var>${windowhandles}</var>
<doc>Returns all child window handles of the selected browser as a list.</doc>
<msg timestamp="20221013 14:42:42.281" level="INFO">${windowhandles} = ['CDwindow-58A5F3C6BE644666185D7473EE09CA7E', 'CDwindow-1F801C1473D76BF81ED35E3CB659C5A9']</msg>
<status status="PASS" starttime="20221013 14:42:41.263" endtime="20221013 14:42:42.281"/>
</kw>
<kw name="Switch Window" library="SeleniumLibrary">
<arg>${windowhandles}[1]</arg>
<doc>Switches to browser window matching ``locator``.</doc>
<status status="PASS" starttime="20221013 14:42:42.282" endtime="20221013 14:42:51.393"/>
</kw>
<kw name="Close Window" library="SeleniumLibrary">
<doc>Closes currently opened and selected browser window/tab.</doc>
<status status="PASS" starttime="20221013 14:42:51.394" endtime="20221013 14:42:52.428"/>
</kw>
<kw name="Switch Window" library="SeleniumLibrary">
<arg>${windowhandles}[0]</arg>
<doc>Switches to browser window matching ``locator``.</doc>
<status status="PASS" starttime="20221013 14:42:52.428" endtime="20221013 14:42:54.463"/>
</kw>
<status status="PASS" starttime="20221013 14:42:39.214" endtime="20221013 14:42:54.464"/>
</iter>
<status status="PASS" starttime="20221013 14:42:08.648" endtime="20221013 14:42:54.465"/>
</for>
<status status="PASS" starttime="20221013 14:42:08.631" endtime="20221013 14:42:54.466"/>
</kw>
<kw name="verifying Website Privacy Policy Text" library="ProductOrder">
<kw name="Get Text" library="SeleniumLibrary">
<var>${Text}</var>
<arg>${txt_privacy}</arg>
<doc>Returns the text value of the element identified by ``locator``.</doc>
<msg timestamp="20221013 14:42:56.576" level="INFO">${Text} = © 2022 Sauce Labs. All Rights Reserved. Terms of Service | Privacy Policy</msg>
<status status="PASS" starttime="20221013 14:42:54.468" endtime="20221013 14:42:56.577"/>
</kw>
<kw name="Log To Console" library="BuiltIn">
<arg>${Text}</arg>
<doc>Logs the given message to the console.</doc>
<status status="PASS" starttime="20221013 14:42:56.577" endtime="20221013 14:42:56.578"/>
</kw>
<status status="PASS" starttime="20221013 14:42:54.467" endtime="20221013 14:42:56.578"/>
</kw>
<kw name="Logout from the website" library="LogoutPage">
<kw name="Click Button" library="SeleniumLibrary">
<arg>${btn_menu}</arg>
<doc>Clicks the button identified by ``locator``.</doc>
<msg timestamp="20221013 14:42:56.581" level="INFO">Clicking button '//button[@id='react-burger-menu-btn']'.</msg>
<status status="PASS" starttime="20221013 14:42:56.579" endtime="20221013 14:43:01.735"/>
</kw>
<kw name="Click Link" library="SeleniumLibrary">
<arg>Logout</arg>
<doc>Clicks a link identified by ``locator``.</doc>
<msg timestamp="20221013 14:43:01.738" level="INFO">Clicking link 'Logout'.</msg>
<status status="PASS" starttime="20221013 14:43:01.736" endtime="20221013 14:43:04.874"/>
</kw>
<status status="PASS" starttime="20221013 14:42:56.579" endtime="20221013 14:43:04.875"/>
</kw>
<kw name="Close My Browser" library="CommonPage" type="TEARDOWN">
<kw name="Close All Browsers" library="SeleniumLibrary">
<doc>Closes all open browsers and resets the browser cache.</doc>
<status status="PASS" starttime="20221013 14:43:04.878" endtime="20221013 14:43:07.965"/>
</kw>
<status status="PASS" starttime="20221013 14:43:04.876" endtime="20221013 14:43:07.966"/>
</kw>
<status status="PASS" starttime="20221013 14:42:02.641" endtime="20221013 14:43:07.967"/>
</test>
<status status="PASS" starttime="20221013 14:42:02.241" endtime="20221013 14:43:07.971"/>
</suite>
<status status="PASS" starttime="20221013 14:42:02.211" endtime="20221013 14:43:07.976"/>
</suite>
<statistics>
<total>
<stat pass="1" fail="0" skip="0">All Tests</stat>
</total>
<tag>
</tag>
<suite>
<stat pass="1" fail="0" skip="0" id="s1" name="Suites">Suites</stat>
<stat pass="1" fail="0" skip="0" id="s1-s1" name="TC3 productOrder">Suites.TC3 productOrder</stat>
</suite>
</statistics>
<errors>
</errors>
</robot>
