<?xml version="1.0" encoding="UTF-8"?>
<robot generator="Robot 5.0.1 (Python 3.10.5 on win32)" generated="20230302 16:23:40.104" rpa="false" schemaversion="3">
<suite id="s1" name="Suites">
<suite id="s1-s1" name="TC2 AddProductPage" source="C:\Users\AnkitKumar\PycharmProjects\SauceDemoRobotFramework\TestCases\TC2_AddProductPage.robot">
<test id="s1-s1-t1" name="Add Product to Cart" line="12">
<kw name="Open my Browser" library="CommonPage" type="SETUP">
<kw name="Open Browser" library="SeleniumLibrary">
<arg>${site}</arg>
<arg>${browser}</arg>
<doc>Opens a new browser instance to the optional ``url``.</doc>
<msg timestamp="20230302 16:23:40.589" level="INFO">Opening browser 'Chrome' to base url 'https://www.saucedemo.com/'.</msg>
<status status="PASS" starttime="20230302 16:23:40.587" endtime="20230302 16:23:45.788"/>
</kw>
<kw name="Maximize Browser Window" library="SeleniumLibrary">
<doc>Maximizes current browser window.</doc>
<status status="PASS" starttime="20230302 16:23:45.789" endtime="20230302 16:23:46.129"/>
</kw>
<status status="PASS" starttime="20230302 16:23:40.586" endtime="20230302 16:23:46.130"/>
</kw>
<kw name="Enter Login Credentials and verfiy the page" library="LoginPage">
<kw name="Set Selenium Implicit Wait" library="SeleniumLibrary">
<arg>10</arg>
<doc>Sets the implicit wait value used by Selenium.</doc>
<status status="PASS" starttime="20230302 16:23:46.131" endtime="20230302 16:23:46.133"/>
</kw>
<kw name="Input Text" library="SeleniumLibrary">
<arg>${txt_username}</arg>
<arg>${username}</arg>
<doc>Types the given ``text`` into the text field identified by ``locator``.</doc>
<msg timestamp="20230302 16:23:46.135" level="INFO">Typing text 'standard_user' into text field '//input[@placeholder='Username']'.</msg>
<status status="PASS" starttime="20230302 16:23:46.134" endtime="20230302 16:23:46.940"/>
</kw>
<kw name="Input Password" library="SeleniumLibrary">
<arg>${txt_password}</arg>
<arg>${password}</arg>
<doc>Types the given password into the text field identified by ``locator``.</doc>
<msg timestamp="20230302 16:23:46.942" level="INFO">Typing password into text field '//input[@placeholder='Password']'.</msg>
<msg timestamp="20230302 16:23:47.049" level="INFO">Temporally setting log level to: NONE</msg>
<msg timestamp="20230302 16:23:47.448" level="INFO">Log level changed from NONE to INFO.</msg>
<status status="PASS" starttime="20230302 16:23:46.941" endtime="20230302 16:23:47.448"/>
</kw>
<kw name="Click Element" library="SeleniumLibrary">
<arg>${btn_login}</arg>
<doc>Click the element identified by ``locator``.</doc>
<msg timestamp="20230302 16:23:47.449" level="INFO">Clicking element '//input[@type='submit']'.</msg>
<status status="PASS" starttime="20230302 16:23:47.449" endtime="20230302 16:23:47.819"/>
</kw>
<kw name="Page Should Contain" library="SeleniumLibrary">
<arg>Sauce Labs</arg>
<doc>Verifies that current page contains ``text``.</doc>
<msg timestamp="20230302 16:23:47.988" level="INFO">Current page contains text 'Sauce Labs'.</msg>
<status status="PASS" starttime="20230302 16:23:47.820" endtime="20230302 16:23:47.988"/>
</kw>
<status status="PASS" starttime="20230302 16:23:46.130" endtime="20230302 16:23:47.988"/>
</kw>
<kw name="Add product to the cart" library="AddProductPage">
<kw name="Get Element Count" library="SeleniumLibrary">
<var>${count}</var>
<arg>${btn_addtocart}</arg>
<doc>Returns the number of elements matching ``locator``.</doc>
<msg timestamp="20230302 16:23:48.015" level="INFO">${count} = 6</msg>
<status status="PASS" starttime="20230302 16:23:47.991" endtime="20230302 16:23:48.015"/>
</kw>
<kw name="Log To Console" library="BuiltIn">
<arg>${count}</arg>
<doc>Logs the given message to the console.</doc>
<status status="PASS" starttime="20230302 16:23:48.016" endtime="20230302 16:23:48.017"/>
</kw>
<for flavor="IN RANGE">
<var>${i}</var>
<value>1</value>
<value>${count}+1</value>
<iter>
<var name="${i}">1</var>
<kw name="Set Selenium Speed" library="SeleniumLibrary">
<arg>0</arg>
<doc>Sets the delay that is waited after each Selenium command.</doc>
<status status="PASS" starttime="20230302 16:23:48.019" endtime="20230302 16:23:48.019"/>
</kw>
<kw name="Click Element" library="SeleniumLibrary">
<arg>${btn_addtocart} [${i}]</arg>
<doc>Click the element identified by ``locator``.</doc>
<msg timestamp="20230302 16:23:48.021" level="INFO">Clicking element '(//div[@class='inventory_item_name']) [1]'.</msg>
<status status="PASS" starttime="20230302 16:23:48.020" endtime="20230302 16:23:48.100"/>
</kw>
<kw name="Click Button" library="SeleniumLibrary">
<arg>${addToCartLocator}</arg>
<doc>Clicks the button identified by ``locator``.</doc>
<msg timestamp="20230302 16:23:48.102" level="INFO">Clicking button '//button[contains(text(),'Add to cart')]'.</msg>
<status status="PASS" starttime="20230302 16:23:48.101" endtime="20230302 16:23:48.203"/>
</kw>
<kw name="Click Button" library="SeleniumLibrary">
<arg>${backToProducts}</arg>
<doc>Clicks the button identified by ``locator``.</doc>
<msg timestamp="20230302 16:23:48.204" level="INFO">Clicking button '//button[@id='back-to-products']'.</msg>
<status status="PASS" starttime="20230302 16:23:48.204" endtime="20230302 16:23:48.316"/>
</kw>
<status status="PASS" starttime="20230302 16:23:48.018" endtime="20230302 16:23:48.316"/>
</iter>
<iter>
<var name="${i}">2</var>
<kw name="Set Selenium Speed" library="SeleniumLibrary">
<arg>0</arg>
<doc>Sets the delay that is waited after each Selenium command.</doc>
<status status="PASS" starttime="20230302 16:23:48.318" endtime="20230302 16:23:48.319"/>
</kw>
<kw name="Click Element" library="SeleniumLibrary">
<arg>${btn_addtocart} [${i}]</arg>
<doc>Click the element identified by ``locator``.</doc>
<msg timestamp="20230302 16:23:48.320" level="INFO">Clicking element '(//div[@class='inventory_item_name']) [2]'.</msg>
<status status="PASS" starttime="20230302 16:23:48.319" endtime="20230302 16:23:48.402"/>
</kw>
<kw name="Click Button" library="SeleniumLibrary">
<arg>${addToCartLocator}</arg>
<doc>Clicks the button identified by ``locator``.</doc>
<msg timestamp="20230302 16:23:48.404" level="INFO">Clicking button '//button[contains(text(),'Add to cart')]'.</msg>
<status status="PASS" starttime="20230302 16:23:48.403" endtime="20230302 16:23:48.487"/>
</kw>
<kw name="Click Button" library="SeleniumLibrary">
<arg>${backToProducts}</arg>
<doc>Clicks the button identified by ``locator``.</doc>
<msg timestamp="20230302 16:23:48.489" level="INFO">Clicking button '//button[@id='back-to-products']'.</msg>
<status status="PASS" starttime="20230302 16:23:48.488" endtime="20230302 16:23:48.600"/>
</kw>
<status status="PASS" starttime="20230302 16:23:48.317" endtime="20230302 16:23:48.600"/>
</iter>
<iter>
<var name="${i}">3</var>
<kw name="Set Selenium Speed" library="SeleniumLibrary">
<arg>0</arg>
<doc>Sets the delay that is waited after each Selenium command.</doc>
<status status="PASS" starttime="20230302 16:23:48.602" endtime="20230302 16:23:48.603"/>
</kw>
<kw name="Click Element" library="SeleniumLibrary">
<arg>${btn_addtocart} [${i}]</arg>
<doc>Click the element identified by ``locator``.</doc>
<msg timestamp="20230302 16:23:48.605" level="INFO">Clicking element '(//div[@class='inventory_item_name']) [3]'.</msg>
<status status="PASS" starttime="20230302 16:23:48.603" endtime="20230302 16:23:48.698"/>
</kw>
<kw name="Click Button" library="SeleniumLibrary">
<arg>${addToCartLocator}</arg>
<doc>Clicks the button identified by ``locator``.</doc>
<msg timestamp="20230302 16:23:48.700" level="INFO">Clicking button '//button[contains(text(),'Add to cart')]'.</msg>
<status status="PASS" starttime="20230302 16:23:48.699" endtime="20230302 16:23:48.787"/>
</kw>
<kw name="Click Button" library="SeleniumLibrary">
<arg>${backToProducts}</arg>
<doc>Clicks the button identified by ``locator``.</doc>
<msg timestamp="20230302 16:23:48.789" level="INFO">Clicking button '//button[@id='back-to-products']'.</msg>
<status status="PASS" starttime="20230302 16:23:48.788" endtime="20230302 16:23:48.959"/>
</kw>
<status status="PASS" starttime="20230302 16:23:48.601" endtime="20230302 16:23:48.960"/>
</iter>
<iter>
<var name="${i}">4</var>
<kw name="Set Selenium Speed" library="SeleniumLibrary">
<arg>0</arg>
<doc>Sets the delay that is waited after each Selenium command.</doc>
<status status="PASS" starttime="20230302 16:23:48.960" endtime="20230302 16:23:48.961"/>
</kw>
<kw name="Click Element" library="SeleniumLibrary">
<arg>${btn_addtocart} [${i}]</arg>
<doc>Click the element identified by ``locator``.</doc>
<msg timestamp="20230302 16:23:48.963" level="INFO">Clicking element '(//div[@class='inventory_item_name']) [4]'.</msg>
<status status="PASS" starttime="20230302 16:23:48.962" endtime="20230302 16:23:49.116"/>
</kw>
<kw name="Click Button" library="SeleniumLibrary">
<arg>${addToCartLocator}</arg>
<doc>Clicks the button identified by ``locator``.</doc>
<msg timestamp="20230302 16:23:49.118" level="INFO">Clicking button '//button[contains(text(),'Add to cart')]'.</msg>
<status status="PASS" starttime="20230302 16:23:49.116" endtime="20230302 16:23:49.246"/>
</kw>
<kw name="Click Button" library="SeleniumLibrary">
<arg>${backToProducts}</arg>
<doc>Clicks the button identified by ``locator``.</doc>
<msg timestamp="20230302 16:23:49.249" level="INFO">Clicking button '//button[@id='back-to-products']'.</msg>
<status status="PASS" starttime="20230302 16:23:49.247" endtime="20230302 16:23:49.453"/>
</kw>
<status status="PASS" starttime="20230302 16:23:48.960" endtime="20230302 16:23:49.453"/>
</iter>
<iter>
<var name="${i}">5</var>
<kw name="Set Selenium Speed" library="SeleniumLibrary">
<arg>0</arg>
<doc>Sets the delay that is waited after each Selenium command.</doc>
<status status="PASS" starttime="20230302 16:23:49.454" endtime="20230302 16:23:49.455"/>
</kw>
<kw name="Click Element" library="SeleniumLibrary">
<arg>${btn_addtocart} [${i}]</arg>
<doc>Click the element identified by ``locator``.</doc>
<msg timestamp="20230302 16:23:49.456" level="INFO">Clicking element '(//div[@class='inventory_item_name']) [5]'.</msg>
<status status="PASS" starttime="20230302 16:23:49.455" endtime="20230302 16:23:49.583"/>
</kw>
<kw name="Click Button" library="SeleniumLibrary">
<arg>${addToCartLocator}</arg>
<doc>Clicks the button identified by ``locator``.</doc>
<msg timestamp="20230302 16:23:49.584" level="INFO">Clicking button '//button[contains(text(),'Add to cart')]'.</msg>
<status status="PASS" starttime="20230302 16:23:49.583" endtime="20230302 16:23:49.685"/>
</kw>
<kw name="Click Button" library="SeleniumLibrary">
<arg>${backToProducts}</arg>
<doc>Clicks the button identified by ``locator``.</doc>
<msg timestamp="20230302 16:23:49.687" level="INFO">Clicking button '//button[@id='back-to-products']'.</msg>
<status status="PASS" starttime="20230302 16:23:49.686" endtime="20230302 16:23:49.814"/>
</kw>
<status status="PASS" starttime="20230302 16:23:49.454" endtime="20230302 16:23:49.815"/>
</iter>
<iter>
<var name="${i}">6</var>
<kw name="Set Selenium Speed" library="SeleniumLibrary">
<arg>0</arg>
<doc>Sets the delay that is waited after each Selenium command.</doc>
<status status="PASS" starttime="20230302 16:23:49.816" endtime="20230302 16:23:49.817"/>
</kw>
<kw name="Click Element" library="SeleniumLibrary">
<arg>${btn_addtocart} [${i}]</arg>
<doc>Click the element identified by ``locator``.</doc>
<msg timestamp="20230302 16:23:49.819" level="INFO">Clicking element '(//div[@class='inventory_item_name']) [6]'.</msg>
<status status="PASS" starttime="20230302 16:23:49.818" endtime="20230302 16:23:49.939"/>
</kw>
<kw name="Click Button" library="SeleniumLibrary">
<arg>${addToCartLocator}</arg>
<doc>Clicks the button identified by ``locator``.</doc>
<msg timestamp="20230302 16:23:49.941" level="INFO">Clicking button '//button[contains(text(),'Add to cart')]'.</msg>
<status status="PASS" starttime="20230302 16:23:49.939" endtime="20230302 16:23:50.091"/>
</kw>
<kw name="Click Button" library="SeleniumLibrary">
<arg>${backToProducts}</arg>
<doc>Clicks the button identified by ``locator``.</doc>
<msg timestamp="20230302 16:23:50.094" level="INFO">Clicking button '//button[@id='back-to-products']'.</msg>
<status status="PASS" starttime="20230302 16:23:50.093" endtime="20230302 16:23:50.288"/>
</kw>
<status status="PASS" starttime="20230302 16:23:49.815" endtime="20230302 16:23:50.289"/>
</iter>
<status status="PASS" starttime="20230302 16:23:48.017" endtime="20230302 16:23:50.289"/>
</for>
<kw name="Get Text" library="SeleniumLibrary">
<var>${count}</var>
<arg>//span[@class='shopping_cart_badge']</arg>
<doc>Returns the text value of the element identified by ``locator``.</doc>
<msg timestamp="20230302 16:23:50.452" level="INFO">${count} = 6</msg>
<status status="PASS" starttime="20230302 16:23:50.289" endtime="20230302 16:23:50.452"/>
</kw>
<kw name="Log To Console" library="BuiltIn">
<arg>${count}</arg>
<doc>Logs the given message to the console.</doc>
<status status="PASS" starttime="20230302 16:23:50.453" endtime="20230302 16:23:50.454"/>
</kw>
<kw name="Should Be Equal As Integers" library="BuiltIn">
<arg>${count}</arg>
<arg>${count}</arg>
<doc>Fails if objects are unequal after converting them to integers.</doc>
<status status="PASS" starttime="20230302 16:23:50.454" endtime="20230302 16:23:50.455"/>
</kw>
<status status="PASS" starttime="20230302 16:23:47.990" endtime="20230302 16:23:50.455"/>
</kw>
<kw name="Go to cart and order" library="AddProductPage">
<kw name="Click Element" library="SeleniumLibrary">
<arg>${btn_cart}</arg>
<doc>Click the element identified by ``locator``.</doc>
<msg timestamp="20230302 16:23:50.457" level="INFO">Clicking element '//div[@class='shopping_cart_container']'.</msg>
<status status="PASS" starttime="20230302 16:23:50.456" endtime="20230302 16:23:50.587"/>
</kw>
<kw name="Click Button" library="SeleniumLibrary">
<arg>${btn_checkout}</arg>
<doc>Clicks the button identified by ``locator``.</doc>
<msg timestamp="20230302 16:23:50.588" level="INFO">Clicking button '//button[@name='checkout']'.</msg>
<status status="PASS" starttime="20230302 16:23:50.587" endtime="20230302 16:23:50.819"/>
</kw>
<kw name="Page Should Contain" library="SeleniumLibrary">
<arg>${assert_text}</arg>
<doc>Verifies that current page contains ``text``.</doc>
<msg timestamp="20230302 16:23:50.847" level="INFO">Current page contains text 'Checkout: Your Information'.</msg>
<status status="PASS" starttime="20230302 16:23:50.819" endtime="20230302 16:23:50.847"/>
</kw>
<status status="PASS" starttime="20230302 16:23:50.455" endtime="20230302 16:23:50.848"/>
</kw>
<kw name="Add Delivery Details" library="AddProductPage">
<kw name="Input Text" library="SeleniumLibrary">
<arg>${txt_firstname}</arg>
<arg>${firstName}</arg>
<doc>Types the given ``text`` into the text field identified by ``locator``.</doc>
<msg timestamp="20230302 16:23:50.850" level="INFO">Typing text 'raman' into text field '//input[@name='firstName']'.</msg>
<status status="PASS" starttime="20230302 16:23:50.849" endtime="20230302 16:23:51.029"/>
</kw>
<kw name="Input Text" library="SeleniumLibrary">
<arg>${txt_lastname}</arg>
<arg>${lastName}</arg>
<doc>Types the given ``text`` into the text field identified by ``locator``.</doc>
<msg timestamp="20230302 16:23:51.031" level="INFO">Typing text 'yadav' into text field '//input[@name='lastName']'.</msg>
<status status="PASS" starttime="20230302 16:23:51.029" endtime="20230302 16:23:51.231"/>
</kw>
<kw name="Input Text" library="SeleniumLibrary">
<arg>${txt_pincode}</arg>
<arg>${postalCode}</arg>
<doc>Types the given ``text`` into the text field identified by ``locator``.</doc>
<msg timestamp="20230302 16:23:51.233" level="INFO">Typing text '100257' into text field '//input[@name='postalCode']'.</msg>
<status status="PASS" starttime="20230302 16:23:51.232" endtime="20230302 16:23:51.390"/>
</kw>
<kw name="Click Element" library="SeleniumLibrary">
<arg>${btn_continue}</arg>
<doc>Click the element identified by ``locator``.</doc>
<msg timestamp="20230302 16:23:51.392" level="INFO">Clicking element '//input[@name='continue']'.</msg>
<status status="PASS" starttime="20230302 16:23:51.391" endtime="20230302 16:23:51.499"/>
</kw>
<kw name="Click Button" library="SeleniumLibrary">
<arg>${btn_finish}</arg>
<doc>Clicks the button identified by ``locator``.</doc>
<msg timestamp="20230302 16:23:51.500" level="INFO">Clicking button '//button[@name='finish']'.</msg>
<status status="PASS" starttime="20230302 16:23:51.499" endtime="20230302 16:23:51.609"/>
</kw>
<kw name="Page Should Contain" library="SeleniumLibrary">
<arg>${assert_txt}</arg>
<doc>Verifies that current page contains ``text``.</doc>
<msg timestamp="20230302 16:24:11.853" level="INFO" html="true">&lt;/td&gt;&lt;/tr&gt;&lt;tr&gt;&lt;td colspan="3"&gt;&lt;a href="selenium-screenshot-1.png"&gt;&lt;img src="selenium-screenshot-1.png" width="800px"&gt;&lt;/a&gt;</msg>
<msg timestamp="20230302 16:24:11.854" level="FAIL">Page should have contained text 'THANK YOU FOR YOUR ORDER!' but did not.</msg>
<status status="FAIL" starttime="20230302 16:23:51.610" endtime="20230302 16:24:11.856"/>
</kw>
<kw name="Click Button" library="SeleniumLibrary">
<arg>${btn_backtohome}</arg>
<doc>Clicks the button identified by ``locator``.</doc>
<status status="NOT RUN" starttime="20230302 16:24:11.857" endtime="20230302 16:24:11.857"/>
</kw>
<status status="FAIL" starttime="20230302 16:23:50.848" endtime="20230302 16:24:11.858"/>
</kw>
<kw name="Logout from the website" library="LogoutPage">
<status status="NOT RUN" starttime="20230302 16:24:11.858" endtime="20230302 16:24:11.858"/>
</kw>
<kw name="Close My Browser" library="CommonPage" type="TEARDOWN">
<kw name="Close All Browsers" library="SeleniumLibrary">
<doc>Closes all open browsers and resets the browser cache.</doc>
<status status="PASS" starttime="20230302 16:24:11.859" endtime="20230302 16:24:14.255"/>
</kw>
<status status="PASS" starttime="20230302 16:24:11.859" endtime="20230302 16:24:14.255"/>
</kw>
<status status="FAIL" starttime="20230302 16:23:40.584" endtime="20230302 16:24:14.256">Page should have contained text 'THANK YOU FOR YOUR ORDER!' but did not.</status>
</test>
<status status="FAIL" starttime="20230302 16:23:40.177" endtime="20230302 16:24:14.264"/>
</suite>
<status status="FAIL" starttime="20230302 16:23:40.126" endtime="20230302 16:24:14.265"/>
</suite>
<statistics>
<total>
<stat pass="0" fail="1" skip="0">All Tests</stat>
</total>
<tag>
</tag>
<suite>
<stat pass="0" fail="1" skip="0" id="s1" name="Suites">Suites</stat>
<stat pass="0" fail="1" skip="0" id="s1-s1" name="TC2 AddProductPage">Suites.TC2 AddProductPage</stat>
</suite>
</statistics>
<errors>
</errors>
</robot>
