<?xml version="1.0" encoding="UTF-8"?>
<robot generator="Robot 5.0.1 (Python 3.10.5 on win32)" generated="20230302 16:42:01.211" rpa="false" schemaversion="3">
<suite id="s1" name="Suites">
<suite id="s1-s1" name="TC2 AddProductPage" source="C:\Users\AnkitKumar\PycharmProjects\SauceDemoRobotFramework\TestCases\TC2_AddProductPage.robot">
<test id="s1-s1-t1" name="Add Product to Cart" line="12">
<kw name="Open my Browser" library="CommonPage" type="SETUP">
<kw name="Open Browser" library="SeleniumLibrary">
<arg>${site}</arg>
<arg>${browser}</arg>
<doc>Opens a new browser instance to the optional ``url``.</doc>
<msg timestamp="20230302 16:42:01.612" level="INFO">Opening browser 'headlessChrome' to base url 'https://www.saucedemo.com/'.</msg>
<status status="PASS" starttime="20230302 16:42:01.611" endtime="20230302 16:42:05.141"/>
</kw>
<kw name="Maximize Browser Window" library="SeleniumLibrary">
<doc>Maximizes current browser window.</doc>
<status status="PASS" starttime="20230302 16:42:05.141" endtime="20230302 16:42:05.283"/>
</kw>
<status status="PASS" starttime="20230302 16:42:01.609" endtime="20230302 16:42:05.283"/>
</kw>
<kw name="Enter Login Credentials and verfiy the page" library="LoginPage">
<kw name="Set Selenium Implicit Wait" library="SeleniumLibrary">
<arg>10</arg>
<doc>Sets the implicit wait value used by Selenium.</doc>
<status status="PASS" starttime="20230302 16:42:05.285" endtime="20230302 16:42:05.287"/>
</kw>
<kw name="Input Text" library="SeleniumLibrary">
<arg>${txt_username}</arg>
<arg>${username}</arg>
<doc>Types the given ``text`` into the text field identified by ``locator``.</doc>
<msg timestamp="20230302 16:42:05.289" level="INFO">Typing text 'standard_user' into text field '//input[@placeholder='Username']'.</msg>
<status status="PASS" starttime="20230302 16:42:05.288" endtime="20230302 16:42:05.451"/>
</kw>
<kw name="Input Password" library="SeleniumLibrary">
<arg>${txt_password}</arg>
<arg>${password}</arg>
<doc>Types the given password into the text field identified by ``locator``.</doc>
<msg timestamp="20230302 16:42:05.452" level="INFO">Typing password into text field '//input[@placeholder='Password']'.</msg>
<msg timestamp="20230302 16:42:05.556" level="INFO">Temporally setting log level to: NONE</msg>
<msg timestamp="20230302 16:42:05.638" level="INFO">Log level changed from NONE to INFO.</msg>
<status status="PASS" starttime="20230302 16:42:05.451" endtime="20230302 16:42:05.638"/>
</kw>
<kw name="Click Element" library="SeleniumLibrary">
<arg>${btn_login}</arg>
<doc>Click the element identified by ``locator``.</doc>
<msg timestamp="20230302 16:42:05.640" level="INFO">Clicking element '//input[@type='submit']'.</msg>
<status status="PASS" starttime="20230302 16:42:05.639" endtime="20230302 16:42:05.857"/>
</kw>
<kw name="Page Should Contain" library="SeleniumLibrary">
<arg>Sauce Labs</arg>
<doc>Verifies that current page contains ``text``.</doc>
<msg timestamp="20230302 16:42:05.898" level="INFO">Current page contains text 'Sauce Labs'.</msg>
<status status="PASS" starttime="20230302 16:42:05.857" endtime="20230302 16:42:05.898"/>
</kw>
<status status="PASS" starttime="20230302 16:42:05.284" endtime="20230302 16:42:05.899"/>
</kw>
<kw name="Add product to the cart" library="AddProductPage">
<kw name="Get Element Count" library="SeleniumLibrary">
<var>${count}</var>
<arg>${btn_addtocart}</arg>
<doc>Returns the number of elements matching ``locator``.</doc>
<msg timestamp="20230302 16:42:05.942" level="INFO">${count} = 6</msg>
<status status="PASS" starttime="20230302 16:42:05.900" endtime="20230302 16:42:05.942"/>
</kw>
<kw name="Log To Console" library="BuiltIn">
<arg>${count}</arg>
<doc>Logs the given message to the console.</doc>
<status status="PASS" starttime="20230302 16:42:05.943" endtime="20230302 16:42:05.944"/>
</kw>
<for flavor="IN RANGE">
<var>${i}</var>
<value>1</value>
<value>${count}+1</value>
<iter>
<var name="${i}">1</var>
<kw name="Set Selenium Speed" library="SeleniumLibrary">
<arg>0</arg>
<doc>Sets the delay that is waited after each Selenium command.</doc>
<status status="PASS" starttime="20230302 16:42:05.945" endtime="20230302 16:42:05.946"/>
</kw>
<kw name="Click Element" library="SeleniumLibrary">
<arg>${btn_addtocart} [${i}]</arg>
<doc>Click the element identified by ``locator``.</doc>
<msg timestamp="20230302 16:42:05.947" level="INFO">Clicking element '(//div[@class='inventory_item_name']) [1]'.</msg>
<status status="PASS" starttime="20230302 16:42:05.946" endtime="20230302 16:42:06.083"/>
</kw>
<kw name="Click Button" library="SeleniumLibrary">
<arg>${addToCartLocator}</arg>
<doc>Clicks the button identified by ``locator``.</doc>
<msg timestamp="20230302 16:42:06.084" level="INFO">Clicking button '//button[contains(text(),'Add to cart')]'.</msg>
<status status="PASS" starttime="20230302 16:42:06.083" endtime="20230302 16:42:06.194"/>
</kw>
<kw name="Click Button" library="SeleniumLibrary">
<arg>${backToProducts}</arg>
<doc>Clicks the button identified by ``locator``.</doc>
<msg timestamp="20230302 16:42:06.196" level="INFO">Clicking button '//button[@id='back-to-products']'.</msg>
<status status="PASS" starttime="20230302 16:42:06.195" endtime="20230302 16:42:06.367"/>
</kw>
<status status="PASS" starttime="20230302 16:42:05.944" endtime="20230302 16:42:06.367"/>
</iter>
<iter>
<var name="${i}">2</var>
<kw name="Set Selenium Speed" library="SeleniumLibrary">
<arg>0</arg>
<doc>Sets the delay that is waited after each Selenium command.</doc>
<status status="PASS" starttime="20230302 16:42:06.368" endtime="20230302 16:42:06.369"/>
</kw>
<kw name="Click Element" library="SeleniumLibrary">
<arg>${btn_addtocart} [${i}]</arg>
<doc>Click the element identified by ``locator``.</doc>
<msg timestamp="20230302 16:42:06.370" level="INFO">Clicking element '(//div[@class='inventory_item_name']) [2]'.</msg>
<status status="PASS" starttime="20230302 16:42:06.369" endtime="20230302 16:42:06.480"/>
</kw>
<kw name="Click Button" library="SeleniumLibrary">
<arg>${addToCartLocator}</arg>
<doc>Clicks the button identified by ``locator``.</doc>
<msg timestamp="20230302 16:42:06.481" level="INFO">Clicking button '//button[contains(text(),'Add to cart')]'.</msg>
<status status="PASS" starttime="20230302 16:42:06.480" endtime="20230302 16:42:06.558"/>
</kw>
<kw name="Click Button" library="SeleniumLibrary">
<arg>${backToProducts}</arg>
<doc>Clicks the button identified by ``locator``.</doc>
<msg timestamp="20230302 16:42:06.560" level="INFO">Clicking button '//button[@id='back-to-products']'.</msg>
<status status="PASS" starttime="20230302 16:42:06.559" endtime="20230302 16:42:06.653"/>
</kw>
<status status="PASS" starttime="20230302 16:42:06.368" endtime="20230302 16:42:06.653"/>
</iter>
<iter>
<var name="${i}">3</var>
<kw name="Set Selenium Speed" library="SeleniumLibrary">
<arg>0</arg>
<doc>Sets the delay that is waited after each Selenium command.</doc>
<status status="PASS" starttime="20230302 16:42:06.654" endtime="20230302 16:42:06.655"/>
</kw>
<kw name="Click Element" library="SeleniumLibrary">
<arg>${btn_addtocart} [${i}]</arg>
<doc>Click the element identified by ``locator``.</doc>
<msg timestamp="20230302 16:42:06.657" level="INFO">Clicking element '(//div[@class='inventory_item_name']) [3]'.</msg>
<status status="PASS" starttime="20230302 16:42:06.656" endtime="20230302 16:42:06.737"/>
</kw>
<kw name="Click Button" library="SeleniumLibrary">
<arg>${addToCartLocator}</arg>
<doc>Clicks the button identified by ``locator``.</doc>
<msg timestamp="20230302 16:42:06.739" level="INFO">Clicking button '//button[contains(text(),'Add to cart')]'.</msg>
<status status="PASS" starttime="20230302 16:42:06.738" endtime="20230302 16:42:06.803"/>
</kw>
<kw name="Click Button" library="SeleniumLibrary">
<arg>${backToProducts}</arg>
<doc>Clicks the button identified by ``locator``.</doc>
<msg timestamp="20230302 16:42:06.804" level="INFO">Clicking button '//button[@id='back-to-products']'.</msg>
<status status="PASS" starttime="20230302 16:42:06.803" endtime="20230302 16:42:06.874"/>
</kw>
<status status="PASS" starttime="20230302 16:42:06.654" endtime="20230302 16:42:06.874"/>
</iter>
<iter>
<var name="${i}">4</var>
<kw name="Set Selenium Speed" library="SeleniumLibrary">
<arg>0</arg>
<doc>Sets the delay that is waited after each Selenium command.</doc>
<status status="PASS" starttime="20230302 16:42:06.875" endtime="20230302 16:42:06.875"/>
</kw>
<kw name="Click Element" library="SeleniumLibrary">
<arg>${btn_addtocart} [${i}]</arg>
<doc>Click the element identified by ``locator``.</doc>
<msg timestamp="20230302 16:42:06.876" level="INFO">Clicking element '(//div[@class='inventory_item_name']) [4]'.</msg>
<status status="PASS" starttime="20230302 16:42:06.876" endtime="20230302 16:42:06.920"/>
</kw>
<kw name="Click Button" library="SeleniumLibrary">
<arg>${addToCartLocator}</arg>
<doc>Clicks the button identified by ``locator``.</doc>
<msg timestamp="20230302 16:42:06.922" level="INFO">Clicking button '//button[contains(text(),'Add to cart')]'.</msg>
<status status="PASS" starttime="20230302 16:42:06.921" endtime="20230302 16:42:06.972"/>
</kw>
<kw name="Click Button" library="SeleniumLibrary">
<arg>${backToProducts}</arg>
<doc>Clicks the button identified by ``locator``.</doc>
<msg timestamp="20230302 16:42:06.973" level="INFO">Clicking button '//button[@id='back-to-products']'.</msg>
<status status="PASS" starttime="20230302 16:42:06.972" endtime="20230302 16:42:07.033"/>
</kw>
<status status="PASS" starttime="20230302 16:42:06.875" endtime="20230302 16:42:07.033"/>
</iter>
<iter>
<var name="${i}">5</var>
<kw name="Set Selenium Speed" library="SeleniumLibrary">
<arg>0</arg>
<doc>Sets the delay that is waited after each Selenium command.</doc>
<status status="PASS" starttime="20230302 16:42:07.034" endtime="20230302 16:42:07.035"/>
</kw>
<kw name="Click Element" library="SeleniumLibrary">
<arg>${btn_addtocart} [${i}]</arg>
<doc>Click the element identified by ``locator``.</doc>
<msg timestamp="20230302 16:42:07.036" level="INFO">Clicking element '(//div[@class='inventory_item_name']) [5]'.</msg>
<status status="PASS" starttime="20230302 16:42:07.035" endtime="20230302 16:42:07.084"/>
</kw>
<kw name="Click Button" library="SeleniumLibrary">
<arg>${addToCartLocator}</arg>
<doc>Clicks the button identified by ``locator``.</doc>
<msg timestamp="20230302 16:42:07.085" level="INFO">Clicking button '//button[contains(text(),'Add to cart')]'.</msg>
<status status="PASS" starttime="20230302 16:42:07.084" endtime="20230302 16:42:07.135"/>
</kw>
<kw name="Click Button" library="SeleniumLibrary">
<arg>${backToProducts}</arg>
<doc>Clicks the button identified by ``locator``.</doc>
<msg timestamp="20230302 16:42:07.136" level="INFO">Clicking button '//button[@id='back-to-products']'.</msg>
<status status="PASS" starttime="20230302 16:42:07.135" endtime="20230302 16:42:07.195"/>
</kw>
<status status="PASS" starttime="20230302 16:42:07.033" endtime="20230302 16:42:07.195"/>
</iter>
<iter>
<var name="${i}">6</var>
<kw name="Set Selenium Speed" library="SeleniumLibrary">
<arg>0</arg>
<doc>Sets the delay that is waited after each Selenium command.</doc>
<status status="PASS" starttime="20230302 16:42:07.196" endtime="20230302 16:42:07.197"/>
</kw>
<kw name="Click Element" library="SeleniumLibrary">
<arg>${btn_addtocart} [${i}]</arg>
<doc>Click the element identified by ``locator``.</doc>
<msg timestamp="20230302 16:42:07.198" level="INFO">Clicking element '(//div[@class='inventory_item_name']) [6]'.</msg>
<status status="PASS" starttime="20230302 16:42:07.197" endtime="20230302 16:42:07.241"/>
</kw>
<kw name="Click Button" library="SeleniumLibrary">
<arg>${addToCartLocator}</arg>
<doc>Clicks the button identified by ``locator``.</doc>
<msg timestamp="20230302 16:42:07.242" level="INFO">Clicking button '//button[contains(text(),'Add to cart')]'.</msg>
<status status="PASS" starttime="20230302 16:42:07.242" endtime="20230302 16:42:07.292"/>
</kw>
<kw name="Click Button" library="SeleniumLibrary">
<arg>${backToProducts}</arg>
<doc>Clicks the button identified by ``locator``.</doc>
<msg timestamp="20230302 16:42:07.292" level="INFO">Clicking button '//button[@id='back-to-products']'.</msg>
<status status="PASS" starttime="20230302 16:42:07.292" endtime="20230302 16:42:07.354"/>
</kw>
<status status="PASS" starttime="20230302 16:42:07.195" endtime="20230302 16:42:07.354"/>
</iter>
<status status="PASS" starttime="20230302 16:42:05.944" endtime="20230302 16:42:07.354"/>
</for>
<kw name="Get Text" library="SeleniumLibrary">
<var>${count}</var>
<arg>//span[@class='shopping_cart_badge']</arg>
<doc>Returns the text value of the element identified by ``locator``.</doc>
<msg timestamp="20230302 16:42:07.390" level="INFO">${count} = 6</msg>
<status status="PASS" starttime="20230302 16:42:07.355" endtime="20230302 16:42:07.390"/>
</kw>
<kw name="Log To Console" library="BuiltIn">
<arg>${count}</arg>
<doc>Logs the given message to the console.</doc>
<status status="PASS" starttime="20230302 16:42:07.390" endtime="20230302 16:42:07.391"/>
</kw>
<kw name="Should Be Equal As Integers" library="BuiltIn">
<arg>${count}</arg>
<arg>${count}</arg>
<doc>Fails if objects are unequal after converting them to integers.</doc>
<status status="PASS" starttime="20230302 16:42:07.391" endtime="20230302 16:42:07.392"/>
</kw>
<status status="PASS" starttime="20230302 16:42:05.899" endtime="20230302 16:42:07.393"/>
</kw>
<kw name="Go to cart and order" library="AddProductPage">
<kw name="Click Element" library="SeleniumLibrary">
<arg>${btn_cart}</arg>
<doc>Click the element identified by ``locator``.</doc>
<msg timestamp="20230302 16:42:07.395" level="INFO">Clicking element '//div[@class='shopping_cart_container']'.</msg>
<status status="PASS" starttime="20230302 16:42:07.394" endtime="20230302 16:42:07.481"/>
</kw>
<kw name="Click Button" library="SeleniumLibrary">
<arg>${btn_checkout}</arg>
<doc>Clicks the button identified by ``locator``.</doc>
<msg timestamp="20230302 16:42:07.482" level="INFO">Clicking button '//button[@name='checkout']'.</msg>
<status status="PASS" starttime="20230302 16:42:07.482" endtime="20230302 16:42:07.546"/>
</kw>
<kw name="Page Should Contain" library="SeleniumLibrary">
<arg>${assert_text}</arg>
<doc>Verifies that current page contains ``text``.</doc>
<msg timestamp="20230302 16:42:07.562" level="INFO">Current page contains text 'Checkout: Your Information'.</msg>
<status status="PASS" starttime="20230302 16:42:07.546" endtime="20230302 16:42:07.562"/>
</kw>
<status status="PASS" starttime="20230302 16:42:07.393" endtime="20230302 16:42:07.562"/>
</kw>
<kw name="Add Delivery Details" library="AddProductPage">
<kw name="Set Selenium Speed" library="SeleniumLibrary">
<arg>1</arg>
<doc>Sets the delay that is waited after each Selenium command.</doc>
<status status="PASS" starttime="20230302 16:42:07.563" endtime="20230302 16:42:07.563"/>
</kw>
<kw name="Input Text" library="SeleniumLibrary">
<arg>${txt_firstname}</arg>
<arg>${firstName}</arg>
<doc>Types the given ``text`` into the text field identified by ``locator``.</doc>
<msg timestamp="20230302 16:42:07.564" level="INFO">Typing text 'raman' into text field '//input[@name='firstName']'.</msg>
<status status="PASS" starttime="20230302 16:42:07.564" endtime="20230302 16:42:10.774"/>
</kw>
<kw name="Input Text" library="SeleniumLibrary">
<arg>${txt_lastname}</arg>
<arg>${lastName}</arg>
<doc>Types the given ``text`` into the text field identified by ``locator``.</doc>
<msg timestamp="20230302 16:42:10.778" level="INFO">Typing text 'yadav' into text field '//input[@name='lastName']'.</msg>
<status status="PASS" starttime="20230302 16:42:10.776" endtime="20230302 16:42:13.986"/>
</kw>
<kw name="Input Text" library="SeleniumLibrary">
<arg>${txt_pincode}</arg>
<arg>${postalCode}</arg>
<doc>Types the given ``text`` into the text field identified by ``locator``.</doc>
<msg timestamp="20230302 16:42:13.992" level="INFO">Typing text '100257' into text field '//input[@name='postalCode']'.</msg>
<status status="PASS" starttime="20230302 16:42:13.988" endtime="20230302 16:42:17.174"/>
</kw>
<kw name="Click Element" library="SeleniumLibrary">
<arg>${btn_continue}</arg>
<doc>Click the element identified by ``locator``.</doc>
<msg timestamp="20230302 16:42:17.178" level="INFO">Clicking element '//input[@name='continue']'.</msg>
<status status="PASS" starttime="20230302 16:42:17.175" endtime="20230302 16:42:19.337"/>
</kw>
<kw name="Click Button" library="SeleniumLibrary">
<arg>${btn_finish}</arg>
<doc>Clicks the button identified by ``locator``.</doc>
<msg timestamp="20230302 16:42:19.340" level="INFO">Clicking button '//button[@name='finish']'.</msg>
<status status="PASS" starttime="20230302 16:42:19.338" endtime="20230302 16:42:24.531"/>
</kw>
<kw name="Click Button" library="SeleniumLibrary">
<arg>${btn_backtohome}</arg>
<doc>Clicks the button identified by ``locator``.</doc>
<msg timestamp="20230302 16:42:24.536" level="INFO">Clicking button '//button[@name='back-to-products']'.</msg>
<status status="PASS" starttime="20230302 16:42:24.533" endtime="20230302 16:42:29.811"/>
</kw>
<status status="PASS" starttime="20230302 16:42:07.562" endtime="20230302 16:42:29.812"/>
</kw>
<kw name="Logout from the website" library="LogoutPage">
<kw name="Click Button" library="SeleniumLibrary">
<arg>${btn_menu}</arg>
<doc>Clicks the button identified by ``locator``.</doc>
<msg timestamp="20230302 16:42:29.816" level="INFO">Clicking button '//button[@id='react-burger-menu-btn']'.</msg>
<status status="PASS" starttime="20230302 16:42:29.815" endtime="20230302 16:42:35.031"/>
</kw>
<kw name="Click Link" library="SeleniumLibrary">
<arg>Logout</arg>
<doc>Clicks a link identified by ``locator``.</doc>
<msg timestamp="20230302 16:42:35.032" level="INFO">Clicking link 'Logout'.</msg>
<status status="PASS" starttime="20230302 16:42:35.031" endtime="20230302 16:42:38.207"/>
</kw>
<status status="PASS" starttime="20230302 16:42:29.813" endtime="20230302 16:42:38.209"/>
</kw>
<kw name="Close My Browser" library="CommonPage" type="TEARDOWN">
<kw name="Close All Browsers" library="SeleniumLibrary">
<doc>Closes all open browsers and resets the browser cache.</doc>
<status status="PASS" starttime="20230302 16:42:38.212" endtime="20230302 16:42:41.314"/>
</kw>
<status status="PASS" starttime="20230302 16:42:38.210" endtime="20230302 16:42:41.315"/>
</kw>
<status status="PASS" starttime="20230302 16:42:01.607" endtime="20230302 16:42:41.315"/>
</test>
<status status="PASS" starttime="20230302 16:42:01.264" endtime="20230302 16:42:41.318"/>
</suite>
<status status="PASS" starttime="20230302 16:42:01.230" endtime="20230302 16:42:41.325"/>
</suite>
<statistics>
<total>
<stat pass="1" fail="0" skip="0">All Tests</stat>
</total>
<tag>
</tag>
<suite>
<stat pass="1" fail="0" skip="0" id="s1" name="Suites">Suites</stat>
<stat pass="1" fail="0" skip="0" id="s1-s1" name="TC2 AddProductPage">Suites.TC2 AddProductPage</stat>
</suite>
</statistics>
<errors>
</errors>
</robot>
