<?xml version="1.0" encoding="UTF-8"?>
<robot generator="Robot 5.0.1 (Python 3.10.5 on win32)" generated="20221013 16:42:02.165" rpa="false" schemaversion="3">
<suite id="s1" name="Suites">
<suite id="s1-s1" name="TC2 AddProductPage" source="C:\Users\AnkitKumar\PycharmProjects\SauceDemoRobotFramework\TestCases\TC2_AddProductPage.robot">
<test id="s1-s1-t1" name="Add Product to Cart" line="12">
<kw name="Open my Browser" library="CommonPage" type="SETUP">
<kw name="Open Browser" library="SeleniumLibrary">
<arg>${site}</arg>
<arg>${browser}</arg>
<doc>Opens a new browser instance to the optional ``url``.</doc>
<msg timestamp="20221013 16:42:02.637" level="INFO">Opening browser 'headlessChrome' to base url 'https://www.saucedemo.com/'.</msg>
<status status="PASS" starttime="20221013 16:42:02.636" endtime="20221013 16:42:05.136"/>
</kw>
<kw name="Maximize Browser Window" library="SeleniumLibrary">
<doc>Maximizes current browser window.</doc>
<status status="PASS" starttime="20221013 16:42:05.136" endtime="20221013 16:42:05.305"/>
</kw>
<status status="PASS" starttime="20221013 16:42:02.635" endtime="20221013 16:42:05.306"/>
</kw>
<kw name="Enter Login Credentials and verfiy the page" library="LoginPage">
<kw name="Set Selenium Implicit Wait" library="SeleniumLibrary">
<arg>10</arg>
<doc>Sets the implicit wait value used by Selenium.</doc>
<status status="PASS" starttime="20221013 16:42:05.307" endtime="20221013 16:42:05.311"/>
</kw>
<kw name="Input Text" library="SeleniumLibrary">
<arg>${txt_username}</arg>
<arg>${username}</arg>
<doc>Types the given ``text`` into the text field identified by ``locator``.</doc>
<msg timestamp="20221013 16:42:05.313" level="INFO">Typing text 'standard_user' into text field '//input[@placeholder='Username']'.</msg>
<status status="PASS" starttime="20221013 16:42:05.311" endtime="20221013 16:42:05.606"/>
</kw>
<kw name="Input Password" library="SeleniumLibrary">
<arg>${txt_password}</arg>
<arg>${password}</arg>
<doc>Types the given password into the text field identified by ``locator``.</doc>
<msg timestamp="20221013 16:42:05.607" level="INFO">Typing password into text field '//input[@placeholder='Password']'.</msg>
<msg timestamp="20221013 16:42:05.683" level="INFO">Temporally setting log level to: NONE</msg>
<msg timestamp="20221013 16:42:05.774" level="INFO">Log level changed from NONE to INFO.</msg>
<status status="PASS" starttime="20221013 16:42:05.606" endtime="20221013 16:42:05.774"/>
</kw>
<kw name="Click Element" library="SeleniumLibrary">
<arg>${btn_login}</arg>
<doc>Click the element identified by ``locator``.</doc>
<msg timestamp="20221013 16:42:05.775" level="INFO">Clicking element '//input[@type='submit']'.</msg>
<status status="PASS" starttime="20221013 16:42:05.774" endtime="20221013 16:42:06.051"/>
</kw>
<kw name="Page Should Contain" library="SeleniumLibrary">
<arg>Sauce Labs</arg>
<doc>Verifies that current page contains ``text``.</doc>
<msg timestamp="20221013 16:42:06.127" level="INFO">Current page contains text 'Sauce Labs'.</msg>
<status status="PASS" starttime="20221013 16:42:06.051" endtime="20221013 16:42:06.127"/>
</kw>
<status status="PASS" starttime="20221013 16:42:05.306" endtime="20221013 16:42:06.127"/>
</kw>
<kw name="Add product to the cart" library="AddProductPage">
<kw name="Get Element Count" library="SeleniumLibrary">
<var>${count}</var>
<arg>${btn_addtocart}</arg>
<doc>Returns the number of elements matching ``locator``.</doc>
<msg timestamp="20221013 16:42:06.145" level="INFO">${count} = 6</msg>
<status status="PASS" starttime="20221013 16:42:06.129" endtime="20221013 16:42:06.145"/>
</kw>
<kw name="Log To Console" library="BuiltIn">
<arg>${count}</arg>
<doc>Logs the given message to the console.</doc>
<status status="PASS" starttime="20221013 16:42:06.146" endtime="20221013 16:42:06.146"/>
</kw>
<for flavor="IN RANGE">
<var>${i}</var>
<value>1</value>
<value>${count}+1</value>
<iter>
<var name="${i}">1</var>
<kw name="Set Selenium Speed" library="SeleniumLibrary">
<arg>0</arg>
<doc>Sets the delay that is waited after each Selenium command.</doc>
<status status="PASS" starttime="20221013 16:42:06.148" endtime="20221013 16:42:06.149"/>
</kw>
<kw name="Click Element" library="SeleniumLibrary">
<arg>${btn_addtocart} [${i}]</arg>
<doc>Click the element identified by ``locator``.</doc>
<msg timestamp="20221013 16:42:06.150" level="INFO">Clicking element '(//div[@class='inventory_item_name']) [1]'.</msg>
<status status="PASS" starttime="20221013 16:42:06.149" endtime="20221013 16:42:06.259"/>
</kw>
<kw name="Click Button" library="SeleniumLibrary">
<arg>${addToCartLocator}</arg>
<doc>Clicks the button identified by ``locator``.</doc>
<msg timestamp="20221013 16:42:06.260" level="INFO">Clicking button '//button[contains(text(),'Add to cart')]'.</msg>
<status status="PASS" starttime="20221013 16:42:06.259" endtime="20221013 16:42:06.360"/>
</kw>
<kw name="Click Button" library="SeleniumLibrary">
<arg>${backToProducts}</arg>
<doc>Clicks the button identified by ``locator``.</doc>
<msg timestamp="20221013 16:42:06.361" level="INFO">Clicking button '//button[@id='back-to-products']'.</msg>
<status status="PASS" starttime="20221013 16:42:06.361" endtime="20221013 16:42:06.457"/>
</kw>
<status status="PASS" starttime="20221013 16:42:06.147" endtime="20221013 16:42:06.457"/>
</iter>
<iter>
<var name="${i}">2</var>
<kw name="Set Selenium Speed" library="SeleniumLibrary">
<arg>0</arg>
<doc>Sets the delay that is waited after each Selenium command.</doc>
<status status="PASS" starttime="20221013 16:42:06.458" endtime="20221013 16:42:06.459"/>
</kw>
<kw name="Click Element" library="SeleniumLibrary">
<arg>${btn_addtocart} [${i}]</arg>
<doc>Click the element identified by ``locator``.</doc>
<msg timestamp="20221013 16:42:06.460" level="INFO">Clicking element '(//div[@class='inventory_item_name']) [2]'.</msg>
<status status="PASS" starttime="20221013 16:42:06.459" endtime="20221013 16:42:06.531"/>
</kw>
<kw name="Click Button" library="SeleniumLibrary">
<arg>${addToCartLocator}</arg>
<doc>Clicks the button identified by ``locator``.</doc>
<msg timestamp="20221013 16:42:06.533" level="INFO">Clicking button '//button[contains(text(),'Add to cart')]'.</msg>
<status status="PASS" starttime="20221013 16:42:06.531" endtime="20221013 16:42:06.610"/>
</kw>
<kw name="Click Button" library="SeleniumLibrary">
<arg>${backToProducts}</arg>
<doc>Clicks the button identified by ``locator``.</doc>
<msg timestamp="20221013 16:42:06.612" level="INFO">Clicking button '//button[@id='back-to-products']'.</msg>
<status status="PASS" starttime="20221013 16:42:06.611" endtime="20221013 16:42:06.713"/>
</kw>
<status status="PASS" starttime="20221013 16:42:06.458" endtime="20221013 16:42:06.713"/>
</iter>
<iter>
<var name="${i}">3</var>
<kw name="Set Selenium Speed" library="SeleniumLibrary">
<arg>0</arg>
<doc>Sets the delay that is waited after each Selenium command.</doc>
<status status="PASS" starttime="20221013 16:42:06.714" endtime="20221013 16:42:06.715"/>
</kw>
<kw name="Click Element" library="SeleniumLibrary">
<arg>${btn_addtocart} [${i}]</arg>
<doc>Click the element identified by ``locator``.</doc>
<msg timestamp="20221013 16:42:06.716" level="INFO">Clicking element '(//div[@class='inventory_item_name']) [3]'.</msg>
<status status="PASS" starttime="20221013 16:42:06.715" endtime="20221013 16:42:06.916"/>
</kw>
<kw name="Click Button" library="SeleniumLibrary">
<arg>${addToCartLocator}</arg>
<doc>Clicks the button identified by ``locator``.</doc>
<msg timestamp="20221013 16:42:06.917" level="INFO">Clicking button '//button[contains(text(),'Add to cart')]'.</msg>
<status status="PASS" starttime="20221013 16:42:06.916" endtime="20221013 16:42:06.981"/>
</kw>
<kw name="Click Button" library="SeleniumLibrary">
<arg>${backToProducts}</arg>
<doc>Clicks the button identified by ``locator``.</doc>
<msg timestamp="20221013 16:42:06.982" level="INFO">Clicking button '//button[@id='back-to-products']'.</msg>
<status status="PASS" starttime="20221013 16:42:06.981" endtime="20221013 16:42:07.066"/>
</kw>
<status status="PASS" starttime="20221013 16:42:06.713" endtime="20221013 16:42:07.067"/>
</iter>
<iter>
<var name="${i}">4</var>
<kw name="Set Selenium Speed" library="SeleniumLibrary">
<arg>0</arg>
<doc>Sets the delay that is waited after each Selenium command.</doc>
<status status="PASS" starttime="20221013 16:42:07.068" endtime="20221013 16:42:07.068"/>
</kw>
<kw name="Click Element" library="SeleniumLibrary">
<arg>${btn_addtocart} [${i}]</arg>
<doc>Click the element identified by ``locator``.</doc>
<msg timestamp="20221013 16:42:07.070" level="INFO">Clicking element '(//div[@class='inventory_item_name']) [4]'.</msg>
<status status="PASS" starttime="20221013 16:42:07.069" endtime="20221013 16:42:07.128"/>
</kw>
<kw name="Click Button" library="SeleniumLibrary">
<arg>${addToCartLocator}</arg>
<doc>Clicks the button identified by ``locator``.</doc>
<msg timestamp="20221013 16:42:07.130" level="INFO">Clicking button '//button[contains(text(),'Add to cart')]'.</msg>
<status status="PASS" starttime="20221013 16:42:07.129" endtime="20221013 16:42:07.185"/>
</kw>
<kw name="Click Button" library="SeleniumLibrary">
<arg>${backToProducts}</arg>
<doc>Clicks the button identified by ``locator``.</doc>
<msg timestamp="20221013 16:42:07.186" level="INFO">Clicking button '//button[@id='back-to-products']'.</msg>
<status status="PASS" starttime="20221013 16:42:07.186" endtime="20221013 16:42:07.251"/>
</kw>
<status status="PASS" starttime="20221013 16:42:07.067" endtime="20221013 16:42:07.251"/>
</iter>
<iter>
<var name="${i}">5</var>
<kw name="Set Selenium Speed" library="SeleniumLibrary">
<arg>0</arg>
<doc>Sets the delay that is waited after each Selenium command.</doc>
<status status="PASS" starttime="20221013 16:42:07.252" endtime="20221013 16:42:07.253"/>
</kw>
<kw name="Click Element" library="SeleniumLibrary">
<arg>${btn_addtocart} [${i}]</arg>
<doc>Click the element identified by ``locator``.</doc>
<msg timestamp="20221013 16:42:07.254" level="INFO">Clicking element '(//div[@class='inventory_item_name']) [5]'.</msg>
<status status="PASS" starttime="20221013 16:42:07.253" endtime="20221013 16:42:07.345"/>
</kw>
<kw name="Click Button" library="SeleniumLibrary">
<arg>${addToCartLocator}</arg>
<doc>Clicks the button identified by ``locator``.</doc>
<msg timestamp="20221013 16:42:07.346" level="INFO">Clicking button '//button[contains(text(),'Add to cart')]'.</msg>
<status status="PASS" starttime="20221013 16:42:07.345" endtime="20221013 16:42:07.391"/>
</kw>
<kw name="Click Button" library="SeleniumLibrary">
<arg>${backToProducts}</arg>
<doc>Clicks the button identified by ``locator``.</doc>
<msg timestamp="20221013 16:42:07.391" level="INFO">Clicking button '//button[@id='back-to-products']'.</msg>
<status status="PASS" starttime="20221013 16:42:07.391" endtime="20221013 16:42:07.443"/>
</kw>
<status status="PASS" starttime="20221013 16:42:07.252" endtime="20221013 16:42:07.443"/>
</iter>
<iter>
<var name="${i}">6</var>
<kw name="Set Selenium Speed" library="SeleniumLibrary">
<arg>0</arg>
<doc>Sets the delay that is waited after each Selenium command.</doc>
<status status="PASS" starttime="20221013 16:42:07.443" endtime="20221013 16:42:07.444"/>
</kw>
<kw name="Click Element" library="SeleniumLibrary">
<arg>${btn_addtocart} [${i}]</arg>
<doc>Click the element identified by ``locator``.</doc>
<msg timestamp="20221013 16:42:07.445" level="INFO">Clicking element '(//div[@class='inventory_item_name']) [6]'.</msg>
<status status="PASS" starttime="20221013 16:42:07.444" endtime="20221013 16:42:07.494"/>
</kw>
<kw name="Click Button" library="SeleniumLibrary">
<arg>${addToCartLocator}</arg>
<doc>Clicks the button identified by ``locator``.</doc>
<msg timestamp="20221013 16:42:07.496" level="INFO">Clicking button '//button[contains(text(),'Add to cart')]'.</msg>
<status status="PASS" starttime="20221013 16:42:07.495" endtime="20221013 16:42:07.554"/>
</kw>
<kw name="Click Button" library="SeleniumLibrary">
<arg>${backToProducts}</arg>
<doc>Clicks the button identified by ``locator``.</doc>
<msg timestamp="20221013 16:42:07.555" level="INFO">Clicking button '//button[@id='back-to-products']'.</msg>
<status status="PASS" starttime="20221013 16:42:07.555" endtime="20221013 16:42:07.645"/>
</kw>
<status status="PASS" starttime="20221013 16:42:07.443" endtime="20221013 16:42:07.645"/>
</iter>
<status status="PASS" starttime="20221013 16:42:06.147" endtime="20221013 16:42:07.645"/>
</for>
<kw name="Get Text" library="SeleniumLibrary">
<var>${count}</var>
<arg>//span[@class='shopping_cart_badge']</arg>
<doc>Returns the text value of the element identified by ``locator``.</doc>
<msg timestamp="20221013 16:42:07.667" level="INFO">${count} = 6</msg>
<status status="PASS" starttime="20221013 16:42:07.646" endtime="20221013 16:42:07.667"/>
</kw>
<kw name="Log To Console" library="BuiltIn">
<arg>${count}</arg>
<doc>Logs the given message to the console.</doc>
<status status="PASS" starttime="20221013 16:42:07.668" endtime="20221013 16:42:07.668"/>
</kw>
<kw name="Should Be Equal As Integers" library="BuiltIn">
<arg>${count}</arg>
<arg>${count}</arg>
<doc>Fails if objects are unequal after converting them to integers.</doc>
<status status="PASS" starttime="20221013 16:42:07.668" endtime="20221013 16:42:07.669"/>
</kw>
<status status="PASS" starttime="20221013 16:42:06.128" endtime="20221013 16:42:07.669"/>
</kw>
<kw name="Go to cart and order" library="AddProductPage">
<kw name="Click Element" library="SeleniumLibrary">
<arg>${btn_cart}</arg>
<doc>Click the element identified by ``locator``.</doc>
<msg timestamp="20221013 16:42:07.670" level="INFO">Clicking element '//div[@class='shopping_cart_container']'.</msg>
<status status="PASS" starttime="20221013 16:42:07.669" endtime="20221013 16:42:07.720"/>
</kw>
<kw name="Click Button" library="SeleniumLibrary">
<arg>${btn_checkout}</arg>
<doc>Clicks the button identified by ``locator``.</doc>
<msg timestamp="20221013 16:42:07.721" level="INFO">Clicking button '//button[@name='checkout']'.</msg>
<status status="PASS" starttime="20221013 16:42:07.721" endtime="20221013 16:42:07.777"/>
</kw>
<kw name="Page Should Contain" library="SeleniumLibrary">
<arg>${assert_text}</arg>
<doc>Verifies that current page contains ``text``.</doc>
<msg timestamp="20221013 16:42:07.794" level="INFO">Current page contains text 'Checkout: Your Information'.</msg>
<status status="PASS" starttime="20221013 16:42:07.778" endtime="20221013 16:42:07.794"/>
</kw>
<status status="PASS" starttime="20221013 16:42:07.669" endtime="20221013 16:42:07.794"/>
</kw>
<kw name="Add Delivery Details" library="AddProductPage">
<kw name="Set Selenium Speed" library="SeleniumLibrary">
<arg>1</arg>
<doc>Sets the delay that is waited after each Selenium command.</doc>
<status status="PASS" starttime="20221013 16:42:07.796" endtime="20221013 16:42:07.796"/>
</kw>
<kw name="Input Text" library="SeleniumLibrary">
<arg>${txt_firstname}</arg>
<arg>${firstName}</arg>
<doc>Types the given ``text`` into the text field identified by ``locator``.</doc>
<msg timestamp="20221013 16:42:07.798" level="INFO">Typing text 'raman' into text field '//input[@name='firstName']'.</msg>
<status status="PASS" starttime="20221013 16:42:07.798" endtime="20221013 16:42:10.962"/>
</kw>
<kw name="Input Text" library="SeleniumLibrary">
<arg>${txt_lastname}</arg>
<arg>${lastName}</arg>
<doc>Types the given ``text`` into the text field identified by ``locator``.</doc>
<msg timestamp="20221013 16:42:10.964" level="INFO">Typing text 'yadav' into text field '//input[@name='lastName']'.</msg>
<status status="PASS" starttime="20221013 16:42:10.963" endtime="20221013 16:42:14.115"/>
</kw>
<kw name="Input Text" library="SeleniumLibrary">
<arg>${txt_pincode}</arg>
<arg>${postalCode}</arg>
<doc>Types the given ``text`` into the text field identified by ``locator``.</doc>
<msg timestamp="20221013 16:42:14.115" level="INFO">Typing text '100257' into text field '//input[@name='postalCode']'.</msg>
<status status="PASS" starttime="20221013 16:42:14.115" endtime="20221013 16:42:17.316"/>
</kw>
<kw name="Click Element" library="SeleniumLibrary">
<arg>${btn_continue}</arg>
<doc>Click the element identified by ``locator``.</doc>
<msg timestamp="20221013 16:42:17.320" level="INFO">Clicking element '//input[@name='continue']'.</msg>
<status status="PASS" starttime="20221013 16:42:17.317" endtime="20221013 16:42:19.477"/>
</kw>
<kw name="Click Button" library="SeleniumLibrary">
<arg>${btn_finish}</arg>
<doc>Clicks the button identified by ``locator``.</doc>
<msg timestamp="20221013 16:42:19.478" level="INFO">Clicking button '//button[@name='finish']'.</msg>
<status status="PASS" starttime="20221013 16:42:19.477" endtime="20221013 16:42:24.618"/>
</kw>
<kw name="Page Should Contain" library="SeleniumLibrary">
<arg>${assert_txt}</arg>
<doc>Verifies that current page contains ``text``.</doc>
<msg timestamp="20221013 16:42:26.644" level="INFO">Current page contains text 'THANK YOU FOR YOUR ORDER'.</msg>
<status status="PASS" starttime="20221013 16:42:24.619" endtime="20221013 16:42:26.644"/>
</kw>
<kw name="Click Button" library="SeleniumLibrary">
<arg>${btn_backtohome}</arg>
<doc>Clicks the button identified by ``locator``.</doc>
<msg timestamp="20221013 16:42:26.645" level="INFO">Clicking button '//button[@name='back-to-products']'.</msg>
<status status="PASS" starttime="20221013 16:42:26.644" endtime="20221013 16:42:31.838"/>
</kw>
<status status="PASS" starttime="20221013 16:42:07.795" endtime="20221013 16:42:31.842"/>
</kw>
<kw name="Logout from the website" library="LogoutPage">
<kw name="Click Button" library="SeleniumLibrary">
<arg>${btn_menu}</arg>
<doc>Clicks the button identified by ``locator``.</doc>
<msg timestamp="20221013 16:42:31.847" level="INFO">Clicking button '//button[@id='react-burger-menu-btn']'.</msg>
<status status="PASS" starttime="20221013 16:42:31.845" endtime="20221013 16:42:37.130"/>
</kw>
<kw name="Click Link" library="SeleniumLibrary">
<arg>Logout</arg>
<doc>Clicks a link identified by ``locator``.</doc>
<msg timestamp="20221013 16:42:37.133" level="INFO">Clicking link 'Logout'.</msg>
<status status="PASS" starttime="20221013 16:42:37.131" endtime="20221013 16:42:40.284"/>
</kw>
<status status="PASS" starttime="20221013 16:42:31.843" endtime="20221013 16:42:40.284"/>
</kw>
<kw name="Close My Browser" library="CommonPage" type="TEARDOWN">
<kw name="Close All Browsers" library="SeleniumLibrary">
<doc>Closes all open browsers and resets the browser cache.</doc>
<status status="PASS" starttime="20221013 16:42:40.286" endtime="20221013 16:42:43.578"/>
</kw>
<status status="PASS" starttime="20221013 16:42:40.285" endtime="20221013 16:42:43.579"/>
</kw>
<status status="PASS" starttime="20221013 16:42:02.633" endtime="20221013 16:42:43.579"/>
</test>
<status status="PASS" starttime="20221013 16:42:02.220" endtime="20221013 16:42:43.581"/>
</suite>
<status status="PASS" starttime="20221013 16:42:02.180" endtime="20221013 16:42:43.583"/>
</suite>
<statistics>
<total>
<stat pass="1" fail="0" skip="0">All Tests</stat>
</total>
<tag>
</tag>
<suite>
<stat pass="1" fail="0" skip="0" id="s1" name="Suites">Suites</stat>
<stat pass="1" fail="0" skip="0" id="s1-s1" name="TC2 AddProductPage">Suites.TC2 AddProductPage</stat>
</suite>
</statistics>
<errors>
</errors>
</robot>
