<?xml version="1.0" encoding="UTF-8"?>
<robot generator="Robot 5.0.1 (Python 3.10.5 on win32)" generated="20230302 16:23:40.137" rpa="false" schemaversion="3">
<suite id="s1" name="Suites">
<suite id="s1-s1" name="TC1 LoginPage" source="C:\Users\AnkitKumar\PycharmProjects\SauceDemoRobotFramework\TestCases\TC1_LoginPage.robot">
<test id="s1-s1-t1" name="Login in the website" line="11">
<kw name="Open my Browser" library="CommonPage" type="SETUP">
<kw name="Open Browser" library="SeleniumLibrary">
<arg>${site}</arg>
<arg>${browser}</arg>
<doc>Opens a new browser instance to the optional ``url``.</doc>
<msg timestamp="20230302 16:23:40.585" level="INFO">Opening browser 'Chrome' to base url 'https://www.saucedemo.com/'.</msg>
<status status="PASS" starttime="20230302 16:23:40.584" endtime="20230302 16:23:45.065"/>
</kw>
<kw name="Maximize Browser Window" library="SeleniumLibrary">
<doc>Maximizes current browser window.</doc>
<status status="PASS" starttime="20230302 16:23:45.065" endtime="20230302 16:23:45.255"/>
</kw>
<status status="PASS" starttime="20230302 16:23:40.583" endtime="20230302 16:23:45.255"/>
</kw>
<kw name="Enter Login Credentials and verfiy the page" library="LoginPage">
<kw name="Set Selenium Implicit Wait" library="SeleniumLibrary">
<arg>10</arg>
<doc>Sets the implicit wait value used by Selenium.</doc>
<status status="PASS" starttime="20230302 16:23:45.257" endtime="20230302 16:23:45.269"/>
</kw>
<kw name="Input Text" library="SeleniumLibrary">
<arg>${txt_username}</arg>
<arg>${username}</arg>
<doc>Types the given ``text`` into the text field identified by ``locator``.</doc>
<msg timestamp="20230302 16:23:45.271" level="INFO">Typing text 'standard_user' into text field '//input[@placeholder='Username']'.</msg>
<status status="PASS" starttime="20230302 16:23:45.270" endtime="20230302 16:23:45.698"/>
</kw>
<kw name="Input Password" library="SeleniumLibrary">
<arg>${txt_password}</arg>
<arg>${password}</arg>
<doc>Types the given password into the text field identified by ``locator``.</doc>
<msg timestamp="20230302 16:23:45.699" level="INFO">Typing password into text field '//input[@placeholder='Password']'.</msg>
<msg timestamp="20230302 16:23:45.998" level="INFO">Temporally setting log level to: NONE</msg>
<msg timestamp="20230302 16:23:46.307" level="INFO">Log level changed from NONE to INFO.</msg>
<status status="PASS" starttime="20230302 16:23:45.698" endtime="20230302 16:23:46.308"/>
</kw>
<kw name="Click Element" library="SeleniumLibrary">
<arg>${btn_login}</arg>
<doc>Click the element identified by ``locator``.</doc>
<msg timestamp="20230302 16:23:46.309" level="INFO">Clicking element '//input[@type='submit']'.</msg>
<status status="PASS" starttime="20230302 16:23:46.308" endtime="20230302 16:23:46.681"/>
</kw>
<kw name="Page Should Contain" library="SeleniumLibrary">
<arg>Sauce Labs</arg>
<doc>Verifies that current page contains ``text``.</doc>
<msg timestamp="20230302 16:23:46.738" level="INFO">Current page contains text 'Sauce Labs'.</msg>
<status status="PASS" starttime="20230302 16:23:46.681" endtime="20230302 16:23:46.738"/>
</kw>
<status status="PASS" starttime="20230302 16:23:45.256" endtime="20230302 16:23:46.739"/>
</kw>
<kw name="Logout from the website" library="LogoutPage">
<kw name="Click Button" library="SeleniumLibrary">
<arg>${btn_menu}</arg>
<doc>Clicks the button identified by ``locator``.</doc>
<msg timestamp="20230302 16:23:46.743" level="INFO">Clicking button '//button[@id='react-burger-menu-btn']'.</msg>
<status status="PASS" starttime="20230302 16:23:46.741" endtime="20230302 16:23:47.001"/>
</kw>
<kw name="Click Link" library="SeleniumLibrary">
<arg>Logout</arg>
<doc>Clicks a link identified by ``locator``.</doc>
<msg timestamp="20230302 16:23:47.002" level="INFO">Clicking link 'Logout'.</msg>
<status status="PASS" starttime="20230302 16:23:47.001" endtime="20230302 16:23:47.219"/>
</kw>
<status status="PASS" starttime="20230302 16:23:46.739" endtime="20230302 16:23:47.220"/>
</kw>
<kw name="Close My Browser" library="CommonPage" type="TEARDOWN">
<kw name="Close All Browsers" library="SeleniumLibrary">
<doc>Closes all open browsers and resets the browser cache.</doc>
<status status="PASS" starttime="20230302 16:23:47.221" endtime="20230302 16:23:53.706"/>
</kw>
<status status="PASS" starttime="20230302 16:23:47.220" endtime="20230302 16:23:53.707"/>
</kw>
<status status="PASS" starttime="20230302 16:23:40.582" endtime="20230302 16:23:53.708"/>
</test>
<status status="PASS" starttime="20230302 16:23:40.191" endtime="20230302 16:23:53.713"/>
</suite>
<status status="PASS" starttime="20230302 16:23:40.152" endtime="20230302 16:23:53.718"/>
</suite>
<statistics>
<total>
<stat pass="1" fail="0" skip="0">All Tests</stat>
</total>
<tag>
</tag>
<suite>
<stat pass="1" fail="0" skip="0" id="s1" name="Suites">Suites</stat>
<stat pass="1" fail="0" skip="0" id="s1-s1" name="TC1 LoginPage">Suites.TC1 LoginPage</stat>
</suite>
</statistics>
<errors>
</errors>
</robot>
